2019-11-03 18:23:47,812 - build - DEBUG - EntityDb(wine): add_entity(sort=u'wine', grammar_entry='cava', name=u'wine_cava')
2019-11-03 18:23:47,812 - build - DEBUG - EntityDb(wine): add_entity returns u'wine_cava'
2019-11-03 18:23:47,812 - build - DEBUG - EntityDb(wine): add_entity(sort=u'food', grammar_entry='yellow curry', name=u'food_yellowcurry')
2019-11-03 18:23:47,812 - build - DEBUG - EntityDb(wine): add_entity returns u'food_yellowcurry'
2019-11-03 18:23:47,812 - build - DEBUG - EntityDb(wine): add_entity(sort=u'wine', grammar_entry='chardonnay', name=u'wine_chardonnay')
2019-11-03 18:23:47,813 - build - DEBUG - EntityDb(wine): add_entity returns u'wine_chardonnay'
2019-11-03 18:23:47,813 - build - DEBUG - EntityDb(wine): add_entity(sort=u'food', grammar_entry='pizza', name=u'food_pizza')
2019-11-03 18:23:47,813 - build - DEBUG - EntityDb(wine): add_entity returns u'food_pizza'
2019-11-03 18:23:47,813 - build - DEBUG - EntityDb(wine): add_entity(sort=u'food', grammar_entry='pasta', name=u'food_pasta')
2019-11-03 18:23:47,813 - build - DEBUG - EntityDb(wine): add_entity returns u'food_pasta'
2019-11-03 18:23:47,813 - build - DEBUG - EntityDb(wine): add_entity(sort=u'wine', grammar_entry='sparkling', name=u'wine_sparkling')
2019-11-03 18:23:47,813 - build - DEBUG - EntityDb(wine): add_entity returns u'wine_sparkling'
2019-11-03 18:23:47,813 - build - DEBUG - EntityDb(wine): add_entity(sort=u'food', grammar_entry='italian', name=u'food_italian')
2019-11-03 18:23:47,813 - build - DEBUG - EntityDb(wine): add_entity returns u'food_italian'
2019-11-03 18:23:47,813 - build - DEBUG - EntityDb(wine): add_entity(sort=u'per_rating', grammar_entry='6', name=u'pointsix')
2019-11-03 18:23:47,813 - build - DEBUG - EntityDb(wine): add_entity returns u'pointsix'
2019-11-03 18:23:47,813 - build - DEBUG - EntityDb(wine): add_entity(sort=u'wine', grammar_entry='sangiovese', name=u'wine_sangiovese')
2019-11-03 18:23:47,813 - build - DEBUG - EntityDb(wine): add_entity returns u'wine_sangiovese'
2019-11-03 18:23:47,813 - build - DEBUG - EntityDb(wine): add_entity(sort=u'wine', grammar_entry='prosecco', name=u'wine_prosecco')
2019-11-03 18:23:47,813 - build - DEBUG - EntityDb(wine): add_entity returns u'wine_prosecco'
2019-11-03 18:23:47,813 - build - DEBUG - EntityDb(wine): add_entity(sort=u'food', grammar_entry='japanese', name=u'food_japanese')
2019-11-03 18:23:47,813 - build - DEBUG - EntityDb(wine): add_entity returns u'food_japanese'
2019-11-03 18:23:47,814 - build - DEBUG - EntityDb(wine): add_entity(sort=u'food', grammar_entry='french', name=u'food_french')
2019-11-03 18:23:47,814 - build - DEBUG - EntityDb(wine): add_entity returns u'food_french'
2019-11-03 18:23:47,814 - build - DEBUG - EntityDb(wine): add_entity(sort=u'wine', grammar_entry='pinot noir', name=u'wine_pinotnoir')
2019-11-03 18:23:47,814 - build - DEBUG - EntityDb(wine): add_entity returns u'wine_pinotnoir'
2019-11-03 18:23:47,814 - build - DEBUG - EntityDb(wine): add_entity(sort=u'per_rating', grammar_entry='7', name=u'pointseven')
2019-11-03 18:23:47,814 - build - DEBUG - EntityDb(wine): add_entity returns u'pointseven'
2019-11-03 18:23:47,814 - build - DEBUG - EntityDb(wine): add_entity(sort=u'food', grammar_entry='tuna', name=u'food_tuna')
2019-11-03 18:23:47,814 - build - DEBUG - EntityDb(wine): add_entity returns u'food_tuna'
2019-11-03 18:23:47,814 - build - DEBUG - EntityDb(wine): add_entity(sort=u'wine', grammar_entry='riesling', name=u'wine_riesling')
2019-11-03 18:23:47,814 - build - DEBUG - EntityDb(wine): add_entity returns u'wine_riesling'
2019-11-03 18:23:47,814 - build - DEBUG - EntityDb(wine): add_entity(sort=u'food', grammar_entry='chinese', name=u'food_chinese')
2019-11-03 18:23:47,814 - build - DEBUG - EntityDb(wine): add_entity returns u'food_chinese'
2019-11-03 18:23:47,814 - build - DEBUG - EntityDb(wine): add_entity(sort=u'food', grammar_entry='salmon', name=u'food_salmon')
2019-11-03 18:23:47,814 - build - DEBUG - EntityDb(wine): add_entity returns u'food_salmon'
2019-11-03 18:23:47,814 - build - DEBUG - EntityDb(wine): add_entity(sort=u'food', grammar_entry='lasagna', name=u'food_lasagna')
2019-11-03 18:23:47,814 - build - DEBUG - EntityDb(wine): add_entity returns u'food_lasagna'
2019-11-03 18:23:47,815 - build - DEBUG - EntityDb(wine): add_entity(sort=u'per_rating', grammar_entry='9', name=u'pointnine')
2019-11-03 18:23:47,815 - build - DEBUG - EntityDb(wine): add_entity returns u'pointnine'
2019-11-03 18:23:47,815 - build - DEBUG - EntityDb(wine): add_entity(sort=u'wine', grammar_entry='sherry', name=u'wine_sherry')
2019-11-03 18:23:47,815 - build - DEBUG - EntityDb(wine): add_entity returns u'wine_sherry'
2019-11-03 18:23:47,815 - build - DEBUG - EntityDb(wine): add_entity(sort=u'food', grammar_entry='steak', name=u'food_steak')
2019-11-03 18:23:47,815 - build - DEBUG - EntityDb(wine): add_entity returns u'food_steak'
2019-11-03 18:23:47,815 - build - DEBUG - EntityDb(wine): add_entity(sort=u'wine', grammar_entry='merlot', name=u'wine_merlot')
2019-11-03 18:23:47,815 - build - DEBUG - EntityDb(wine): add_entity returns u'wine_merlot'
2019-11-03 18:23:47,815 - build - DEBUG - EntityDb(wine): add_entity(sort=u'food', grammar_entry='salad', name=u'food_salad')
2019-11-03 18:23:47,815 - build - DEBUG - EntityDb(wine): add_entity returns u'food_salad'
2019-11-03 18:23:47,815 - build - DEBUG - EntityDb(wine): add_entity(sort=u'food', grammar_entry='pate', name=u'food_pate')
2019-11-03 18:23:47,815 - build - DEBUG - EntityDb(wine): add_entity returns u'food_pate'
2019-11-03 18:23:47,815 - build - DEBUG - EntityDb(wine): add_entity(sort=u'wine', grammar_entry='rose', name=u'wine_rose')
2019-11-03 18:23:47,815 - build - DEBUG - EntityDb(wine): add_entity returns u'wine_rose'
2019-11-03 18:23:47,815 - build - DEBUG - EntityDb(wine): add_entity(sort=u'food', grammar_entry='risotto', name=u'food_risotto')
2019-11-03 18:23:47,815 - build - DEBUG - EntityDb(wine): add_entity returns u'food_risotto'
2019-11-03 18:23:47,815 - build - DEBUG - EntityDb(wine): add_entity(sort=u'food', grammar_entry='paella', name=u'food_paella')
2019-11-03 18:23:47,816 - build - DEBUG - EntityDb(wine): add_entity returns u'food_paella'
2019-11-03 18:23:47,816 - build - DEBUG - EntityDb(wine): add_entity(sort=u'food', grammar_entry='spanish', name=u'food_spanish')
2019-11-03 18:23:47,816 - build - DEBUG - EntityDb(wine): add_entity returns u'food_spanish'
2019-11-03 18:23:47,816 - build - DEBUG - EntityDb(wine): add_entity(sort=u'per_rating', grammar_entry='8', name=u'pointeight')
2019-11-03 18:23:47,816 - build - DEBUG - EntityDb(wine): add_entity returns u'pointeight'
2019-11-03 18:23:47,816 - build - DEBUG - EntityDb(wine): add_entity(sort=u'per_rating', grammar_entry='5', name=u'pointfive')
2019-11-03 18:23:47,816 - build - DEBUG - EntityDb(wine): add_entity returns u'pointfive'
