2019-11-03 17:54:13,553 - session_2019-11-03T17_54_13_0 - DEBUG - Backend()
2019-11-03 17:54:23,905 - session_2019-11-03T17_54_13_0 - ERROR - Encountered an error, sending event 'BACKEND_ERROR'
Traceback (most recent call last):
  File "/home/leidoptera/venvpy/tdm7/local/lib/python2.7/site-packages/tdm/backend.py", line 100, in handle_event_from_external_queue
    self._handle_external_event(event)
  File "/home/leidoptera/venvpy/tdm7/local/lib/python2.7/site-packages/tdm/backend.py", line 113, in _handle_external_event
    resulting_events = self._send_event_through_components(event)
  File "/home/leidoptera/venvpy/tdm7/local/lib/python2.7/site-packages/tdm/backend.py", line 126, in _send_event_through_components
    responses = self._nlg.generate(events)
  File "/home/leidoptera/venvpy/tdm7/local/lib/python2.7/site-packages/tdm/nlg/component.py", line 27, in generate
    resulting_events = [result for result in all_results if result is not None]
  File "/home/leidoptera/venvpy/tdm7/local/lib/python2.7/site-packages/tdm/nlg/component.py", line 35, in _generate_events
    yield self._generator.generate(event)
  File "/home/leidoptera/venvpy/tdm7/local/lib/python2.7/site-packages/tdm/nlg/generator.py", line 26, in generate
    utterance_parts = [self._generate_utterance_part(move) for move in moves]
  File "/home/leidoptera/venvpy/tdm7/local/lib/python2.7/site-packages/tdm/nlg/generator.py", line 40, in _generate_utterance_part
    return self.move_to_string(move, ddd)
  File "/home/leidoptera/venvpy/tdm7/local/lib/python2.7/site-packages/tdm/nlg/generator.py", line 51, in move_to_string
    return self._handle_failed_generation(move, grammar, parse_exception)
  File "/home/leidoptera/venvpy/tdm7/local/lib/python2.7/site-packages/tdm/nlg/generator.py", line 61, in _handle_failed_generation
    raise GenerateError(message)
GenerateError: Generator: failed to generate move 'report(DeviceResultProposition(GetWinePairing, [food_type(food_salmon), max_price("40"), get_wine_pairing_from_api(""")], True, None), ddd_name=u'wine')' with grammar 'wine_eng_GfGrammarForDynamicEntities': Expected parse results for u'report ( DeviceResultProposition ( GetWinePairing , [ food_type ( food_salmon ) , max_price ( _STR0_ ) , get_wine_pairing_from_api ( _STR1_ " ) ] , True , None ) )' with category 'System' and grammar_path u'grammar/build/eng/wine_sem.pgf' but got none
