2019-11-03 17:57:56,424 - tdm - DEBUG - EntityDb(wine): add_entity(sort=u'wine', grammar_entry='cava', name=u'wine_cava')
2019-11-03 17:57:56,424 - tdm - DEBUG - EntityDb(wine): add_entity returns u'wine_cava'
2019-11-03 17:57:56,424 - tdm - DEBUG - EntityDb(wine): add_entity(sort=u'food', grammar_entry='yellow curry', name=u'food_yellowcurry')
2019-11-03 17:57:56,424 - tdm - DEBUG - EntityDb(wine): add_entity returns u'food_yellowcurry'
2019-11-03 17:57:56,424 - tdm - DEBUG - EntityDb(wine): add_entity(sort=u'wine', grammar_entry='chardonnay', name=u'wine_chardonnay')
2019-11-03 17:57:56,424 - tdm - DEBUG - EntityDb(wine): add_entity returns u'wine_chardonnay'
2019-11-03 17:57:56,425 - tdm - DEBUG - EntityDb(wine): add_entity(sort=u'food', grammar_entry='pizza', name=u'food_pizza')
2019-11-03 17:57:56,425 - tdm - DEBUG - EntityDb(wine): add_entity returns u'food_pizza'
2019-11-03 17:57:56,425 - tdm - DEBUG - EntityDb(wine): add_entity(sort=u'food', grammar_entry='pasta', name=u'food_pasta')
2019-11-03 17:57:56,425 - tdm - DEBUG - EntityDb(wine): add_entity returns u'food_pasta'
2019-11-03 17:57:56,425 - tdm - DEBUG - EntityDb(wine): add_entity(sort=u'wine', grammar_entry='sparkling', name=u'wine_sparkling')
2019-11-03 17:57:56,425 - tdm - DEBUG - EntityDb(wine): add_entity returns u'wine_sparkling'
2019-11-03 17:57:56,425 - tdm - DEBUG - EntityDb(wine): add_entity(sort=u'food', grammar_entry='italian', name=u'food_italian')
2019-11-03 17:57:56,425 - tdm - DEBUG - EntityDb(wine): add_entity returns u'food_italian'
2019-11-03 17:57:56,425 - tdm - DEBUG - EntityDb(wine): add_entity(sort=u'per_rating', grammar_entry='6', name=u'pointsix')
2019-11-03 17:57:56,425 - tdm - DEBUG - EntityDb(wine): add_entity returns u'pointsix'
2019-11-03 17:57:56,425 - tdm - DEBUG - EntityDb(wine): add_entity(sort=u'wine', grammar_entry='sangiovese', name=u'wine_sangiovese')
2019-11-03 17:57:56,425 - tdm - DEBUG - EntityDb(wine): add_entity returns u'wine_sangiovese'
2019-11-03 17:57:56,425 - tdm - DEBUG - EntityDb(wine): add_entity(sort=u'wine', grammar_entry='prosecco', name=u'wine_prosecco')
2019-11-03 17:57:56,425 - tdm - DEBUG - EntityDb(wine): add_entity returns u'wine_prosecco'
2019-11-03 17:57:56,425 - tdm - DEBUG - EntityDb(wine): add_entity(sort=u'food', grammar_entry='japanese', name=u'food_japanese')
2019-11-03 17:57:56,425 - tdm - DEBUG - EntityDb(wine): add_entity returns u'food_japanese'
2019-11-03 17:57:56,426 - tdm - DEBUG - EntityDb(wine): add_entity(sort=u'food', grammar_entry='french', name=u'food_french')
2019-11-03 17:57:56,426 - tdm - DEBUG - EntityDb(wine): add_entity returns u'food_french'
2019-11-03 17:57:56,426 - tdm - DEBUG - EntityDb(wine): add_entity(sort=u'wine', grammar_entry='pinot noir', name=u'wine_pinotnoir')
2019-11-03 17:57:56,426 - tdm - DEBUG - EntityDb(wine): add_entity returns u'wine_pinotnoir'
2019-11-03 17:57:56,426 - tdm - DEBUG - EntityDb(wine): add_entity(sort=u'per_rating', grammar_entry='7', name=u'pointseven')
2019-11-03 17:57:56,426 - tdm - DEBUG - EntityDb(wine): add_entity returns u'pointseven'
2019-11-03 17:57:56,426 - tdm - DEBUG - EntityDb(wine): add_entity(sort=u'food', grammar_entry='tuna', name=u'food_tuna')
2019-11-03 17:57:56,426 - tdm - DEBUG - EntityDb(wine): add_entity returns u'food_tuna'
2019-11-03 17:57:56,426 - tdm - DEBUG - EntityDb(wine): add_entity(sort=u'wine', grammar_entry='riesling', name=u'wine_riesling')
2019-11-03 17:57:56,426 - tdm - DEBUG - EntityDb(wine): add_entity returns u'wine_riesling'
2019-11-03 17:57:56,426 - tdm - DEBUG - EntityDb(wine): add_entity(sort=u'food', grammar_entry='chinese', name=u'food_chinese')
2019-11-03 17:57:56,426 - tdm - DEBUG - EntityDb(wine): add_entity returns u'food_chinese'
2019-11-03 17:57:56,426 - tdm - DEBUG - EntityDb(wine): add_entity(sort=u'food', grammar_entry='salmon', name=u'food_salmon')
2019-11-03 17:57:56,426 - tdm - DEBUG - EntityDb(wine): add_entity returns u'food_salmon'
2019-11-03 17:57:56,426 - tdm - DEBUG - EntityDb(wine): add_entity(sort=u'food', grammar_entry='lasagna', name=u'food_lasagna')
2019-11-03 17:57:56,426 - tdm - DEBUG - EntityDb(wine): add_entity returns u'food_lasagna'
2019-11-03 17:57:56,426 - tdm - DEBUG - EntityDb(wine): add_entity(sort=u'per_rating', grammar_entry='9', name=u'pointnine')
2019-11-03 17:57:56,427 - tdm - DEBUG - EntityDb(wine): add_entity returns u'pointnine'
2019-11-03 17:57:56,427 - tdm - DEBUG - EntityDb(wine): add_entity(sort=u'wine', grammar_entry='sherry', name=u'wine_sherry')
2019-11-03 17:57:56,427 - tdm - DEBUG - EntityDb(wine): add_entity returns u'wine_sherry'
2019-11-03 17:57:56,427 - tdm - DEBUG - EntityDb(wine): add_entity(sort=u'food', grammar_entry='steak', name=u'food_steak')
2019-11-03 17:57:56,427 - tdm - DEBUG - EntityDb(wine): add_entity returns u'food_steak'
2019-11-03 17:57:56,427 - tdm - DEBUG - EntityDb(wine): add_entity(sort=u'wine', grammar_entry='merlot', name=u'wine_merlot')
2019-11-03 17:57:56,427 - tdm - DEBUG - EntityDb(wine): add_entity returns u'wine_merlot'
2019-11-03 17:57:56,427 - tdm - DEBUG - EntityDb(wine): add_entity(sort=u'food', grammar_entry='salad', name=u'food_salad')
2019-11-03 17:57:56,427 - tdm - DEBUG - EntityDb(wine): add_entity returns u'food_salad'
2019-11-03 17:57:56,427 - tdm - DEBUG - EntityDb(wine): add_entity(sort=u'food', grammar_entry='pate', name=u'food_pate')
2019-11-03 17:57:56,427 - tdm - DEBUG - EntityDb(wine): add_entity returns u'food_pate'
2019-11-03 17:57:56,427 - tdm - DEBUG - EntityDb(wine): add_entity(sort=u'wine', grammar_entry='rose', name=u'wine_rose')
2019-11-03 17:57:56,427 - tdm - DEBUG - EntityDb(wine): add_entity returns u'wine_rose'
2019-11-03 17:57:56,427 - tdm - DEBUG - EntityDb(wine): add_entity(sort=u'food', grammar_entry='risotto', name=u'food_risotto')
2019-11-03 17:57:56,427 - tdm - DEBUG - EntityDb(wine): add_entity returns u'food_risotto'
2019-11-03 17:57:56,427 - tdm - DEBUG - EntityDb(wine): add_entity(sort=u'food', grammar_entry='paella', name=u'food_paella')
2019-11-03 17:57:56,427 - tdm - DEBUG - EntityDb(wine): add_entity returns u'food_paella'
2019-11-03 17:57:56,428 - tdm - DEBUG - EntityDb(wine): add_entity(sort=u'food', grammar_entry='spanish', name=u'food_spanish')
2019-11-03 17:57:56,428 - tdm - DEBUG - EntityDb(wine): add_entity returns u'food_spanish'
2019-11-03 17:57:56,428 - tdm - DEBUG - EntityDb(wine): add_entity(sort=u'per_rating', grammar_entry='8', name=u'pointeight')
2019-11-03 17:57:56,428 - tdm - DEBUG - EntityDb(wine): add_entity returns u'pointeight'
2019-11-03 17:57:56,428 - tdm - DEBUG - EntityDb(wine): add_entity(sort=u'per_rating', grammar_entry='5', name=u'pointfive')
2019-11-03 17:57:56,428 - tdm - DEBUG - EntityDb(wine): add_entity returns u'pointfive'
2019-11-03 17:57:56,428 - tdm - DEBUG - DddDb().__init__(name='ddds', default_ddds=[u'wine'])
2019-11-03 17:57:56,428 - tdm - DEBUG - DddDb(): DB file name is '/home/leidoptera/Documents/dialogue-systems2-2019/wine/wine/ddds.json'
2019-11-03 17:57:56,433 - tdm - DEBUG - FrontendConnectionHandler(id=139796400689296, session=None).open()
2019-11-03 17:57:56,434 - tdm - DEBUG - FrontendConnectionHandler(id=139796400689296, session=None).on_message({"handshake_content": {"session_id": null, "keep_session_alive": false}, "name": "Frontend"})
2019-11-03 17:57:56,434 - tdm - DEBUG - thread_manager.create_thread() with threading.active_count()=3
2019-11-03 17:57:56,434 - tdm - DEBUG - FrontendConnectionHandler(id=139796400689296, session=None)._register({"handshake_content": {"session_id": null, "keep_session_alive": false}, "name": "Frontend"})
2019-11-03 17:57:56,435 - tdm - DEBUG - thread_manager.create_thread() with threading.active_count()=4
2019-11-03 17:57:56,435 - tdm - DEBUG - Creating backend and session with id 2019-11-03T17_57_56_0.
2019-11-03 17:57:56,437 - tdm - DEBUG - FrontendConnectionHandler(id=139796400689296, session='2019-11-03T17_57_56_0'): writing {"content": "2019-11-03T17_57_56_0", "_sender": null, "_reason": null, "event_type": "SESSION_ID"}
2019-11-03 17:57:56,437 - tdm - DEBUG - FrontendConnectionHandler(id=139796400689296, session='2019-11-03T17_57_56_0'): OK
2019-11-03 17:57:56,437 - tdm - DEBUG - FrontendConnectionHandler._register: Registered in session 2019-11-03T17_57_56_0 with backend <tdm.backend.Backend object at 0x7f24e2cdde90>.
2019-11-03 17:57:56,438 - tdm - DEBUG - FrontendConnectionHandler(id=139796400689296, session='2019-11-03T17_57_56_0').on_message({"content": null, "_sender": "Frontend", "_reason": null, "event_type": "START"})
2019-11-03 17:57:56,457 - tdm - DEBUG - FrontendConnectionHandler(id=139796400689296, session='2019-11-03T17_57_56_0').on_event(Event(SET_DDD, {'ddd_name': 'wine', 'language_code': 'eng'}, sender=DmeModule, reason=None))
2019-11-03 17:57:56,457 - tdm - DEBUG - FrontendConnectionHandler(id=139796400689296, session='2019-11-03T17_57_56_0'): writing {"content": {"ddd_name": "wine", "language_code": "eng"}, "_sender": "DmeModule", "_reason": null, "event_type": "SET_DDD"}
2019-11-03 17:57:56,457 - tdm - DEBUG - FrontendConnectionHandler(id=139796400689296, session='2019-11-03T17_57_56_0'): OK
2019-11-03 17:57:56,457 - tdm - DEBUG - FrontendConnectionHandler(id=139796400689296, session='2019-11-03T17_57_56_0').on_event(Event(FACTS, [], sender=DmeModule, reason=None))
2019-11-03 17:57:56,457 - tdm - DEBUG - FrontendConnectionHandler(id=139796400689296, session='2019-11-03T17_57_56_0'): writing {"content": [], "_sender": "DmeModule", "_reason": null, "event_type": "FACTS"}
2019-11-03 17:57:56,458 - tdm - DEBUG - FrontendConnectionHandler(id=139796400689296, session='2019-11-03T17_57_56_0'): OK
2019-11-03 17:57:56,458 - tdm - DEBUG - FrontendConnectionHandler(id=139796400689296, session='2019-11-03T17_57_56_0').on_event(Event(FACTS, [], sender=DmeModule, reason=None))
2019-11-03 17:57:56,458 - tdm - DEBUG - FrontendConnectionHandler(id=139796400689296, session='2019-11-03T17_57_56_0'): writing {"content": [], "_sender": "DmeModule", "_reason": null, "event_type": "FACTS"}
2019-11-03 17:57:56,458 - tdm - DEBUG - FrontendConnectionHandler(id=139796400689296, session='2019-11-03T17_57_56_0'): OK
2019-11-03 17:57:56,458 - tdm - DEBUG - FrontendConnectionHandler(id=139796400689296, session='2019-11-03T17_57_56_0').on_event(Event(END_SYSTEM_TURN, {'passivity_duration': None, 'system_has_asked_question': True}, sender=DmeModule, reason=None))
2019-11-03 17:57:56,458 - tdm - DEBUG - FrontendConnectionHandler(id=139796400689296, session='2019-11-03T17_57_56_0'): writing {"content": {"passivity_duration": null, "system_has_asked_question": true}, "_sender": "DmeModule", "_reason": null, "event_type": "END_SYSTEM_TURN"}
2019-11-03 17:57:56,458 - tdm - DEBUG - FrontendConnectionHandler(id=139796400689296, session='2019-11-03T17_57_56_0'): OK
2019-11-03 17:57:56,458 - tdm - DEBUG - FrontendConnectionHandler(id=139796400689296, session='2019-11-03T17_57_56_0').on_event(Event(SYSTEM_UTTERANCE_TO_SPEAK, ['Do you want to get a wine pairing or get a wine recommendation?'], sender=None, reason=None))
2019-11-03 17:57:56,458 - tdm - DEBUG - FrontendConnectionHandler(id=139796400689296, session='2019-11-03T17_57_56_0'): writing {"content": ["Do you want to get a wine pairing or get a wine recommendation?"], "_sender": null, "_reason": null, "event_type": "SYSTEM_UTTERANCE_TO_SPEAK"}
2019-11-03 17:57:56,458 - tdm - DEBUG - FrontendConnectionHandler(id=139796400689296, session='2019-11-03T17_57_56_0'): OK
2019-11-03 17:57:56,459 - tdm - DEBUG - FrontendConnectionHandler(id=139796400689296, session='2019-11-03T17_57_56_0').on_event(Event(MESSAGE_TO_GUI, [Screen(top, Top, [<tdm.nlg.tdm_gui_protocol.Element instance at 0x7f24e2d045a8>])], sender=None, reason=None))
2019-11-03 17:57:56,459 - tdm - DEBUG - FrontendConnectionHandler(id=139796400689296, session='2019-11-03T17_57_56_0'): writing {"content": [{"Screen": {"elements": [{"Element": {"name": "move", "title": "", "items": [{"Item": {"attributes": null, "selected": false, "predicted": false, "value": "request(get_wine_pairing)", "title": "Get a wine pairing"}}, {"Item": {"attributes": null, "selected": false, "predicted": false, "value": "request(get_wine_recommendation)", "title": "Get a wine recommendation"}}], "format": "", "voice_browsed": false, "value": "", "template": "menu", "type": "list"}}], "name": "top", "title": "Top"}}], "_sender": null, "_reason": null, "event_type": "MESSAGE_TO_GUI"}
2019-11-03 17:57:56,459 - tdm - DEBUG - FrontendConnectionHandler(id=139796400689296, session='2019-11-03T17_57_56_0'): OK
2019-11-03 17:58:02,099 - tdm - DEBUG - FrontendConnectionHandler(id=139796400689296, session='2019-11-03T17_57_56_0').on_message({"content": [{"score": 1.0, "utterance": "get a wine pairing"}], "_sender": "TextInputComponent", "_reason": null, "event_type": "RECOGNITION"})
2019-11-03 17:58:02,142 - tdm - DEBUG - DeviceHandler.query_all(?X.food_type(X), {}, eng)
2019-11-03 17:58:02,142 - tdm - DEBUG - DeviceHandler.query_all(?X.food_type(X), {}, eng)
2019-11-03 17:58:02,143 - tdm - DEBUG - DeviceHandler.query_all(?X.food_type(X), {}, eng)
2019-11-03 17:58:02,143 - tdm - DEBUG - DeviceHandler.query_all(?X.food_type(X), {}, eng)
2019-11-03 17:58:02,160 - tdm - DEBUG - DeviceHandler.query_all(?X.food_type(X), {}, eng)
2019-11-03 17:58:02,160 - tdm - DEBUG - DeviceHandler.query_all(?X.food_type(X), {}, eng)
2019-11-03 17:58:02,163 - tdm - DEBUG - FrontendConnectionHandler(id=139796400689296, session='2019-11-03T17_57_56_0').on_event(Event(SELECTED_RECOGNITION, 'get a wine pairing', sender=DmeModule, reason=None))
2019-11-03 17:58:02,163 - tdm - DEBUG - FrontendConnectionHandler(id=139796400689296, session='2019-11-03T17_57_56_0'): writing {"content": "get a wine pairing", "_sender": "DmeModule", "_reason": null, "event_type": "SELECTED_RECOGNITION"}
2019-11-03 17:58:02,163 - tdm - DEBUG - FrontendConnectionHandler(id=139796400689296, session='2019-11-03T17_57_56_0'): OK
2019-11-03 17:58:02,163 - tdm - DEBUG - FrontendConnectionHandler(id=139796400689296, session='2019-11-03T17_57_56_0').on_event(Event(FACTS, [], sender=DmeModule, reason=None))
2019-11-03 17:58:02,163 - tdm - DEBUG - FrontendConnectionHandler(id=139796400689296, session='2019-11-03T17_57_56_0'): writing {"content": [], "_sender": "DmeModule", "_reason": null, "event_type": "FACTS"}
2019-11-03 17:58:02,164 - tdm - DEBUG - FrontendConnectionHandler(id=139796400689296, session='2019-11-03T17_57_56_0'): OK
2019-11-03 17:58:02,164 - tdm - DEBUG - FrontendConnectionHandler(id=139796400689296, session='2019-11-03T17_57_56_0').on_event(Event(FACTS, [], sender=DmeModule, reason=None))
2019-11-03 17:58:02,164 - tdm - DEBUG - FrontendConnectionHandler(id=139796400689296, session='2019-11-03T17_57_56_0'): writing {"content": [], "_sender": "DmeModule", "_reason": null, "event_type": "FACTS"}
2019-11-03 17:58:02,164 - tdm - DEBUG - FrontendConnectionHandler(id=139796400689296, session='2019-11-03T17_57_56_0'): OK
2019-11-03 17:58:02,164 - tdm - DEBUG - FrontendConnectionHandler(id=139796400689296, session='2019-11-03T17_57_56_0').on_event(Event(END_SYSTEM_TURN, {'passivity_duration': None, 'system_has_asked_question': True}, sender=DmeModule, reason=None))
2019-11-03 17:58:02,164 - tdm - DEBUG - FrontendConnectionHandler(id=139796400689296, session='2019-11-03T17_57_56_0'): writing {"content": {"passivity_duration": null, "system_has_asked_question": true}, "_sender": "DmeModule", "_reason": null, "event_type": "END_SYSTEM_TURN"}
2019-11-03 17:58:02,164 - tdm - DEBUG - FrontendConnectionHandler(id=139796400689296, session='2019-11-03T17_57_56_0'): OK
2019-11-03 17:58:02,164 - tdm - DEBUG - FrontendConnectionHandler(id=139796400689296, session='2019-11-03T17_57_56_0').on_event(Event(SYSTEM_UTTERANCE_TO_SPEAK, ['', '', 'What is the food type?'], sender=None, reason=None))
2019-11-03 17:58:02,165 - tdm - DEBUG - FrontendConnectionHandler(id=139796400689296, session='2019-11-03T17_57_56_0'): writing {"content": ["", "", "What is the food type?"], "_sender": null, "_reason": null, "event_type": "SYSTEM_UTTERANCE_TO_SPEAK"}
2019-11-03 17:58:02,165 - tdm - DEBUG - FrontendConnectionHandler(id=139796400689296, session='2019-11-03T17_57_56_0'): OK
2019-11-03 17:58:02,165 - tdm - DEBUG - FrontendConnectionHandler(id=139796400689296, session='2019-11-03T17_57_56_0').on_event(Event(MESSAGE_TO_GUI, [], sender=None, reason=None))
2019-11-03 17:58:02,165 - tdm - DEBUG - FrontendConnectionHandler(id=139796400689296, session='2019-11-03T17_57_56_0'): writing {"content": [], "_sender": null, "_reason": null, "event_type": "MESSAGE_TO_GUI"}
2019-11-03 17:58:02,165 - tdm - DEBUG - FrontendConnectionHandler(id=139796400689296, session='2019-11-03T17_57_56_0'): OK
2019-11-03 17:58:05,483 - tdm - DEBUG - FrontendConnectionHandler(id=139796400689296, session='2019-11-03T17_57_56_0').on_message({"content": [{"score": 1.0, "utterance": "salmon"}], "_sender": "TextInputComponent", "_reason": null, "event_type": "RECOGNITION"})
2019-11-03 17:58:05,510 - tdm - DEBUG - DeviceHandler.query_all(?X.food_type(X), {}, eng)
2019-11-03 17:58:05,524 - tdm - DEBUG - DeviceHandler.is_valid_parameter(food_type(food_salmon), {}, eng)
2019-11-03 17:58:05,530 - tdm - DEBUG - DeviceHandler.query_all(?X.max_price(X), {food_type(food_salmon), resolved(?X.food_type(X))}, eng)
2019-11-03 17:58:05,530 - tdm - DEBUG - DeviceHandler.query_all(?X.max_price(X), {food_type(food_salmon), resolved(?X.food_type(X))}, eng)
2019-11-03 17:58:05,532 - tdm - DEBUG - DeviceHandler.query_all(?X.max_price(X), {food_type(food_salmon), resolved(?X.food_type(X))}, eng)
2019-11-03 17:58:05,532 - tdm - DEBUG - DeviceHandler.query_all(?X.max_price(X), {food_type(food_salmon), resolved(?X.food_type(X))}, eng)
2019-11-03 17:58:05,547 - tdm - DEBUG - DeviceHandler.query_all(?X.max_price(X), {food_type(food_salmon), resolved(?X.food_type(X))}, eng)
2019-11-03 17:58:05,547 - tdm - DEBUG - DeviceHandler.query_all(?X.max_price(X), {food_type(food_salmon), resolved(?X.food_type(X))}, eng)
2019-11-03 17:58:05,550 - tdm - DEBUG - FrontendConnectionHandler(id=139796400689296, session='2019-11-03T17_57_56_0').on_event(Event(SELECTED_RECOGNITION, 'salmon', sender=DmeModule, reason=None))
2019-11-03 17:58:05,550 - tdm - DEBUG - FrontendConnectionHandler(id=139796400689296, session='2019-11-03T17_57_56_0'): writing {"content": "salmon", "_sender": "DmeModule", "_reason": null, "event_type": "SELECTED_RECOGNITION"}
2019-11-03 17:58:05,550 - tdm - DEBUG - FrontendConnectionHandler(id=139796400689296, session='2019-11-03T17_57_56_0'): OK
2019-11-03 17:58:05,551 - tdm - DEBUG - FrontendConnectionHandler(id=139796400689296, session='2019-11-03T17_57_56_0').on_event(Event(FACTS, [{'predicate': 'food_type', 'grammar_entry': 'salmon', 'value': 'food_salmon'}], sender=DmeModule, reason=None))
2019-11-03 17:58:05,551 - tdm - DEBUG - FrontendConnectionHandler(id=139796400689296, session='2019-11-03T17_57_56_0'): writing {"content": [{"predicate": "food_type", "grammar_entry": "salmon", "value": "food_salmon"}], "_sender": "DmeModule", "_reason": null, "event_type": "FACTS"}
2019-11-03 17:58:05,551 - tdm - DEBUG - FrontendConnectionHandler(id=139796400689296, session='2019-11-03T17_57_56_0'): OK
2019-11-03 17:58:05,551 - tdm - DEBUG - FrontendConnectionHandler(id=139796400689296, session='2019-11-03T17_57_56_0').on_event(Event(FACTS, [{'predicate': 'food_type', 'grammar_entry': 'salmon', 'value': 'food_salmon'}], sender=DmeModule, reason=None))
2019-11-03 17:58:05,551 - tdm - DEBUG - FrontendConnectionHandler(id=139796400689296, session='2019-11-03T17_57_56_0'): writing {"content": [{"predicate": "food_type", "grammar_entry": "salmon", "value": "food_salmon"}], "_sender": "DmeModule", "_reason": null, "event_type": "FACTS"}
2019-11-03 17:58:05,551 - tdm - DEBUG - FrontendConnectionHandler(id=139796400689296, session='2019-11-03T17_57_56_0'): OK
2019-11-03 17:58:05,551 - tdm - DEBUG - FrontendConnectionHandler(id=139796400689296, session='2019-11-03T17_57_56_0').on_event(Event(END_SYSTEM_TURN, {'passivity_duration': None, 'system_has_asked_question': True}, sender=DmeModule, reason=None))
2019-11-03 17:58:05,551 - tdm - DEBUG - FrontendConnectionHandler(id=139796400689296, session='2019-11-03T17_57_56_0'): writing {"content": {"passivity_duration": null, "system_has_asked_question": true}, "_sender": "DmeModule", "_reason": null, "event_type": "END_SYSTEM_TURN"}
2019-11-03 17:58:05,551 - tdm - DEBUG - FrontendConnectionHandler(id=139796400689296, session='2019-11-03T17_57_56_0'): OK
2019-11-03 17:58:05,552 - tdm - DEBUG - FrontendConnectionHandler(id=139796400689296, session='2019-11-03T17_57_56_0').on_event(Event(SYSTEM_UTTERANCE_TO_SPEAK, ['', 'Maximum price?'], sender=None, reason=None))
2019-11-03 17:58:05,552 - tdm - DEBUG - FrontendConnectionHandler(id=139796400689296, session='2019-11-03T17_57_56_0'): writing {"content": ["", "Maximum price?"], "_sender": null, "_reason": null, "event_type": "SYSTEM_UTTERANCE_TO_SPEAK"}
2019-11-03 17:58:05,552 - tdm - DEBUG - FrontendConnectionHandler(id=139796400689296, session='2019-11-03T17_57_56_0'): OK
2019-11-03 17:58:05,552 - tdm - DEBUG - FrontendConnectionHandler(id=139796400689296, session='2019-11-03T17_57_56_0').on_event(Event(MESSAGE_TO_GUI, [], sender=None, reason=None))
2019-11-03 17:58:05,552 - tdm - DEBUG - FrontendConnectionHandler(id=139796400689296, session='2019-11-03T17_57_56_0'): writing {"content": [], "_sender": null, "_reason": null, "event_type": "MESSAGE_TO_GUI"}
2019-11-03 17:58:05,552 - tdm - DEBUG - FrontendConnectionHandler(id=139796400689296, session='2019-11-03T17_57_56_0'): OK
2019-11-03 17:58:07,708 - tdm - DEBUG - FrontendConnectionHandler(id=139796400689296, session='2019-11-03T17_57_56_0').on_message({"content": [{"score": 1.0, "utterance": "40"}], "_sender": "TextInputComponent", "_reason": null, "event_type": "RECOGNITION"})
2019-11-03 17:58:07,711 - tdm - DEBUG - DeviceHandler.recognize(40, eng)
2019-11-03 17:58:07,716 - tdm - DEBUG - DeviceHandler.query_all(?X.max_price(X), {food_type(food_salmon), resolved(?X.food_type(X))}, eng)
2019-11-03 17:58:07,721 - tdm - DEBUG - DeviceHandler.is_valid_parameter(max_price("40"), {food_type(food_salmon), resolved(?X.food_type(X))}, eng)
2019-11-03 17:58:07,724 - tdm - DEBUG - DeviceHandler.query_all(?X.get_wine_pairing_from_api(X), {food_type(food_salmon), resolved(?X.food_type(X)), max_price("40"), resolved(?X.max_price(X))}, eng)
2019-11-03 17:58:07,725 - tdm - DEBUG - DeviceHandler invocation ID: 3ca1420fc5562df893d8f813ad75c0a4
2019-11-03 17:58:08,340 - tdm - DEBUG - DeviceHandler.perform(GetWinePairing, {food_type(food_salmon), resolved(?X.food_type(X)), max_price("40"), resolved(?X.max_price(X)), get_wine_pairing_from_api("wine_pairing_str")}, eng)
2019-11-03 17:58:08,340 - tdm - DEBUG - DeviceHandler invocation ID: 2ce3553592e3ddd252ff554b9ff6b17c
2019-11-03 17:58:08,364 - tdm - DEBUG - FrontendConnectionHandler(id=139796400689296, session='2019-11-03T17_57_56_0').on_event(Event(SELECTED_RECOGNITION, '40', sender=DmeModule, reason=None))
2019-11-03 17:58:08,364 - tdm - DEBUG - FrontendConnectionHandler(id=139796400689296, session='2019-11-03T17_57_56_0'): writing {"content": "40", "_sender": "DmeModule", "_reason": null, "event_type": "SELECTED_RECOGNITION"}
2019-11-03 17:58:08,364 - tdm - DEBUG - FrontendConnectionHandler(id=139796400689296, session='2019-11-03T17_57_56_0'): OK
2019-11-03 17:58:08,364 - tdm - DEBUG - FrontendConnectionHandler(id=139796400689296, session='2019-11-03T17_57_56_0').on_event(Event(FACTS, [{'predicate': 'food_type', 'grammar_entry': 'salmon', 'value': 'food_salmon'}, {'predicate': 'max_price', 'grammar_entry': None, 'value': '40'}, {'predicate': 'get_wine_pairing_from_api', 'grammar_entry': None, 'value': 'wine_pairing_str'}], sender=DmeModule, reason=None))
2019-11-03 17:58:08,364 - tdm - DEBUG - FrontendConnectionHandler(id=139796400689296, session='2019-11-03T17_57_56_0'): writing {"content": [{"predicate": "food_type", "grammar_entry": "salmon", "value": "food_salmon"}, {"predicate": "max_price", "grammar_entry": null, "value": "40"}, {"predicate": "get_wine_pairing_from_api", "grammar_entry": null, "value": "wine_pairing_str"}], "_sender": "DmeModule", "_reason": null, "event_type": "FACTS"}
2019-11-03 17:58:08,364 - tdm - DEBUG - FrontendConnectionHandler(id=139796400689296, session='2019-11-03T17_57_56_0'): OK
2019-11-03 17:58:08,365 - tdm - DEBUG - FrontendConnectionHandler(id=139796400689296, session='2019-11-03T17_57_56_0').on_event(Event(FACTS, [{'predicate': 'food_type', 'grammar_entry': 'salmon', 'value': 'food_salmon'}, {'predicate': 'max_price', 'grammar_entry': None, 'value': '40'}, {'predicate': 'get_wine_pairing_from_api', 'grammar_entry': None, 'value': 'wine_pairing_str'}], sender=DmeModule, reason=None))
2019-11-03 17:58:08,365 - tdm - DEBUG - FrontendConnectionHandler(id=139796400689296, session='2019-11-03T17_57_56_0'): writing {"content": [{"predicate": "food_type", "grammar_entry": "salmon", "value": "food_salmon"}, {"predicate": "max_price", "grammar_entry": null, "value": "40"}, {"predicate": "get_wine_pairing_from_api", "grammar_entry": null, "value": "wine_pairing_str"}], "_sender": "DmeModule", "_reason": null, "event_type": "FACTS"}
2019-11-03 17:58:08,365 - tdm - DEBUG - FrontendConnectionHandler(id=139796400689296, session='2019-11-03T17_57_56_0'): OK
2019-11-03 17:58:08,365 - tdm - DEBUG - FrontendConnectionHandler(id=139796400689296, session='2019-11-03T17_57_56_0').on_event(Event(END_SYSTEM_TURN, {'passivity_duration': 1.0, 'system_has_asked_question': False}, sender=DmeModule, reason=None))
2019-11-03 17:58:08,365 - tdm - DEBUG - FrontendConnectionHandler(id=139796400689296, session='2019-11-03T17_57_56_0'): writing {"content": {"passivity_duration": 1.0, "system_has_asked_question": false}, "_sender": "DmeModule", "_reason": null, "event_type": "END_SYSTEM_TURN"}
2019-11-03 17:58:08,365 - tdm - DEBUG - FrontendConnectionHandler(id=139796400689296, session='2019-11-03T17_57_56_0'): OK
2019-11-03 17:58:08,365 - tdm - DEBUG - FrontendConnectionHandler(id=139796400689296, session='2019-11-03T17_57_56_0').on_event(Event(EXPECTED_PASSIVITY_DURATION, 1.0, sender=DmeModule, reason=None))
2019-11-03 17:58:08,365 - tdm - DEBUG - FrontendConnectionHandler(id=139796400689296, session='2019-11-03T17_57_56_0'): writing {"content": 1.0, "_sender": "DmeModule", "_reason": null, "event_type": "EXPECTED_PASSIVITY_DURATION"}
2019-11-03 17:58:08,365 - tdm - DEBUG - FrontendConnectionHandler(id=139796400689296, session='2019-11-03T17_57_56_0'): OK
2019-11-03 17:58:08,366 - tdm - DEBUG - FrontendConnectionHandler(id=139796400689296, session='2019-11-03T17_57_56_0').on_event(Event(SYSTEM_UTTERANCE_TO_SPEAK, ['', 'The wine pairing is wine_pairing_str.'], sender=None, reason=None))
2019-11-03 17:58:08,366 - tdm - DEBUG - FrontendConnectionHandler(id=139796400689296, session='2019-11-03T17_57_56_0'): writing {"content": ["", "The wine pairing is wine_pairing_str."], "_sender": null, "_reason": null, "event_type": "SYSTEM_UTTERANCE_TO_SPEAK"}
2019-11-03 17:58:08,366 - tdm - DEBUG - FrontendConnectionHandler(id=139796400689296, session='2019-11-03T17_57_56_0'): OK
2019-11-03 17:58:08,366 - tdm - DEBUG - FrontendConnectionHandler(id=139796400689296, session='2019-11-03T17_57_56_0').on_event(Event(MESSAGE_TO_GUI, [Popup(The wine pairing is wine_pairing_str., elements=[])], sender=None, reason=None))
2019-11-03 17:58:08,366 - tdm - DEBUG - FrontendConnectionHandler(id=139796400689296, session='2019-11-03T17_57_56_0'): writing {"content": [{"Popup": {"elements": [], "title": "The wine pairing is wine_pairing_str."}}], "_sender": null, "_reason": null, "event_type": "MESSAGE_TO_GUI"}
2019-11-03 17:58:08,366 - tdm - DEBUG - FrontendConnectionHandler(id=139796400689296, session='2019-11-03T17_57_56_0'): OK
2019-11-03 17:58:08,366 - tdm - DEBUG - FrontendConnectionHandler(id=139796400689296, session='2019-11-03T17_57_56_0').on_event(Event(GUI.POPUP, {'options': [], 'title': 'The wine pairing is wine_pairing_str.'}, sender=None, reason=None))
2019-11-03 17:58:08,366 - tdm - DEBUG - FrontendConnectionHandler(id=139796400689296, session='2019-11-03T17_57_56_0'): writing {"content": {"options": [], "title": "The wine pairing is wine_pairing_str."}, "_sender": null, "_reason": null, "event_type": "GUI.POPUP"}
2019-11-03 17:58:08,367 - tdm - DEBUG - FrontendConnectionHandler(id=139796400689296, session='2019-11-03T17_57_56_0'): OK
2019-11-03 17:58:09,403 - tdm - DEBUG - FrontendConnectionHandler(id=139796400689296, session='2019-11-03T17_57_56_0').on_message({"content": null, "_sender": "Frontend", "_reason": null, "event_type": "PASSIVITY"})
2019-11-03 17:58:09,428 - tdm - DEBUG - FrontendConnectionHandler(id=139796400689296, session='2019-11-03T17_57_56_0').on_event(Event(FACTS, [{'predicate': 'food_type', 'grammar_entry': 'salmon', 'value': 'food_salmon'}, {'predicate': 'max_price', 'grammar_entry': None, 'value': '40'}, {'predicate': 'get_wine_pairing_from_api', 'grammar_entry': None, 'value': 'wine_pairing_str'}], sender=DmeModule, reason=None))
2019-11-03 17:58:09,428 - tdm - DEBUG - FrontendConnectionHandler(id=139796400689296, session='2019-11-03T17_57_56_0'): writing {"content": [{"predicate": "food_type", "grammar_entry": "salmon", "value": "food_salmon"}, {"predicate": "max_price", "grammar_entry": null, "value": "40"}, {"predicate": "get_wine_pairing_from_api", "grammar_entry": null, "value": "wine_pairing_str"}], "_sender": "DmeModule", "_reason": null, "event_type": "FACTS"}
2019-11-03 17:58:09,428 - tdm - DEBUG - FrontendConnectionHandler(id=139796400689296, session='2019-11-03T17_57_56_0'): OK
2019-11-03 17:58:09,428 - tdm - DEBUG - FrontendConnectionHandler(id=139796400689296, session='2019-11-03T17_57_56_0').on_event(Event(FACTS, [{'predicate': 'food_type', 'grammar_entry': 'salmon', 'value': 'food_salmon'}, {'predicate': 'max_price', 'grammar_entry': None, 'value': '40'}, {'predicate': 'get_wine_pairing_from_api', 'grammar_entry': None, 'value': 'wine_pairing_str'}], sender=DmeModule, reason=None))
2019-11-03 17:58:09,428 - tdm - DEBUG - FrontendConnectionHandler(id=139796400689296, session='2019-11-03T17_57_56_0'): writing {"content": [{"predicate": "food_type", "grammar_entry": "salmon", "value": "food_salmon"}, {"predicate": "max_price", "grammar_entry": null, "value": "40"}, {"predicate": "get_wine_pairing_from_api", "grammar_entry": null, "value": "wine_pairing_str"}], "_sender": "DmeModule", "_reason": null, "event_type": "FACTS"}
2019-11-03 17:58:09,428 - tdm - DEBUG - FrontendConnectionHandler(id=139796400689296, session='2019-11-03T17_57_56_0'): OK
2019-11-03 17:58:09,429 - tdm - DEBUG - FrontendConnectionHandler(id=139796400689296, session='2019-11-03T17_57_56_0').on_event(Event(END_SYSTEM_TURN, {'passivity_duration': None, 'system_has_asked_question': True}, sender=DmeModule, reason=None))
2019-11-03 17:58:09,429 - tdm - DEBUG - FrontendConnectionHandler(id=139796400689296, session='2019-11-03T17_57_56_0'): writing {"content": {"passivity_duration": null, "system_has_asked_question": true}, "_sender": "DmeModule", "_reason": null, "event_type": "END_SYSTEM_TURN"}
2019-11-03 17:58:09,429 - tdm - DEBUG - FrontendConnectionHandler(id=139796400689296, session='2019-11-03T17_57_56_0'): OK
2019-11-03 17:58:09,429 - tdm - DEBUG - FrontendConnectionHandler(id=139796400689296, session='2019-11-03T17_57_56_0').on_event(Event(SYSTEM_UTTERANCE_TO_SPEAK, ['Do you want to get a wine recommendation?'], sender=None, reason=None))
2019-11-03 17:58:09,429 - tdm - DEBUG - FrontendConnectionHandler(id=139796400689296, session='2019-11-03T17_57_56_0'): writing {"content": ["Do you want to get a wine recommendation?"], "_sender": null, "_reason": null, "event_type": "SYSTEM_UTTERANCE_TO_SPEAK"}
2019-11-03 17:58:09,429 - tdm - DEBUG - FrontendConnectionHandler(id=139796400689296, session='2019-11-03T17_57_56_0'): OK
2019-11-03 17:58:09,429 - tdm - DEBUG - FrontendConnectionHandler(id=139796400689296, session='2019-11-03T17_57_56_0').on_event(Event(MESSAGE_TO_GUI, [ClosePopup(), Popup(Do you want to get a wine recommendation?, elements=[])], sender=None, reason=None))
2019-11-03 17:58:09,429 - tdm - DEBUG - FrontendConnectionHandler(id=139796400689296, session='2019-11-03T17_57_56_0'): writing {"content": [{"ClosePopup": {}}, {"Popup": {"elements": [], "title": "Do you want to get a wine recommendation?"}}], "_sender": null, "_reason": null, "event_type": "MESSAGE_TO_GUI"}
2019-11-03 17:58:09,429 - tdm - DEBUG - FrontendConnectionHandler(id=139796400689296, session='2019-11-03T17_57_56_0'): OK
2019-11-03 17:58:09,430 - tdm - DEBUG - FrontendConnectionHandler(id=139796400689296, session='2019-11-03T17_57_56_0').on_event(Event(GUI.POPUP, {'options': [], 'title': 'Do you want to get a wine recommendation?'}, sender=None, reason=None))
2019-11-03 17:58:09,430 - tdm - DEBUG - FrontendConnectionHandler(id=139796400689296, session='2019-11-03T17_57_56_0'): writing {"content": {"options": [], "title": "Do you want to get a wine recommendation?"}, "_sender": null, "_reason": null, "event_type": "GUI.POPUP"}
2019-11-03 17:58:09,430 - tdm - DEBUG - FrontendConnectionHandler(id=139796400689296, session='2019-11-03T17_57_56_0'): OK
2019-11-03 17:58:44,475 - tdm - DEBUG - FrontendConnectionHandler(id=139796400689296, session='2019-11-03T17_57_56_0').on_close()
2019-11-03 17:58:44,476 - tdm - DEBUG - SessionManager.stop('2019-11-03T17_57_56_0')
2019-11-03 17:58:44,478 - tdm - DEBUG - TdmApplication.stop(): Stopping HTTP server
2019-11-03 17:58:44,478 - tdm - DEBUG - TdmApplication.stop(): Stopping IO-loop
2019-11-03 17:58:44,478 - tdm - DEBUG - TdmApplication.stop(): Stopping sessions []
