2019-11-03 18:32:14,849 - tdm - DEBUG - EntityDb(wine): add_entity(sort=u'wine', grammar_entry='cava', name=u'wine_cava')
2019-11-03 18:32:14,849 - tdm - DEBUG - EntityDb(wine): add_entity returns u'wine_cava'
2019-11-03 18:32:14,849 - tdm - DEBUG - EntityDb(wine): add_entity(sort=u'food', grammar_entry='yellow curry', name=u'food_yellowcurry')
2019-11-03 18:32:14,849 - tdm - DEBUG - EntityDb(wine): add_entity returns u'food_yellowcurry'
2019-11-03 18:32:14,849 - tdm - DEBUG - EntityDb(wine): add_entity(sort=u'wine', grammar_entry='chardonnay', name=u'wine_chardonnay')
2019-11-03 18:32:14,849 - tdm - DEBUG - EntityDb(wine): add_entity returns u'wine_chardonnay'
2019-11-03 18:32:14,849 - tdm - DEBUG - EntityDb(wine): add_entity(sort=u'food', grammar_entry='pizza', name=u'food_pizza')
2019-11-03 18:32:14,849 - tdm - DEBUG - EntityDb(wine): add_entity returns u'food_pizza'
2019-11-03 18:32:14,849 - tdm - DEBUG - EntityDb(wine): add_entity(sort=u'food', grammar_entry='pasta', name=u'food_pasta')
2019-11-03 18:32:14,849 - tdm - DEBUG - EntityDb(wine): add_entity returns u'food_pasta'
2019-11-03 18:32:14,849 - tdm - DEBUG - EntityDb(wine): add_entity(sort=u'wine', grammar_entry='sparkling', name=u'wine_sparkling')
2019-11-03 18:32:14,849 - tdm - DEBUG - EntityDb(wine): add_entity returns u'wine_sparkling'
2019-11-03 18:32:14,850 - tdm - DEBUG - EntityDb(wine): add_entity(sort=u'food', grammar_entry='italian', name=u'food_italian')
2019-11-03 18:32:14,850 - tdm - DEBUG - EntityDb(wine): add_entity returns u'food_italian'
2019-11-03 18:32:14,850 - tdm - DEBUG - EntityDb(wine): add_entity(sort=u'per_rating', grammar_entry='6', name=u'pointsix')
2019-11-03 18:32:14,850 - tdm - DEBUG - EntityDb(wine): add_entity returns u'pointsix'
2019-11-03 18:32:14,850 - tdm - DEBUG - EntityDb(wine): add_entity(sort=u'wine', grammar_entry='sangiovese', name=u'wine_sangiovese')
2019-11-03 18:32:14,850 - tdm - DEBUG - EntityDb(wine): add_entity returns u'wine_sangiovese'
2019-11-03 18:32:14,850 - tdm - DEBUG - EntityDb(wine): add_entity(sort=u'wine', grammar_entry='prosecco', name=u'wine_prosecco')
2019-11-03 18:32:14,850 - tdm - DEBUG - EntityDb(wine): add_entity returns u'wine_prosecco'
2019-11-03 18:32:14,850 - tdm - DEBUG - EntityDb(wine): add_entity(sort=u'food', grammar_entry='japanese', name=u'food_japanese')
2019-11-03 18:32:14,850 - tdm - DEBUG - EntityDb(wine): add_entity returns u'food_japanese'
2019-11-03 18:32:14,850 - tdm - DEBUG - EntityDb(wine): add_entity(sort=u'food', grammar_entry='french', name=u'food_french')
2019-11-03 18:32:14,850 - tdm - DEBUG - EntityDb(wine): add_entity returns u'food_french'
2019-11-03 18:32:14,850 - tdm - DEBUG - EntityDb(wine): add_entity(sort=u'wine', grammar_entry='pinot noir', name=u'wine_pinotnoir')
2019-11-03 18:32:14,850 - tdm - DEBUG - EntityDb(wine): add_entity returns u'wine_pinotnoir'
2019-11-03 18:32:14,850 - tdm - DEBUG - EntityDb(wine): add_entity(sort=u'per_rating', grammar_entry='7', name=u'pointseven')
2019-11-03 18:32:14,850 - tdm - DEBUG - EntityDb(wine): add_entity returns u'pointseven'
2019-11-03 18:32:14,850 - tdm - DEBUG - EntityDb(wine): add_entity(sort=u'food', grammar_entry='tuna', name=u'food_tuna')
2019-11-03 18:32:14,851 - tdm - DEBUG - EntityDb(wine): add_entity returns u'food_tuna'
2019-11-03 18:32:14,851 - tdm - DEBUG - EntityDb(wine): add_entity(sort=u'wine', grammar_entry='riesling', name=u'wine_riesling')
2019-11-03 18:32:14,851 - tdm - DEBUG - EntityDb(wine): add_entity returns u'wine_riesling'
2019-11-03 18:32:14,851 - tdm - DEBUG - EntityDb(wine): add_entity(sort=u'food', grammar_entry='chinese', name=u'food_chinese')
2019-11-03 18:32:14,851 - tdm - DEBUG - EntityDb(wine): add_entity returns u'food_chinese'
2019-11-03 18:32:14,851 - tdm - DEBUG - EntityDb(wine): add_entity(sort=u'food', grammar_entry='salmon', name=u'food_salmon')
2019-11-03 18:32:14,851 - tdm - DEBUG - EntityDb(wine): add_entity returns u'food_salmon'
2019-11-03 18:32:14,851 - tdm - DEBUG - EntityDb(wine): add_entity(sort=u'food', grammar_entry='lasagna', name=u'food_lasagna')
2019-11-03 18:32:14,851 - tdm - DEBUG - EntityDb(wine): add_entity returns u'food_lasagna'
2019-11-03 18:32:14,851 - tdm - DEBUG - EntityDb(wine): add_entity(sort=u'per_rating', grammar_entry='9', name=u'pointnine')
2019-11-03 18:32:14,851 - tdm - DEBUG - EntityDb(wine): add_entity returns u'pointnine'
2019-11-03 18:32:14,851 - tdm - DEBUG - EntityDb(wine): add_entity(sort=u'wine', grammar_entry='sherry', name=u'wine_sherry')
2019-11-03 18:32:14,851 - tdm - DEBUG - EntityDb(wine): add_entity returns u'wine_sherry'
2019-11-03 18:32:14,851 - tdm - DEBUG - EntityDb(wine): add_entity(sort=u'food', grammar_entry='steak', name=u'food_steak')
2019-11-03 18:32:14,851 - tdm - DEBUG - EntityDb(wine): add_entity returns u'food_steak'
2019-11-03 18:32:14,851 - tdm - DEBUG - EntityDb(wine): add_entity(sort=u'wine', grammar_entry='merlot', name=u'wine_merlot')
2019-11-03 18:32:14,851 - tdm - DEBUG - EntityDb(wine): add_entity returns u'wine_merlot'
2019-11-03 18:32:14,852 - tdm - DEBUG - EntityDb(wine): add_entity(sort=u'food', grammar_entry='salad', name=u'food_salad')
2019-11-03 18:32:14,852 - tdm - DEBUG - EntityDb(wine): add_entity returns u'food_salad'
2019-11-03 18:32:14,852 - tdm - DEBUG - EntityDb(wine): add_entity(sort=u'food', grammar_entry='pate', name=u'food_pate')
2019-11-03 18:32:14,852 - tdm - DEBUG - EntityDb(wine): add_entity returns u'food_pate'
2019-11-03 18:32:14,852 - tdm - DEBUG - EntityDb(wine): add_entity(sort=u'wine', grammar_entry='rose', name=u'wine_rose')
2019-11-03 18:32:14,852 - tdm - DEBUG - EntityDb(wine): add_entity returns u'wine_rose'
2019-11-03 18:32:14,852 - tdm - DEBUG - EntityDb(wine): add_entity(sort=u'food', grammar_entry='risotto', name=u'food_risotto')
2019-11-03 18:32:14,852 - tdm - DEBUG - EntityDb(wine): add_entity returns u'food_risotto'
2019-11-03 18:32:14,852 - tdm - DEBUG - EntityDb(wine): add_entity(sort=u'food', grammar_entry='paella', name=u'food_paella')
2019-11-03 18:32:14,852 - tdm - DEBUG - EntityDb(wine): add_entity returns u'food_paella'
2019-11-03 18:32:14,852 - tdm - DEBUG - EntityDb(wine): add_entity(sort=u'food', grammar_entry='spanish', name=u'food_spanish')
2019-11-03 18:32:14,852 - tdm - DEBUG - EntityDb(wine): add_entity returns u'food_spanish'
2019-11-03 18:32:14,852 - tdm - DEBUG - EntityDb(wine): add_entity(sort=u'per_rating', grammar_entry='8', name=u'pointeight')
2019-11-03 18:32:14,852 - tdm - DEBUG - EntityDb(wine): add_entity returns u'pointeight'
2019-11-03 18:32:14,852 - tdm - DEBUG - EntityDb(wine): add_entity(sort=u'per_rating', grammar_entry='5', name=u'pointfive')
2019-11-03 18:32:14,852 - tdm - DEBUG - EntityDb(wine): add_entity returns u'pointfive'
2019-11-03 18:32:14,853 - tdm - DEBUG - DddDb().__init__(name='ddds', default_ddds=[u'wine'])
2019-11-03 18:32:14,853 - tdm - DEBUG - DddDb(): DB file name is '/home/leidoptera/Documents/dialogue-systems2-2019/wine/wine/ddds.json'
2019-11-03 18:32:14,857 - tdm - DEBUG - FrontendConnectionHandler(id=140296961120848, session=None).open()
2019-11-03 18:32:14,859 - tdm - DEBUG - FrontendConnectionHandler(id=140296961120848, session=None).on_message({"handshake_content": {"session_id": null, "keep_session_alive": false}, "name": "Frontend"})
2019-11-03 18:32:14,859 - tdm - DEBUG - FrontendConnectionHandler(id=140296961120848, session=None)._register({"handshake_content": {"session_id": null, "keep_session_alive": false}, "name": "Frontend"})
2019-11-03 18:32:14,860 - tdm - DEBUG - thread_manager.create_thread() with threading.active_count()=3
2019-11-03 18:32:14,860 - tdm - DEBUG - Creating backend and session with id 2019-11-03T18_32_14_0.
2019-11-03 18:32:14,861 - tdm - DEBUG - thread_manager.create_thread() with threading.active_count()=4
2019-11-03 18:32:14,862 - tdm - DEBUG - FrontendConnectionHandler(id=140296961120848, session='2019-11-03T18_32_14_0'): writing {"content": "2019-11-03T18_32_14_0", "_sender": null, "_reason": null, "event_type": "SESSION_ID"}
2019-11-03 18:32:14,862 - tdm - DEBUG - FrontendConnectionHandler(id=140296961120848, session='2019-11-03T18_32_14_0'): OK
2019-11-03 18:32:14,862 - tdm - DEBUG - FrontendConnectionHandler._register: Registered in session 2019-11-03T18_32_14_0 with backend <tdm.backend.Backend object at 0x7f996e024510>.
2019-11-03 18:32:14,863 - tdm - DEBUG - FrontendConnectionHandler(id=140296961120848, session='2019-11-03T18_32_14_0').on_message({"content": null, "_sender": "Frontend", "_reason": null, "event_type": "START"})
2019-11-03 18:32:14,882 - tdm - DEBUG - FrontendConnectionHandler(id=140296961120848, session='2019-11-03T18_32_14_0').on_event(Event(SET_DDD, {'ddd_name': 'wine', 'language_code': 'eng'}, sender=DmeModule, reason=None))
2019-11-03 18:32:14,882 - tdm - DEBUG - FrontendConnectionHandler(id=140296961120848, session='2019-11-03T18_32_14_0'): writing {"content": {"ddd_name": "wine", "language_code": "eng"}, "_sender": "DmeModule", "_reason": null, "event_type": "SET_DDD"}
2019-11-03 18:32:14,882 - tdm - DEBUG - FrontendConnectionHandler(id=140296961120848, session='2019-11-03T18_32_14_0'): OK
2019-11-03 18:32:14,882 - tdm - DEBUG - FrontendConnectionHandler(id=140296961120848, session='2019-11-03T18_32_14_0').on_event(Event(FACTS, [], sender=DmeModule, reason=None))
2019-11-03 18:32:14,882 - tdm - DEBUG - FrontendConnectionHandler(id=140296961120848, session='2019-11-03T18_32_14_0'): writing {"content": [], "_sender": "DmeModule", "_reason": null, "event_type": "FACTS"}
2019-11-03 18:32:14,882 - tdm - DEBUG - FrontendConnectionHandler(id=140296961120848, session='2019-11-03T18_32_14_0'): OK
2019-11-03 18:32:14,882 - tdm - DEBUG - FrontendConnectionHandler(id=140296961120848, session='2019-11-03T18_32_14_0').on_event(Event(FACTS, [], sender=DmeModule, reason=None))
2019-11-03 18:32:14,882 - tdm - DEBUG - FrontendConnectionHandler(id=140296961120848, session='2019-11-03T18_32_14_0'): writing {"content": [], "_sender": "DmeModule", "_reason": null, "event_type": "FACTS"}
2019-11-03 18:32:14,882 - tdm - DEBUG - FrontendConnectionHandler(id=140296961120848, session='2019-11-03T18_32_14_0'): OK
2019-11-03 18:32:14,882 - tdm - DEBUG - FrontendConnectionHandler(id=140296961120848, session='2019-11-03T18_32_14_0').on_event(Event(END_SYSTEM_TURN, {'passivity_duration': None, 'system_has_asked_question': True}, sender=DmeModule, reason=None))
2019-11-03 18:32:14,883 - tdm - DEBUG - FrontendConnectionHandler(id=140296961120848, session='2019-11-03T18_32_14_0'): writing {"content": {"passivity_duration": null, "system_has_asked_question": true}, "_sender": "DmeModule", "_reason": null, "event_type": "END_SYSTEM_TURN"}
2019-11-03 18:32:14,883 - tdm - DEBUG - FrontendConnectionHandler(id=140296961120848, session='2019-11-03T18_32_14_0'): OK
2019-11-03 18:32:14,883 - tdm - DEBUG - FrontendConnectionHandler(id=140296961120848, session='2019-11-03T18_32_14_0').on_event(Event(SYSTEM_UTTERANCE_TO_SPEAK, ['Do you want to get a wine pairing or get a wine recommendation?'], sender=None, reason=None))
2019-11-03 18:32:14,883 - tdm - DEBUG - FrontendConnectionHandler(id=140296961120848, session='2019-11-03T18_32_14_0'): writing {"content": ["Do you want to get a wine pairing or get a wine recommendation?"], "_sender": null, "_reason": null, "event_type": "SYSTEM_UTTERANCE_TO_SPEAK"}
2019-11-03 18:32:14,883 - tdm - DEBUG - FrontendConnectionHandler(id=140296961120848, session='2019-11-03T18_32_14_0'): OK
2019-11-03 18:32:14,883 - tdm - DEBUG - FrontendConnectionHandler(id=140296961120848, session='2019-11-03T18_32_14_0').on_event(Event(MESSAGE_TO_GUI, [Screen(top, Top, [<tdm.nlg.tdm_gui_protocol.Element instance at 0x7f996e8afcf8>])], sender=None, reason=None))
2019-11-03 18:32:14,883 - tdm - DEBUG - FrontendConnectionHandler(id=140296961120848, session='2019-11-03T18_32_14_0'): writing {"content": [{"Screen": {"elements": [{"Element": {"name": "move", "title": "", "items": [{"Item": {"attributes": null, "selected": false, "predicted": false, "value": "request(get_wine_pairing)", "title": "Get a wine pairing"}}, {"Item": {"attributes": null, "selected": false, "predicted": false, "value": "request(get_wine_recommendation)", "title": "Get a wine recommendation"}}], "format": "", "voice_browsed": false, "value": "", "template": "menu", "type": "list"}}], "name": "top", "title": "Top"}}], "_sender": null, "_reason": null, "event_type": "MESSAGE_TO_GUI"}
2019-11-03 18:32:14,883 - tdm - DEBUG - FrontendConnectionHandler(id=140296961120848, session='2019-11-03T18_32_14_0'): OK
2019-11-03 18:32:16,014 - tdm - DEBUG - FrontendConnectionHandler(id=140296961120848, session='2019-11-03T18_32_14_0').on_message({"content": [{"score": 1.0, "utterance": "what is the range of the rating"}], "_sender": "TextInputComponent", "_reason": null, "event_type": "RECOGNITION"})
2019-11-03 18:32:16,058 - tdm - DEBUG - DeviceHandler.query_all(?X.ask_min_rating(X), {}, eng)
2019-11-03 18:32:16,059 - tdm - DEBUG - DeviceHandler invocation ID: b7b81f0c1310976c48027baacc4cc52d
2019-11-03 18:32:16,080 - tdm - DEBUG - FrontendConnectionHandler(id=140296961120848, session='2019-11-03T18_32_14_0').on_event(Event(SELECTED_RECOGNITION, 'what is the range of the rating', sender=DmeModule, reason=None))
2019-11-03 18:32:16,080 - tdm - DEBUG - FrontendConnectionHandler(id=140296961120848, session='2019-11-03T18_32_14_0'): writing {"content": "what is the range of the rating", "_sender": "DmeModule", "_reason": null, "event_type": "SELECTED_RECOGNITION"}
2019-11-03 18:32:16,080 - tdm - DEBUG - FrontendConnectionHandler(id=140296961120848, session='2019-11-03T18_32_14_0'): OK
2019-11-03 18:32:16,080 - tdm - DEBUG - FrontendConnectionHandler(id=140296961120848, session='2019-11-03T18_32_14_0').on_event(Event(FACTS, [{'predicate': 'ask_min_rating', 'grammar_entry': None, 'value': ''}], sender=DmeModule, reason=None))
2019-11-03 18:32:16,080 - tdm - DEBUG - FrontendConnectionHandler(id=140296961120848, session='2019-11-03T18_32_14_0'): writing {"content": [{"predicate": "ask_min_rating", "grammar_entry": null, "value": ""}], "_sender": "DmeModule", "_reason": null, "event_type": "FACTS"}
2019-11-03 18:32:16,081 - tdm - DEBUG - FrontendConnectionHandler(id=140296961120848, session='2019-11-03T18_32_14_0'): OK
2019-11-03 18:32:16,081 - tdm - DEBUG - FrontendConnectionHandler(id=140296961120848, session='2019-11-03T18_32_14_0').on_event(Event(FACTS, [{'predicate': 'ask_min_rating', 'grammar_entry': None, 'value': ''}], sender=DmeModule, reason=None))
2019-11-03 18:32:16,081 - tdm - DEBUG - FrontendConnectionHandler(id=140296961120848, session='2019-11-03T18_32_14_0'): writing {"content": [{"predicate": "ask_min_rating", "grammar_entry": null, "value": ""}], "_sender": "DmeModule", "_reason": null, "event_type": "FACTS"}
2019-11-03 18:32:16,081 - tdm - DEBUG - FrontendConnectionHandler(id=140296961120848, session='2019-11-03T18_32_14_0'): OK
2019-11-03 18:32:16,081 - tdm - DEBUG - FrontendConnectionHandler(id=140296961120848, session='2019-11-03T18_32_14_0').on_event(Event(END_SYSTEM_TURN, {'passivity_duration': 1.0, 'system_has_asked_question': False}, sender=DmeModule, reason=None))
2019-11-03 18:32:16,081 - tdm - DEBUG - FrontendConnectionHandler(id=140296961120848, session='2019-11-03T18_32_14_0'): writing {"content": {"passivity_duration": 1.0, "system_has_asked_question": false}, "_sender": "DmeModule", "_reason": null, "event_type": "END_SYSTEM_TURN"}
2019-11-03 18:32:16,081 - tdm - DEBUG - FrontendConnectionHandler(id=140296961120848, session='2019-11-03T18_32_14_0'): OK
2019-11-03 18:32:16,081 - tdm - DEBUG - FrontendConnectionHandler(id=140296961120848, session='2019-11-03T18_32_14_0').on_event(Event(EXPECTED_PASSIVITY_DURATION, 1.0, sender=DmeModule, reason=None))
2019-11-03 18:32:16,081 - tdm - DEBUG - FrontendConnectionHandler(id=140296961120848, session='2019-11-03T18_32_14_0'): writing {"content": 1.0, "_sender": "DmeModule", "_reason": null, "event_type": "EXPECTED_PASSIVITY_DURATION"}
2019-11-03 18:32:16,082 - tdm - DEBUG - FrontendConnectionHandler(id=140296961120848, session='2019-11-03T18_32_14_0'): OK
2019-11-03 18:32:16,082 - tdm - DEBUG - FrontendConnectionHandler(id=140296961120848, session='2019-11-03T18_32_14_0').on_event(Event(SYSTEM_UTTERANCE_TO_SPEAK, ['The rating can be from 5 to 9.'], sender=None, reason=None))
2019-11-03 18:32:16,082 - tdm - DEBUG - FrontendConnectionHandler(id=140296961120848, session='2019-11-03T18_32_14_0'): writing {"content": ["The rating can be from 5 to 9."], "_sender": null, "_reason": null, "event_type": "SYSTEM_UTTERANCE_TO_SPEAK"}
2019-11-03 18:32:16,082 - tdm - DEBUG - FrontendConnectionHandler(id=140296961120848, session='2019-11-03T18_32_14_0'): OK
2019-11-03 18:32:16,082 - tdm - DEBUG - FrontendConnectionHandler(id=140296961120848, session='2019-11-03T18_32_14_0').on_event(Event(MESSAGE_TO_GUI, [Popup(The rating can be from 5 to 9., elements=[])], sender=None, reason=None))
2019-11-03 18:32:16,082 - tdm - DEBUG - FrontendConnectionHandler(id=140296961120848, session='2019-11-03T18_32_14_0'): writing {"content": [{"Popup": {"elements": [], "title": "The rating can be from 5 to 9."}}], "_sender": null, "_reason": null, "event_type": "MESSAGE_TO_GUI"}
2019-11-03 18:32:16,082 - tdm - DEBUG - FrontendConnectionHandler(id=140296961120848, session='2019-11-03T18_32_14_0'): OK
2019-11-03 18:32:16,082 - tdm - DEBUG - FrontendConnectionHandler(id=140296961120848, session='2019-11-03T18_32_14_0').on_event(Event(GUI.POPUP, {'options': [], 'title': 'The rating can be from 5 to 9.'}, sender=None, reason=None))
2019-11-03 18:32:16,082 - tdm - DEBUG - FrontendConnectionHandler(id=140296961120848, session='2019-11-03T18_32_14_0'): writing {"content": {"options": [], "title": "The rating can be from 5 to 9."}, "_sender": null, "_reason": null, "event_type": "GUI.POPUP"}
2019-11-03 18:32:16,082 - tdm - DEBUG - FrontendConnectionHandler(id=140296961120848, session='2019-11-03T18_32_14_0'): OK
2019-11-03 18:32:17,131 - tdm - DEBUG - FrontendConnectionHandler(id=140296961120848, session='2019-11-03T18_32_14_0').on_message({"content": null, "_sender": "Frontend", "_reason": null, "event_type": "PASSIVITY"})
2019-11-03 18:32:17,196 - tdm - DEBUG - FrontendConnectionHandler(id=140296961120848, session='2019-11-03T18_32_14_0').on_event(Event(FACTS, [], sender=DmeModule, reason=None))
2019-11-03 18:32:17,196 - tdm - DEBUG - FrontendConnectionHandler(id=140296961120848, session='2019-11-03T18_32_14_0'): writing {"content": [], "_sender": "DmeModule", "_reason": null, "event_type": "FACTS"}
2019-11-03 18:32:17,196 - tdm - DEBUG - FrontendConnectionHandler(id=140296961120848, session='2019-11-03T18_32_14_0'): OK
2019-11-03 18:32:17,196 - tdm - DEBUG - FrontendConnectionHandler(id=140296961120848, session='2019-11-03T18_32_14_0').on_event(Event(FACTS, [], sender=DmeModule, reason=None))
2019-11-03 18:32:17,196 - tdm - DEBUG - FrontendConnectionHandler(id=140296961120848, session='2019-11-03T18_32_14_0'): writing {"content": [], "_sender": "DmeModule", "_reason": null, "event_type": "FACTS"}
2019-11-03 18:32:17,196 - tdm - DEBUG - FrontendConnectionHandler(id=140296961120848, session='2019-11-03T18_32_14_0'): OK
2019-11-03 18:32:17,196 - tdm - DEBUG - FrontendConnectionHandler(id=140296961120848, session='2019-11-03T18_32_14_0').on_event(Event(END_SYSTEM_TURN, {'passivity_duration': None, 'system_has_asked_question': True}, sender=DmeModule, reason=None))
2019-11-03 18:32:17,196 - tdm - DEBUG - FrontendConnectionHandler(id=140296961120848, session='2019-11-03T18_32_14_0'): writing {"content": {"passivity_duration": null, "system_has_asked_question": true}, "_sender": "DmeModule", "_reason": null, "event_type": "END_SYSTEM_TURN"}
2019-11-03 18:32:17,197 - tdm - DEBUG - FrontendConnectionHandler(id=140296961120848, session='2019-11-03T18_32_14_0'): OK
2019-11-03 18:32:17,197 - tdm - DEBUG - FrontendConnectionHandler(id=140296961120848, session='2019-11-03T18_32_14_0').on_event(Event(SYSTEM_UTTERANCE_TO_SPEAK, ['Returning to top.', 'Do you want to get a wine pairing or get a wine recommendation?'], sender=None, reason=None))
2019-11-03 18:32:17,197 - tdm - DEBUG - FrontendConnectionHandler(id=140296961120848, session='2019-11-03T18_32_14_0'): writing {"content": ["Returning to top.", "Do you want to get a wine pairing or get a wine recommendation?"], "_sender": null, "_reason": null, "event_type": "SYSTEM_UTTERANCE_TO_SPEAK"}
2019-11-03 18:32:17,197 - tdm - DEBUG - FrontendConnectionHandler(id=140296961120848, session='2019-11-03T18_32_14_0'): OK
2019-11-03 18:32:17,197 - tdm - DEBUG - FrontendConnectionHandler(id=140296961120848, session='2019-11-03T18_32_14_0').on_event(Event(MESSAGE_TO_GUI, [ClosePopup(), Screen(top, Top, [<tdm.nlg.tdm_gui_protocol.Element instance at 0x7f996e91bbd8>])], sender=None, reason=None))
2019-11-03 18:32:17,197 - tdm - DEBUG - FrontendConnectionHandler(id=140296961120848, session='2019-11-03T18_32_14_0'): writing {"content": [{"ClosePopup": {}}, {"Screen": {"elements": [{"Element": {"name": "move", "title": "", "items": [{"Item": {"attributes": null, "selected": false, "predicted": false, "value": "request(get_wine_pairing)", "title": "Get a wine pairing"}}, {"Item": {"attributes": null, "selected": false, "predicted": false, "value": "request(get_wine_recommendation)", "title": "Get a wine recommendation"}}], "format": "", "voice_browsed": false, "value": "", "template": "menu", "type": "list"}}], "name": "top", "title": "Top"}}], "_sender": null, "_reason": null, "event_type": "MESSAGE_TO_GUI"}
2019-11-03 18:32:17,197 - tdm - DEBUG - FrontendConnectionHandler(id=140296961120848, session='2019-11-03T18_32_14_0'): OK
2019-11-03 18:32:17,509 - tdm - DEBUG - FrontendConnectionHandler(id=140296961120848, session='2019-11-03T18_32_14_0').on_close()
2019-11-03 18:32:17,510 - tdm - DEBUG - SessionManager.stop('2019-11-03T18_32_14_0')
2019-11-03 18:32:17,512 - tdm - DEBUG - TdmApplication.stop(): Stopping HTTP server
2019-11-03 18:32:17,512 - tdm - DEBUG - TdmApplication.stop(): Stopping IO-loop
2019-11-03 18:32:17,513 - tdm - DEBUG - TdmApplication.stop(): Stopping sessions []
