2019-11-03 17:53:00,535 - tdm - DEBUG - EntityDb(wine): add_entity(sort=u'wine', grammar_entry='cava', name=u'wine_cava')
2019-11-03 17:53:00,535 - tdm - DEBUG - EntityDb(wine): add_entity returns u'wine_cava'
2019-11-03 17:53:00,535 - tdm - DEBUG - EntityDb(wine): add_entity(sort=u'food', grammar_entry='yellow curry', name=u'food_yellowcurry')
2019-11-03 17:53:00,535 - tdm - DEBUG - EntityDb(wine): add_entity returns u'food_yellowcurry'
2019-11-03 17:53:00,535 - tdm - DEBUG - EntityDb(wine): add_entity(sort=u'wine', grammar_entry='chardonnay', name=u'wine_chardonnay')
2019-11-03 17:53:00,535 - tdm - DEBUG - EntityDb(wine): add_entity returns u'wine_chardonnay'
2019-11-03 17:53:00,535 - tdm - DEBUG - EntityDb(wine): add_entity(sort=u'food', grammar_entry='pizza', name=u'food_pizza')
2019-11-03 17:53:00,535 - tdm - DEBUG - EntityDb(wine): add_entity returns u'food_pizza'
2019-11-03 17:53:00,535 - tdm - DEBUG - EntityDb(wine): add_entity(sort=u'food', grammar_entry='pasta', name=u'food_pasta')
2019-11-03 17:53:00,536 - tdm - DEBUG - EntityDb(wine): add_entity returns u'food_pasta'
2019-11-03 17:53:00,536 - tdm - DEBUG - EntityDb(wine): add_entity(sort=u'wine', grammar_entry='sparkling', name=u'wine_sparkling')
2019-11-03 17:53:00,536 - tdm - DEBUG - EntityDb(wine): add_entity returns u'wine_sparkling'
2019-11-03 17:53:00,536 - tdm - DEBUG - EntityDb(wine): add_entity(sort=u'food', grammar_entry='italian', name=u'food_italian')
2019-11-03 17:53:00,536 - tdm - DEBUG - EntityDb(wine): add_entity returns u'food_italian'
2019-11-03 17:53:00,536 - tdm - DEBUG - EntityDb(wine): add_entity(sort=u'per_rating', grammar_entry='6', name=u'pointsix')
2019-11-03 17:53:00,536 - tdm - DEBUG - EntityDb(wine): add_entity returns u'pointsix'
2019-11-03 17:53:00,536 - tdm - DEBUG - EntityDb(wine): add_entity(sort=u'wine', grammar_entry='sangiovese', name=u'wine_sangiovese')
2019-11-03 17:53:00,536 - tdm - DEBUG - EntityDb(wine): add_entity returns u'wine_sangiovese'
2019-11-03 17:53:00,536 - tdm - DEBUG - EntityDb(wine): add_entity(sort=u'wine', grammar_entry='prosecco', name=u'wine_prosecco')
2019-11-03 17:53:00,536 - tdm - DEBUG - EntityDb(wine): add_entity returns u'wine_prosecco'
2019-11-03 17:53:00,536 - tdm - DEBUG - EntityDb(wine): add_entity(sort=u'food', grammar_entry='japanese', name=u'food_japanese')
2019-11-03 17:53:00,536 - tdm - DEBUG - EntityDb(wine): add_entity returns u'food_japanese'
2019-11-03 17:53:00,536 - tdm - DEBUG - EntityDb(wine): add_entity(sort=u'food', grammar_entry='french', name=u'food_french')
2019-11-03 17:53:00,536 - tdm - DEBUG - EntityDb(wine): add_entity returns u'food_french'
2019-11-03 17:53:00,537 - tdm - DEBUG - EntityDb(wine): add_entity(sort=u'wine', grammar_entry='pinot noir', name=u'wine_pinotnoir')
2019-11-03 17:53:00,537 - tdm - DEBUG - EntityDb(wine): add_entity returns u'wine_pinotnoir'
2019-11-03 17:53:00,537 - tdm - DEBUG - EntityDb(wine): add_entity(sort=u'per_rating', grammar_entry='7', name=u'pointseven')
2019-11-03 17:53:00,537 - tdm - DEBUG - EntityDb(wine): add_entity returns u'pointseven'
2019-11-03 17:53:00,537 - tdm - DEBUG - EntityDb(wine): add_entity(sort=u'food', grammar_entry='tuna', name=u'food_tuna')
2019-11-03 17:53:00,537 - tdm - DEBUG - EntityDb(wine): add_entity returns u'food_tuna'
2019-11-03 17:53:00,537 - tdm - DEBUG - EntityDb(wine): add_entity(sort=u'wine', grammar_entry='riesling', name=u'wine_riesling')
2019-11-03 17:53:00,537 - tdm - DEBUG - EntityDb(wine): add_entity returns u'wine_riesling'
2019-11-03 17:53:00,537 - tdm - DEBUG - EntityDb(wine): add_entity(sort=u'food', grammar_entry='chinese', name=u'food_chinese')
2019-11-03 17:53:00,537 - tdm - DEBUG - EntityDb(wine): add_entity returns u'food_chinese'
2019-11-03 17:53:00,537 - tdm - DEBUG - EntityDb(wine): add_entity(sort=u'food', grammar_entry='salmon', name=u'food_salmon')
2019-11-03 17:53:00,537 - tdm - DEBUG - EntityDb(wine): add_entity returns u'food_salmon'
2019-11-03 17:53:00,537 - tdm - DEBUG - EntityDb(wine): add_entity(sort=u'food', grammar_entry='lasagna', name=u'food_lasagna')
2019-11-03 17:53:00,537 - tdm - DEBUG - EntityDb(wine): add_entity returns u'food_lasagna'
2019-11-03 17:53:00,537 - tdm - DEBUG - EntityDb(wine): add_entity(sort=u'per_rating', grammar_entry='9', name=u'pointnine')
2019-11-03 17:53:00,537 - tdm - DEBUG - EntityDb(wine): add_entity returns u'pointnine'
2019-11-03 17:53:00,538 - tdm - DEBUG - EntityDb(wine): add_entity(sort=u'wine', grammar_entry='sherry', name=u'wine_sherry')
2019-11-03 17:53:00,538 - tdm - DEBUG - EntityDb(wine): add_entity returns u'wine_sherry'
2019-11-03 17:53:00,538 - tdm - DEBUG - EntityDb(wine): add_entity(sort=u'food', grammar_entry='steak', name=u'food_steak')
2019-11-03 17:53:00,538 - tdm - DEBUG - EntityDb(wine): add_entity returns u'food_steak'
2019-11-03 17:53:00,538 - tdm - DEBUG - EntityDb(wine): add_entity(sort=u'wine', grammar_entry='merlot', name=u'wine_merlot')
2019-11-03 17:53:00,538 - tdm - DEBUG - EntityDb(wine): add_entity returns u'wine_merlot'
2019-11-03 17:53:00,538 - tdm - DEBUG - EntityDb(wine): add_entity(sort=u'food', grammar_entry='salad', name=u'food_salad')
2019-11-03 17:53:00,538 - tdm - DEBUG - EntityDb(wine): add_entity returns u'food_salad'
2019-11-03 17:53:00,538 - tdm - DEBUG - EntityDb(wine): add_entity(sort=u'food', grammar_entry='pate', name=u'food_pate')
2019-11-03 17:53:00,538 - tdm - DEBUG - EntityDb(wine): add_entity returns u'food_pate'
2019-11-03 17:53:00,538 - tdm - DEBUG - EntityDb(wine): add_entity(sort=u'wine', grammar_entry='rose', name=u'wine_rose')
2019-11-03 17:53:00,538 - tdm - DEBUG - EntityDb(wine): add_entity returns u'wine_rose'
2019-11-03 17:53:00,538 - tdm - DEBUG - EntityDb(wine): add_entity(sort=u'food', grammar_entry='risotto', name=u'food_risotto')
2019-11-03 17:53:00,538 - tdm - DEBUG - EntityDb(wine): add_entity returns u'food_risotto'
2019-11-03 17:53:00,538 - tdm - DEBUG - EntityDb(wine): add_entity(sort=u'food', grammar_entry='paella', name=u'food_paella')
2019-11-03 17:53:00,538 - tdm - DEBUG - EntityDb(wine): add_entity returns u'food_paella'
2019-11-03 17:53:00,538 - tdm - DEBUG - EntityDb(wine): add_entity(sort=u'food', grammar_entry='spanish', name=u'food_spanish')
2019-11-03 17:53:00,538 - tdm - DEBUG - EntityDb(wine): add_entity returns u'food_spanish'
2019-11-03 17:53:00,539 - tdm - DEBUG - EntityDb(wine): add_entity(sort=u'per_rating', grammar_entry='8', name=u'pointeight')
2019-11-03 17:53:00,539 - tdm - DEBUG - EntityDb(wine): add_entity returns u'pointeight'
2019-11-03 17:53:00,539 - tdm - DEBUG - EntityDb(wine): add_entity(sort=u'per_rating', grammar_entry='5', name=u'pointfive')
2019-11-03 17:53:00,539 - tdm - DEBUG - EntityDb(wine): add_entity returns u'pointfive'
2019-11-03 17:53:00,539 - tdm - DEBUG - DddDb().__init__(name='ddds', default_ddds=[u'wine'])
2019-11-03 17:53:00,539 - tdm - DEBUG - DddDb(): DB file name is '/home/leidoptera/Documents/dialogue-systems2-2019/wine/wine/ddds.json'
2019-11-03 17:53:00,565 - tdm - DEBUG - FrontendConnectionHandler(id=140574868975696, session=None).open()
2019-11-03 17:53:00,566 - tdm - DEBUG - FrontendConnectionHandler(id=140574868975696, session=None).on_message({"handshake_content": {"session_id": null, "keep_session_alive": false}, "name": "Frontend"})
2019-11-03 17:53:00,575 - tdm - DEBUG - FrontendConnectionHandler(id=140574868975696, session=None)._register({"handshake_content": {"session_id": null, "keep_session_alive": false}, "name": "Frontend"})
2019-11-03 17:53:00,576 - tdm - DEBUG - thread_manager.create_thread() with threading.active_count()=3
2019-11-03 17:53:00,577 - tdm - DEBUG - thread_manager.create_thread() with threading.active_count()=4
2019-11-03 17:53:00,577 - tdm - DEBUG - Creating backend and session with id 2019-11-03T17_53_00_0.
2019-11-03 17:53:00,579 - tdm - DEBUG - FrontendConnectionHandler(id=140574868975696, session='2019-11-03T17_53_00_0'): writing {"content": "2019-11-03T17_53_00_0", "_sender": null, "_reason": null, "event_type": "SESSION_ID"}
2019-11-03 17:53:00,579 - tdm - DEBUG - FrontendConnectionHandler(id=140574868975696, session='2019-11-03T17_53_00_0'): OK
2019-11-03 17:53:00,579 - tdm - DEBUG - FrontendConnectionHandler._register: Registered in session 2019-11-03T17_53_00_0 with backend <tdm.backend.Backend object at 0x7fda232139d0>.
2019-11-03 17:53:00,579 - tdm - DEBUG - FrontendConnectionHandler(id=140574868975696, session='2019-11-03T17_53_00_0').on_message({"content": null, "_sender": "Frontend", "_reason": null, "event_type": "START"})
2019-11-03 17:53:00,599 - tdm - DEBUG - FrontendConnectionHandler(id=140574868975696, session='2019-11-03T17_53_00_0').on_event(Event(SET_DDD, {'ddd_name': 'wine', 'language_code': 'eng'}, sender=DmeModule, reason=None))
2019-11-03 17:53:00,599 - tdm - DEBUG - FrontendConnectionHandler(id=140574868975696, session='2019-11-03T17_53_00_0'): writing {"content": {"ddd_name": "wine", "language_code": "eng"}, "_sender": "DmeModule", "_reason": null, "event_type": "SET_DDD"}
2019-11-03 17:53:00,599 - tdm - DEBUG - FrontendConnectionHandler(id=140574868975696, session='2019-11-03T17_53_00_0'): OK
2019-11-03 17:53:00,599 - tdm - DEBUG - FrontendConnectionHandler(id=140574868975696, session='2019-11-03T17_53_00_0').on_event(Event(FACTS, [], sender=DmeModule, reason=None))
2019-11-03 17:53:00,599 - tdm - DEBUG - FrontendConnectionHandler(id=140574868975696, session='2019-11-03T17_53_00_0'): writing {"content": [], "_sender": "DmeModule", "_reason": null, "event_type": "FACTS"}
2019-11-03 17:53:00,599 - tdm - DEBUG - FrontendConnectionHandler(id=140574868975696, session='2019-11-03T17_53_00_0'): OK
2019-11-03 17:53:00,599 - tdm - DEBUG - FrontendConnectionHandler(id=140574868975696, session='2019-11-03T17_53_00_0').on_event(Event(FACTS, [], sender=DmeModule, reason=None))
2019-11-03 17:53:00,599 - tdm - DEBUG - FrontendConnectionHandler(id=140574868975696, session='2019-11-03T17_53_00_0'): writing {"content": [], "_sender": "DmeModule", "_reason": null, "event_type": "FACTS"}
2019-11-03 17:53:00,600 - tdm - DEBUG - FrontendConnectionHandler(id=140574868975696, session='2019-11-03T17_53_00_0'): OK
2019-11-03 17:53:00,600 - tdm - DEBUG - FrontendConnectionHandler(id=140574868975696, session='2019-11-03T17_53_00_0').on_event(Event(END_SYSTEM_TURN, {'passivity_duration': None, 'system_has_asked_question': True}, sender=DmeModule, reason=None))
2019-11-03 17:53:00,600 - tdm - DEBUG - FrontendConnectionHandler(id=140574868975696, session='2019-11-03T17_53_00_0'): writing {"content": {"passivity_duration": null, "system_has_asked_question": true}, "_sender": "DmeModule", "_reason": null, "event_type": "END_SYSTEM_TURN"}
2019-11-03 17:53:00,600 - tdm - DEBUG - FrontendConnectionHandler(id=140574868975696, session='2019-11-03T17_53_00_0'): OK
2019-11-03 17:53:00,600 - tdm - DEBUG - FrontendConnectionHandler(id=140574868975696, session='2019-11-03T17_53_00_0').on_event(Event(SYSTEM_UTTERANCE_TO_SPEAK, ['Do you want to get a wine pairing or get a wine recommendation?'], sender=None, reason=None))
2019-11-03 17:53:00,600 - tdm - DEBUG - FrontendConnectionHandler(id=140574868975696, session='2019-11-03T17_53_00_0'): writing {"content": ["Do you want to get a wine pairing or get a wine recommendation?"], "_sender": null, "_reason": null, "event_type": "SYSTEM_UTTERANCE_TO_SPEAK"}
2019-11-03 17:53:00,600 - tdm - DEBUG - FrontendConnectionHandler(id=140574868975696, session='2019-11-03T17_53_00_0'): OK
2019-11-03 17:53:00,600 - tdm - DEBUG - FrontendConnectionHandler(id=140574868975696, session='2019-11-03T17_53_00_0').on_event(Event(MESSAGE_TO_GUI, [Screen(top, Top, [<tdm.nlg.tdm_gui_protocol.Element instance at 0x7fda23239b90>])], sender=None, reason=None))
2019-11-03 17:53:00,600 - tdm - DEBUG - FrontendConnectionHandler(id=140574868975696, session='2019-11-03T17_53_00_0'): writing {"content": [{"Screen": {"elements": [{"Element": {"name": "move", "title": "", "items": [{"Item": {"attributes": null, "selected": false, "predicted": false, "value": "request(get_wine_pairing)", "title": "Get a wine pairing"}}, {"Item": {"attributes": null, "selected": false, "predicted": false, "value": "request(get_wine_recommendation)", "title": "Get a wine recommendation"}}], "format": "", "voice_browsed": false, "value": "", "template": "menu", "type": "list"}}], "name": "top", "title": "Top"}}], "_sender": null, "_reason": null, "event_type": "MESSAGE_TO_GUI"}
2019-11-03 17:53:00,600 - tdm - DEBUG - FrontendConnectionHandler(id=140574868975696, session='2019-11-03T17_53_00_0'): OK
2019-11-03 17:53:09,142 - tdm - DEBUG - FrontendConnectionHandler(id=140574868975696, session='2019-11-03T17_53_00_0').on_message({"content": [{"score": 1.0, "utterance": "get a wine pairing"}], "_sender": "TextInputComponent", "_reason": null, "event_type": "RECOGNITION"})
2019-11-03 17:53:09,162 - tdm - DEBUG - DeviceHandler.query_all(?X.food_type(X), {}, eng)
2019-11-03 17:53:09,162 - tdm - DEBUG - DeviceHandler.query_all(?X.food_type(X), {}, eng)
2019-11-03 17:53:09,164 - tdm - DEBUG - DeviceHandler.query_all(?X.food_type(X), {}, eng)
2019-11-03 17:53:09,164 - tdm - DEBUG - DeviceHandler.query_all(?X.food_type(X), {}, eng)
2019-11-03 17:53:09,178 - tdm - DEBUG - DeviceHandler.query_all(?X.food_type(X), {}, eng)
2019-11-03 17:53:09,178 - tdm - DEBUG - DeviceHandler.query_all(?X.food_type(X), {}, eng)
2019-11-03 17:53:09,181 - tdm - DEBUG - FrontendConnectionHandler(id=140574868975696, session='2019-11-03T17_53_00_0').on_event(Event(SELECTED_RECOGNITION, 'get a wine pairing', sender=DmeModule, reason=None))
2019-11-03 17:53:09,181 - tdm - DEBUG - FrontendConnectionHandler(id=140574868975696, session='2019-11-03T17_53_00_0'): writing {"content": "get a wine pairing", "_sender": "DmeModule", "_reason": null, "event_type": "SELECTED_RECOGNITION"}
2019-11-03 17:53:09,181 - tdm - DEBUG - FrontendConnectionHandler(id=140574868975696, session='2019-11-03T17_53_00_0'): OK
2019-11-03 17:53:09,181 - tdm - DEBUG - FrontendConnectionHandler(id=140574868975696, session='2019-11-03T17_53_00_0').on_event(Event(FACTS, [], sender=DmeModule, reason=None))
2019-11-03 17:53:09,181 - tdm - DEBUG - FrontendConnectionHandler(id=140574868975696, session='2019-11-03T17_53_00_0'): writing {"content": [], "_sender": "DmeModule", "_reason": null, "event_type": "FACTS"}
2019-11-03 17:53:09,182 - tdm - DEBUG - FrontendConnectionHandler(id=140574868975696, session='2019-11-03T17_53_00_0'): OK
2019-11-03 17:53:09,182 - tdm - DEBUG - FrontendConnectionHandler(id=140574868975696, session='2019-11-03T17_53_00_0').on_event(Event(FACTS, [], sender=DmeModule, reason=None))
2019-11-03 17:53:09,182 - tdm - DEBUG - FrontendConnectionHandler(id=140574868975696, session='2019-11-03T17_53_00_0'): writing {"content": [], "_sender": "DmeModule", "_reason": null, "event_type": "FACTS"}
2019-11-03 17:53:09,182 - tdm - DEBUG - FrontendConnectionHandler(id=140574868975696, session='2019-11-03T17_53_00_0'): OK
2019-11-03 17:53:09,182 - tdm - DEBUG - FrontendConnectionHandler(id=140574868975696, session='2019-11-03T17_53_00_0').on_event(Event(END_SYSTEM_TURN, {'passivity_duration': None, 'system_has_asked_question': True}, sender=DmeModule, reason=None))
2019-11-03 17:53:09,182 - tdm - DEBUG - FrontendConnectionHandler(id=140574868975696, session='2019-11-03T17_53_00_0'): writing {"content": {"passivity_duration": null, "system_has_asked_question": true}, "_sender": "DmeModule", "_reason": null, "event_type": "END_SYSTEM_TURN"}
2019-11-03 17:53:09,182 - tdm - DEBUG - FrontendConnectionHandler(id=140574868975696, session='2019-11-03T17_53_00_0'): OK
2019-11-03 17:53:09,182 - tdm - DEBUG - FrontendConnectionHandler(id=140574868975696, session='2019-11-03T17_53_00_0').on_event(Event(SYSTEM_UTTERANCE_TO_SPEAK, ['', '', 'What is the food type?'], sender=None, reason=None))
2019-11-03 17:53:09,182 - tdm - DEBUG - FrontendConnectionHandler(id=140574868975696, session='2019-11-03T17_53_00_0'): writing {"content": ["", "", "What is the food type?"], "_sender": null, "_reason": null, "event_type": "SYSTEM_UTTERANCE_TO_SPEAK"}
2019-11-03 17:53:09,182 - tdm - DEBUG - FrontendConnectionHandler(id=140574868975696, session='2019-11-03T17_53_00_0'): OK
2019-11-03 17:53:09,183 - tdm - DEBUG - FrontendConnectionHandler(id=140574868975696, session='2019-11-03T17_53_00_0').on_event(Event(MESSAGE_TO_GUI, [], sender=None, reason=None))
2019-11-03 17:53:09,183 - tdm - DEBUG - FrontendConnectionHandler(id=140574868975696, session='2019-11-03T17_53_00_0'): writing {"content": [], "_sender": null, "_reason": null, "event_type": "MESSAGE_TO_GUI"}
2019-11-03 17:53:09,183 - tdm - DEBUG - FrontendConnectionHandler(id=140574868975696, session='2019-11-03T17_53_00_0'): OK
2019-11-03 17:53:12,294 - tdm - DEBUG - FrontendConnectionHandler(id=140574868975696, session='2019-11-03T17_53_00_0').on_message({"content": [{"score": 1.0, "utterance": "salmon"}], "_sender": "TextInputComponent", "_reason": null, "event_type": "RECOGNITION"})
2019-11-03 17:53:12,319 - tdm - DEBUG - DeviceHandler.query_all(?X.food_type(X), {}, eng)
2019-11-03 17:53:12,336 - tdm - DEBUG - DeviceHandler.is_valid_parameter(food_type(food_salmon), {}, eng)
2019-11-03 17:53:12,342 - tdm - DEBUG - DeviceHandler.query_all(?X.max_price(X), {food_type(food_salmon), resolved(?X.food_type(X))}, eng)
2019-11-03 17:53:12,342 - tdm - DEBUG - DeviceHandler.query_all(?X.max_price(X), {food_type(food_salmon), resolved(?X.food_type(X))}, eng)
2019-11-03 17:53:12,344 - tdm - DEBUG - DeviceHandler.query_all(?X.max_price(X), {food_type(food_salmon), resolved(?X.food_type(X))}, eng)
2019-11-03 17:53:12,344 - tdm - DEBUG - DeviceHandler.query_all(?X.max_price(X), {food_type(food_salmon), resolved(?X.food_type(X))}, eng)
2019-11-03 17:53:12,360 - tdm - DEBUG - DeviceHandler.query_all(?X.max_price(X), {food_type(food_salmon), resolved(?X.food_type(X))}, eng)
2019-11-03 17:53:12,360 - tdm - DEBUG - DeviceHandler.query_all(?X.max_price(X), {food_type(food_salmon), resolved(?X.food_type(X))}, eng)
2019-11-03 17:53:12,363 - tdm - DEBUG - FrontendConnectionHandler(id=140574868975696, session='2019-11-03T17_53_00_0').on_event(Event(SELECTED_RECOGNITION, 'salmon', sender=DmeModule, reason=None))
2019-11-03 17:53:12,363 - tdm - DEBUG - FrontendConnectionHandler(id=140574868975696, session='2019-11-03T17_53_00_0'): writing {"content": "salmon", "_sender": "DmeModule", "_reason": null, "event_type": "SELECTED_RECOGNITION"}
2019-11-03 17:53:12,364 - tdm - DEBUG - FrontendConnectionHandler(id=140574868975696, session='2019-11-03T17_53_00_0'): OK
2019-11-03 17:53:12,364 - tdm - DEBUG - FrontendConnectionHandler(id=140574868975696, session='2019-11-03T17_53_00_0').on_event(Event(FACTS, [{'predicate': 'food_type', 'grammar_entry': 'salmon', 'value': 'food_salmon'}], sender=DmeModule, reason=None))
2019-11-03 17:53:12,364 - tdm - DEBUG - FrontendConnectionHandler(id=140574868975696, session='2019-11-03T17_53_00_0'): writing {"content": [{"predicate": "food_type", "grammar_entry": "salmon", "value": "food_salmon"}], "_sender": "DmeModule", "_reason": null, "event_type": "FACTS"}
2019-11-03 17:53:12,364 - tdm - DEBUG - FrontendConnectionHandler(id=140574868975696, session='2019-11-03T17_53_00_0'): OK
2019-11-03 17:53:12,364 - tdm - DEBUG - FrontendConnectionHandler(id=140574868975696, session='2019-11-03T17_53_00_0').on_event(Event(FACTS, [{'predicate': 'food_type', 'grammar_entry': 'salmon', 'value': 'food_salmon'}], sender=DmeModule, reason=None))
2019-11-03 17:53:12,364 - tdm - DEBUG - FrontendConnectionHandler(id=140574868975696, session='2019-11-03T17_53_00_0'): writing {"content": [{"predicate": "food_type", "grammar_entry": "salmon", "value": "food_salmon"}], "_sender": "DmeModule", "_reason": null, "event_type": "FACTS"}
2019-11-03 17:53:12,364 - tdm - DEBUG - FrontendConnectionHandler(id=140574868975696, session='2019-11-03T17_53_00_0'): OK
2019-11-03 17:53:12,365 - tdm - DEBUG - FrontendConnectionHandler(id=140574868975696, session='2019-11-03T17_53_00_0').on_event(Event(END_SYSTEM_TURN, {'passivity_duration': None, 'system_has_asked_question': True}, sender=DmeModule, reason=None))
2019-11-03 17:53:12,365 - tdm - DEBUG - FrontendConnectionHandler(id=140574868975696, session='2019-11-03T17_53_00_0'): writing {"content": {"passivity_duration": null, "system_has_asked_question": true}, "_sender": "DmeModule", "_reason": null, "event_type": "END_SYSTEM_TURN"}
2019-11-03 17:53:12,365 - tdm - DEBUG - FrontendConnectionHandler(id=140574868975696, session='2019-11-03T17_53_00_0'): OK
2019-11-03 17:53:12,365 - tdm - DEBUG - FrontendConnectionHandler(id=140574868975696, session='2019-11-03T17_53_00_0').on_event(Event(SYSTEM_UTTERANCE_TO_SPEAK, ['', 'Maximum price?'], sender=None, reason=None))
2019-11-03 17:53:12,365 - tdm - DEBUG - FrontendConnectionHandler(id=140574868975696, session='2019-11-03T17_53_00_0'): writing {"content": ["", "Maximum price?"], "_sender": null, "_reason": null, "event_type": "SYSTEM_UTTERANCE_TO_SPEAK"}
2019-11-03 17:53:12,365 - tdm - DEBUG - FrontendConnectionHandler(id=140574868975696, session='2019-11-03T17_53_00_0'): OK
2019-11-03 17:53:12,365 - tdm - DEBUG - FrontendConnectionHandler(id=140574868975696, session='2019-11-03T17_53_00_0').on_event(Event(MESSAGE_TO_GUI, [], sender=None, reason=None))
2019-11-03 17:53:12,365 - tdm - DEBUG - FrontendConnectionHandler(id=140574868975696, session='2019-11-03T17_53_00_0'): writing {"content": [], "_sender": null, "_reason": null, "event_type": "MESSAGE_TO_GUI"}
2019-11-03 17:53:12,365 - tdm - DEBUG - FrontendConnectionHandler(id=140574868975696, session='2019-11-03T17_53_00_0'): OK
2019-11-03 17:53:14,759 - tdm - DEBUG - FrontendConnectionHandler(id=140574868975696, session='2019-11-03T17_53_00_0').on_message({"content": [{"score": 1.0, "utterance": "40"}], "_sender": "TextInputComponent", "_reason": null, "event_type": "RECOGNITION"})
2019-11-03 17:53:14,763 - tdm - DEBUG - DeviceHandler.recognize(40, eng)
2019-11-03 17:53:14,778 - tdm - DEBUG - DeviceHandler.query_all(?X.max_price(X), {food_type(food_salmon), resolved(?X.food_type(X))}, eng)
2019-11-03 17:53:14,796 - tdm - DEBUG - DeviceHandler.is_valid_parameter(max_price("40"), {food_type(food_salmon), resolved(?X.food_type(X))}, eng)
2019-11-03 17:53:14,803 - tdm - DEBUG - DeviceHandler.query_all(?X.get_wine_pairing_from_api(X), {food_type(food_salmon), resolved(?X.food_type(X)), max_price("40"), resolved(?X.max_price(X))}, eng)
2019-11-03 17:53:14,803 - tdm - DEBUG - DeviceHandler invocation ID: a39a528fb509ff232d2f2eff73847ff6
2019-11-03 17:53:15,447 - tdm - DEBUG - DeviceHandler.perform(GetWinePairing, {food_type(food_salmon), resolved(?X.food_type(X)), max_price("40"), resolved(?X.max_price(X)), get_wine_pairing_from_api(""")}, eng)
2019-11-03 17:53:15,447 - tdm - DEBUG - DeviceHandler invocation ID: cc5e81c22dfbde9bb1780dc13ffd2844
2019-11-03 17:53:15,501 - tdm - DEBUG - FrontendConnectionHandler(id=140574868975696, session='2019-11-03T17_53_00_0').on_event(Event(BACKEND_ERROR, None, sender=None, reason=None))
2019-11-03 17:53:15,501 - tdm - DEBUG - FrontendConnectionHandler(id=140574868975696, session='2019-11-03T17_53_00_0'): writing {"content": null, "_sender": null, "_reason": null, "event_type": "BACKEND_ERROR"}
2019-11-03 17:53:15,501 - tdm - DEBUG - FrontendConnectionHandler(id=140574868975696, session='2019-11-03T17_53_00_0'): OK
2019-11-03 17:53:17,327 - tdm - DEBUG - FrontendConnectionHandler(id=140574868975696, session='2019-11-03T17_53_00_0').on_close()
2019-11-03 17:53:17,327 - tdm - DEBUG - SessionManager.stop('2019-11-03T17_53_00_0')
2019-11-03 17:53:17,330 - tdm - DEBUG - TdmApplication.stop(): Stopping HTTP server
2019-11-03 17:53:17,330 - tdm - DEBUG - TdmApplication.stop(): Stopping IO-loop
2019-11-03 17:53:17,330 - tdm - DEBUG - TdmApplication.stop(): Stopping sessions []
