2019-11-03 18:31:19,547 - tdm - DEBUG - EntityDb(wine): add_entity(sort=u'wine', grammar_entry='cava', name=u'wine_cava')
2019-11-03 18:31:19,547 - tdm - DEBUG - EntityDb(wine): add_entity returns u'wine_cava'
2019-11-03 18:31:19,547 - tdm - DEBUG - EntityDb(wine): add_entity(sort=u'food', grammar_entry='yellow curry', name=u'food_yellowcurry')
2019-11-03 18:31:19,547 - tdm - DEBUG - EntityDb(wine): add_entity returns u'food_yellowcurry'
2019-11-03 18:31:19,547 - tdm - DEBUG - EntityDb(wine): add_entity(sort=u'wine', grammar_entry='chardonnay', name=u'wine_chardonnay')
2019-11-03 18:31:19,547 - tdm - DEBUG - EntityDb(wine): add_entity returns u'wine_chardonnay'
2019-11-03 18:31:19,547 - tdm - DEBUG - EntityDb(wine): add_entity(sort=u'food', grammar_entry='pizza', name=u'food_pizza')
2019-11-03 18:31:19,547 - tdm - DEBUG - EntityDb(wine): add_entity returns u'food_pizza'
2019-11-03 18:31:19,547 - tdm - DEBUG - EntityDb(wine): add_entity(sort=u'food', grammar_entry='pasta', name=u'food_pasta')
2019-11-03 18:31:19,547 - tdm - DEBUG - EntityDb(wine): add_entity returns u'food_pasta'
2019-11-03 18:31:19,547 - tdm - DEBUG - EntityDb(wine): add_entity(sort=u'wine', grammar_entry='sparkling', name=u'wine_sparkling')
2019-11-03 18:31:19,547 - tdm - DEBUG - EntityDb(wine): add_entity returns u'wine_sparkling'
2019-11-03 18:31:19,548 - tdm - DEBUG - EntityDb(wine): add_entity(sort=u'food', grammar_entry='italian', name=u'food_italian')
2019-11-03 18:31:19,548 - tdm - DEBUG - EntityDb(wine): add_entity returns u'food_italian'
2019-11-03 18:31:19,548 - tdm - DEBUG - EntityDb(wine): add_entity(sort=u'per_rating', grammar_entry='6', name=u'pointsix')
2019-11-03 18:31:19,548 - tdm - DEBUG - EntityDb(wine): add_entity returns u'pointsix'
2019-11-03 18:31:19,548 - tdm - DEBUG - EntityDb(wine): add_entity(sort=u'wine', grammar_entry='sangiovese', name=u'wine_sangiovese')
2019-11-03 18:31:19,548 - tdm - DEBUG - EntityDb(wine): add_entity returns u'wine_sangiovese'
2019-11-03 18:31:19,548 - tdm - DEBUG - EntityDb(wine): add_entity(sort=u'wine', grammar_entry='prosecco', name=u'wine_prosecco')
2019-11-03 18:31:19,548 - tdm - DEBUG - EntityDb(wine): add_entity returns u'wine_prosecco'
2019-11-03 18:31:19,548 - tdm - DEBUG - EntityDb(wine): add_entity(sort=u'food', grammar_entry='japanese', name=u'food_japanese')
2019-11-03 18:31:19,548 - tdm - DEBUG - EntityDb(wine): add_entity returns u'food_japanese'
2019-11-03 18:31:19,548 - tdm - DEBUG - EntityDb(wine): add_entity(sort=u'food', grammar_entry='french', name=u'food_french')
2019-11-03 18:31:19,548 - tdm - DEBUG - EntityDb(wine): add_entity returns u'food_french'
2019-11-03 18:31:19,548 - tdm - DEBUG - EntityDb(wine): add_entity(sort=u'wine', grammar_entry='pinot noir', name=u'wine_pinotnoir')
2019-11-03 18:31:19,548 - tdm - DEBUG - EntityDb(wine): add_entity returns u'wine_pinotnoir'
2019-11-03 18:31:19,548 - tdm - DEBUG - EntityDb(wine): add_entity(sort=u'per_rating', grammar_entry='7', name=u'pointseven')
2019-11-03 18:31:19,548 - tdm - DEBUG - EntityDb(wine): add_entity returns u'pointseven'
2019-11-03 18:31:19,549 - tdm - DEBUG - EntityDb(wine): add_entity(sort=u'food', grammar_entry='tuna', name=u'food_tuna')
2019-11-03 18:31:19,549 - tdm - DEBUG - EntityDb(wine): add_entity returns u'food_tuna'
2019-11-03 18:31:19,549 - tdm - DEBUG - EntityDb(wine): add_entity(sort=u'wine', grammar_entry='riesling', name=u'wine_riesling')
2019-11-03 18:31:19,549 - tdm - DEBUG - EntityDb(wine): add_entity returns u'wine_riesling'
2019-11-03 18:31:19,549 - tdm - DEBUG - EntityDb(wine): add_entity(sort=u'food', grammar_entry='chinese', name=u'food_chinese')
2019-11-03 18:31:19,549 - tdm - DEBUG - EntityDb(wine): add_entity returns u'food_chinese'
2019-11-03 18:31:19,549 - tdm - DEBUG - EntityDb(wine): add_entity(sort=u'food', grammar_entry='salmon', name=u'food_salmon')
2019-11-03 18:31:19,549 - tdm - DEBUG - EntityDb(wine): add_entity returns u'food_salmon'
2019-11-03 18:31:19,549 - tdm - DEBUG - EntityDb(wine): add_entity(sort=u'food', grammar_entry='lasagna', name=u'food_lasagna')
2019-11-03 18:31:19,549 - tdm - DEBUG - EntityDb(wine): add_entity returns u'food_lasagna'
2019-11-03 18:31:19,549 - tdm - DEBUG - EntityDb(wine): add_entity(sort=u'per_rating', grammar_entry='9', name=u'pointnine')
2019-11-03 18:31:19,549 - tdm - DEBUG - EntityDb(wine): add_entity returns u'pointnine'
2019-11-03 18:31:19,549 - tdm - DEBUG - EntityDb(wine): add_entity(sort=u'wine', grammar_entry='sherry', name=u'wine_sherry')
2019-11-03 18:31:19,549 - tdm - DEBUG - EntityDb(wine): add_entity returns u'wine_sherry'
2019-11-03 18:31:19,549 - tdm - DEBUG - EntityDb(wine): add_entity(sort=u'food', grammar_entry='steak', name=u'food_steak')
2019-11-03 18:31:19,549 - tdm - DEBUG - EntityDb(wine): add_entity returns u'food_steak'
2019-11-03 18:31:19,550 - tdm - DEBUG - EntityDb(wine): add_entity(sort=u'wine', grammar_entry='merlot', name=u'wine_merlot')
2019-11-03 18:31:19,550 - tdm - DEBUG - EntityDb(wine): add_entity returns u'wine_merlot'
2019-11-03 18:31:19,550 - tdm - DEBUG - EntityDb(wine): add_entity(sort=u'food', grammar_entry='salad', name=u'food_salad')
2019-11-03 18:31:19,550 - tdm - DEBUG - EntityDb(wine): add_entity returns u'food_salad'
2019-11-03 18:31:19,550 - tdm - DEBUG - EntityDb(wine): add_entity(sort=u'food', grammar_entry='pate', name=u'food_pate')
2019-11-03 18:31:19,550 - tdm - DEBUG - EntityDb(wine): add_entity returns u'food_pate'
2019-11-03 18:31:19,550 - tdm - DEBUG - EntityDb(wine): add_entity(sort=u'wine', grammar_entry='rose', name=u'wine_rose')
2019-11-03 18:31:19,550 - tdm - DEBUG - EntityDb(wine): add_entity returns u'wine_rose'
2019-11-03 18:31:19,550 - tdm - DEBUG - EntityDb(wine): add_entity(sort=u'food', grammar_entry='risotto', name=u'food_risotto')
2019-11-03 18:31:19,550 - tdm - DEBUG - EntityDb(wine): add_entity returns u'food_risotto'
2019-11-03 18:31:19,550 - tdm - DEBUG - EntityDb(wine): add_entity(sort=u'food', grammar_entry='paella', name=u'food_paella')
2019-11-03 18:31:19,550 - tdm - DEBUG - EntityDb(wine): add_entity returns u'food_paella'
2019-11-03 18:31:19,550 - tdm - DEBUG - EntityDb(wine): add_entity(sort=u'food', grammar_entry='spanish', name=u'food_spanish')
2019-11-03 18:31:19,550 - tdm - DEBUG - EntityDb(wine): add_entity returns u'food_spanish'
2019-11-03 18:31:19,550 - tdm - DEBUG - EntityDb(wine): add_entity(sort=u'per_rating', grammar_entry='8', name=u'pointeight')
2019-11-03 18:31:19,550 - tdm - DEBUG - EntityDb(wine): add_entity returns u'pointeight'
2019-11-03 18:31:19,551 - tdm - DEBUG - EntityDb(wine): add_entity(sort=u'per_rating', grammar_entry='5', name=u'pointfive')
2019-11-03 18:31:19,551 - tdm - DEBUG - EntityDb(wine): add_entity returns u'pointfive'
2019-11-03 18:31:19,551 - tdm - DEBUG - DddDb().__init__(name='ddds', default_ddds=[u'wine'])
2019-11-03 18:31:19,551 - tdm - DEBUG - DddDb(): DB file name is '/home/leidoptera/Documents/dialogue-systems2-2019/wine/wine/ddds.json'
2019-11-03 18:31:19,556 - tdm - DEBUG - FrontendConnectionHandler(id=140581047495248, session=None).open()
2019-11-03 18:31:19,556 - tdm - DEBUG - FrontendConnectionHandler(id=140581047495248, session=None).on_message({"handshake_content": {"session_id": null, "keep_session_alive": false}, "name": "Frontend"})
2019-11-03 18:31:19,557 - tdm - DEBUG - thread_manager.create_thread() with threading.active_count()=3
2019-11-03 18:31:19,557 - tdm - DEBUG - FrontendConnectionHandler(id=140581047495248, session=None)._register({"handshake_content": {"session_id": null, "keep_session_alive": false}, "name": "Frontend"})
2019-11-03 18:31:19,557 - tdm - DEBUG - thread_manager.create_thread() with threading.active_count()=4
2019-11-03 18:31:19,557 - tdm - DEBUG - Creating backend and session with id 2019-11-03T18_31_19_0.
2019-11-03 18:31:19,559 - tdm - DEBUG - FrontendConnectionHandler(id=140581047495248, session='2019-11-03T18_31_19_0'): writing {"content": "2019-11-03T18_31_19_0", "_sender": null, "_reason": null, "event_type": "SESSION_ID"}
2019-11-03 18:31:19,559 - tdm - DEBUG - FrontendConnectionHandler(id=140581047495248, session='2019-11-03T18_31_19_0'): OK
2019-11-03 18:31:19,560 - tdm - DEBUG - FrontendConnectionHandler._register: Registered in session 2019-11-03T18_31_19_0 with backend <tdm.backend.Backend object at 0x7fdb92e04510>.
2019-11-03 18:31:19,560 - tdm - DEBUG - FrontendConnectionHandler(id=140581047495248, session='2019-11-03T18_31_19_0').on_message({"content": null, "_sender": "Frontend", "_reason": null, "event_type": "START"})
2019-11-03 18:31:19,580 - tdm - DEBUG - FrontendConnectionHandler(id=140581047495248, session='2019-11-03T18_31_19_0').on_event(Event(SET_DDD, {'ddd_name': 'wine', 'language_code': 'eng'}, sender=DmeModule, reason=None))
2019-11-03 18:31:19,580 - tdm - DEBUG - FrontendConnectionHandler(id=140581047495248, session='2019-11-03T18_31_19_0'): writing {"content": {"ddd_name": "wine", "language_code": "eng"}, "_sender": "DmeModule", "_reason": null, "event_type": "SET_DDD"}
2019-11-03 18:31:19,580 - tdm - DEBUG - FrontendConnectionHandler(id=140581047495248, session='2019-11-03T18_31_19_0'): OK
2019-11-03 18:31:19,580 - tdm - DEBUG - FrontendConnectionHandler(id=140581047495248, session='2019-11-03T18_31_19_0').on_event(Event(FACTS, [], sender=DmeModule, reason=None))
2019-11-03 18:31:19,580 - tdm - DEBUG - FrontendConnectionHandler(id=140581047495248, session='2019-11-03T18_31_19_0'): writing {"content": [], "_sender": "DmeModule", "_reason": null, "event_type": "FACTS"}
2019-11-03 18:31:19,580 - tdm - DEBUG - FrontendConnectionHandler(id=140581047495248, session='2019-11-03T18_31_19_0'): OK
2019-11-03 18:31:19,580 - tdm - DEBUG - FrontendConnectionHandler(id=140581047495248, session='2019-11-03T18_31_19_0').on_event(Event(FACTS, [], sender=DmeModule, reason=None))
2019-11-03 18:31:19,581 - tdm - DEBUG - FrontendConnectionHandler(id=140581047495248, session='2019-11-03T18_31_19_0'): writing {"content": [], "_sender": "DmeModule", "_reason": null, "event_type": "FACTS"}
2019-11-03 18:31:19,581 - tdm - DEBUG - FrontendConnectionHandler(id=140581047495248, session='2019-11-03T18_31_19_0'): OK
2019-11-03 18:31:19,581 - tdm - DEBUG - FrontendConnectionHandler(id=140581047495248, session='2019-11-03T18_31_19_0').on_event(Event(END_SYSTEM_TURN, {'passivity_duration': None, 'system_has_asked_question': True}, sender=DmeModule, reason=None))
2019-11-03 18:31:19,581 - tdm - DEBUG - FrontendConnectionHandler(id=140581047495248, session='2019-11-03T18_31_19_0'): writing {"content": {"passivity_duration": null, "system_has_asked_question": true}, "_sender": "DmeModule", "_reason": null, "event_type": "END_SYSTEM_TURN"}
2019-11-03 18:31:19,581 - tdm - DEBUG - FrontendConnectionHandler(id=140581047495248, session='2019-11-03T18_31_19_0'): OK
2019-11-03 18:31:19,581 - tdm - DEBUG - FrontendConnectionHandler(id=140581047495248, session='2019-11-03T18_31_19_0').on_event(Event(SYSTEM_UTTERANCE_TO_SPEAK, ['Do you want to get a wine pairing or get a wine recommendation?'], sender=None, reason=None))
2019-11-03 18:31:19,581 - tdm - DEBUG - FrontendConnectionHandler(id=140581047495248, session='2019-11-03T18_31_19_0'): writing {"content": ["Do you want to get a wine pairing or get a wine recommendation?"], "_sender": null, "_reason": null, "event_type": "SYSTEM_UTTERANCE_TO_SPEAK"}
2019-11-03 18:31:19,581 - tdm - DEBUG - FrontendConnectionHandler(id=140581047495248, session='2019-11-03T18_31_19_0'): OK
2019-11-03 18:31:19,581 - tdm - DEBUG - FrontendConnectionHandler(id=140581047495248, session='2019-11-03T18_31_19_0').on_event(Event(MESSAGE_TO_GUI, [Screen(top, Top, [<tdm.nlg.tdm_gui_protocol.Element instance at 0x7fdb93690a70>])], sender=None, reason=None))
2019-11-03 18:31:19,581 - tdm - DEBUG - FrontendConnectionHandler(id=140581047495248, session='2019-11-03T18_31_19_0'): writing {"content": [{"Screen": {"elements": [{"Element": {"name": "move", "title": "", "items": [{"Item": {"attributes": null, "selected": false, "predicted": false, "value": "request(get_wine_pairing)", "title": "Get a wine pairing"}}, {"Item": {"attributes": null, "selected": false, "predicted": false, "value": "request(get_wine_recommendation)", "title": "Get a wine recommendation"}}], "format": "", "voice_browsed": false, "value": "", "template": "menu", "type": "list"}}], "name": "top", "title": "Top"}}], "_sender": null, "_reason": null, "event_type": "MESSAGE_TO_GUI"}
2019-11-03 18:31:19,582 - tdm - DEBUG - FrontendConnectionHandler(id=140581047495248, session='2019-11-03T18_31_19_0'): OK
2019-11-03 18:31:24,926 - tdm - DEBUG - FrontendConnectionHandler(id=140581047495248, session='2019-11-03T18_31_19_0').on_message({"content": [{"score": 1.0, "utterance": "get a wine recommendation"}], "_sender": "TextInputComponent", "_reason": null, "event_type": "RECOGNITION"})
2019-11-03 18:31:24,978 - tdm - DEBUG - DeviceHandler.query_all(?X.wine_type(X), {}, eng)
2019-11-03 18:31:24,978 - tdm - DEBUG - DeviceHandler.query_all(?X.wine_type(X), {}, eng)
2019-11-03 18:31:24,980 - tdm - DEBUG - DeviceHandler.query_all(?X.wine_type(X), {}, eng)
2019-11-03 18:31:24,980 - tdm - DEBUG - DeviceHandler.query_all(?X.wine_type(X), {}, eng)
2019-11-03 18:31:24,997 - tdm - DEBUG - DeviceHandler.query_all(?X.wine_type(X), {}, eng)
2019-11-03 18:31:24,998 - tdm - DEBUG - DeviceHandler.query_all(?X.wine_type(X), {}, eng)
2019-11-03 18:31:25,001 - tdm - DEBUG - FrontendConnectionHandler(id=140581047495248, session='2019-11-03T18_31_19_0').on_event(Event(SELECTED_RECOGNITION, 'get a wine recommendation', sender=DmeModule, reason=None))
2019-11-03 18:31:25,001 - tdm - DEBUG - FrontendConnectionHandler(id=140581047495248, session='2019-11-03T18_31_19_0'): writing {"content": "get a wine recommendation", "_sender": "DmeModule", "_reason": null, "event_type": "SELECTED_RECOGNITION"}
2019-11-03 18:31:25,001 - tdm - DEBUG - FrontendConnectionHandler(id=140581047495248, session='2019-11-03T18_31_19_0'): OK
2019-11-03 18:31:25,001 - tdm - DEBUG - FrontendConnectionHandler(id=140581047495248, session='2019-11-03T18_31_19_0').on_event(Event(FACTS, [], sender=DmeModule, reason=None))
2019-11-03 18:31:25,001 - tdm - DEBUG - FrontendConnectionHandler(id=140581047495248, session='2019-11-03T18_31_19_0'): writing {"content": [], "_sender": "DmeModule", "_reason": null, "event_type": "FACTS"}
2019-11-03 18:31:25,001 - tdm - DEBUG - FrontendConnectionHandler(id=140581047495248, session='2019-11-03T18_31_19_0'): OK
2019-11-03 18:31:25,001 - tdm - DEBUG - FrontendConnectionHandler(id=140581047495248, session='2019-11-03T18_31_19_0').on_event(Event(FACTS, [], sender=DmeModule, reason=None))
2019-11-03 18:31:25,001 - tdm - DEBUG - FrontendConnectionHandler(id=140581047495248, session='2019-11-03T18_31_19_0'): writing {"content": [], "_sender": "DmeModule", "_reason": null, "event_type": "FACTS"}
2019-11-03 18:31:25,001 - tdm - DEBUG - FrontendConnectionHandler(id=140581047495248, session='2019-11-03T18_31_19_0'): OK
2019-11-03 18:31:25,001 - tdm - DEBUG - FrontendConnectionHandler(id=140581047495248, session='2019-11-03T18_31_19_0').on_event(Event(END_SYSTEM_TURN, {'passivity_duration': None, 'system_has_asked_question': True}, sender=DmeModule, reason=None))
2019-11-03 18:31:25,002 - tdm - DEBUG - FrontendConnectionHandler(id=140581047495248, session='2019-11-03T18_31_19_0'): writing {"content": {"passivity_duration": null, "system_has_asked_question": true}, "_sender": "DmeModule", "_reason": null, "event_type": "END_SYSTEM_TURN"}
2019-11-03 18:31:25,002 - tdm - DEBUG - FrontendConnectionHandler(id=140581047495248, session='2019-11-03T18_31_19_0'): OK
2019-11-03 18:31:25,002 - tdm - DEBUG - FrontendConnectionHandler(id=140581047495248, session='2019-11-03T18_31_19_0').on_event(Event(SYSTEM_UTTERANCE_TO_SPEAK, ['', '', 'What is the wine type?'], sender=None, reason=None))
2019-11-03 18:31:25,002 - tdm - DEBUG - FrontendConnectionHandler(id=140581047495248, session='2019-11-03T18_31_19_0'): writing {"content": ["", "", "What is the wine type?"], "_sender": null, "_reason": null, "event_type": "SYSTEM_UTTERANCE_TO_SPEAK"}
2019-11-03 18:31:25,002 - tdm - DEBUG - FrontendConnectionHandler(id=140581047495248, session='2019-11-03T18_31_19_0'): OK
2019-11-03 18:31:25,002 - tdm - DEBUG - FrontendConnectionHandler(id=140581047495248, session='2019-11-03T18_31_19_0').on_event(Event(MESSAGE_TO_GUI, [], sender=None, reason=None))
2019-11-03 18:31:25,002 - tdm - DEBUG - FrontendConnectionHandler(id=140581047495248, session='2019-11-03T18_31_19_0'): writing {"content": [], "_sender": null, "_reason": null, "event_type": "MESSAGE_TO_GUI"}
2019-11-03 18:31:25,002 - tdm - DEBUG - FrontendConnectionHandler(id=140581047495248, session='2019-11-03T18_31_19_0'): OK
2019-11-03 18:31:27,974 - tdm - DEBUG - FrontendConnectionHandler(id=140581047495248, session='2019-11-03T18_31_19_0').on_message({"content": [{"score": 1.0, "utterance": "merlot"}], "_sender": "TextInputComponent", "_reason": null, "event_type": "RECOGNITION"})
2019-11-03 18:31:27,989 - tdm - DEBUG - DeviceHandler.query_all(?X.wine_type(X), {}, eng)
2019-11-03 18:31:27,994 - tdm - DEBUG - DeviceHandler.is_valid_parameter(wine_type(wine_merlot), {}, eng)
2019-11-03 18:31:27,997 - tdm - DEBUG - DeviceHandler.query_all(?X.max_price(X), {wine_type(wine_merlot), resolved(?X.wine_type(X))}, eng)
2019-11-03 18:31:27,997 - tdm - DEBUG - DeviceHandler.query_all(?X.max_price(X), {wine_type(wine_merlot), resolved(?X.wine_type(X))}, eng)
2019-11-03 18:31:27,998 - tdm - DEBUG - DeviceHandler.query_all(?X.max_price(X), {wine_type(wine_merlot), resolved(?X.wine_type(X))}, eng)
2019-11-03 18:31:27,998 - tdm - DEBUG - DeviceHandler.query_all(?X.max_price(X), {wine_type(wine_merlot), resolved(?X.wine_type(X))}, eng)
2019-11-03 18:31:28,012 - tdm - DEBUG - DeviceHandler.query_all(?X.max_price(X), {wine_type(wine_merlot), resolved(?X.wine_type(X))}, eng)
2019-11-03 18:31:28,012 - tdm - DEBUG - DeviceHandler.query_all(?X.max_price(X), {wine_type(wine_merlot), resolved(?X.wine_type(X))}, eng)
2019-11-03 18:31:28,015 - tdm - DEBUG - FrontendConnectionHandler(id=140581047495248, session='2019-11-03T18_31_19_0').on_event(Event(SELECTED_RECOGNITION, 'merlot', sender=DmeModule, reason=None))
2019-11-03 18:31:28,015 - tdm - DEBUG - FrontendConnectionHandler(id=140581047495248, session='2019-11-03T18_31_19_0'): writing {"content": "merlot", "_sender": "DmeModule", "_reason": null, "event_type": "SELECTED_RECOGNITION"}
2019-11-03 18:31:28,015 - tdm - DEBUG - FrontendConnectionHandler(id=140581047495248, session='2019-11-03T18_31_19_0'): OK
2019-11-03 18:31:28,015 - tdm - DEBUG - FrontendConnectionHandler(id=140581047495248, session='2019-11-03T18_31_19_0').on_event(Event(FACTS, [{'predicate': 'wine_type', 'grammar_entry': 'merlot', 'value': 'wine_merlot'}], sender=DmeModule, reason=None))
2019-11-03 18:31:28,015 - tdm - DEBUG - FrontendConnectionHandler(id=140581047495248, session='2019-11-03T18_31_19_0'): writing {"content": [{"predicate": "wine_type", "grammar_entry": "merlot", "value": "wine_merlot"}], "_sender": "DmeModule", "_reason": null, "event_type": "FACTS"}
2019-11-03 18:31:28,015 - tdm - DEBUG - FrontendConnectionHandler(id=140581047495248, session='2019-11-03T18_31_19_0'): OK
2019-11-03 18:31:28,016 - tdm - DEBUG - FrontendConnectionHandler(id=140581047495248, session='2019-11-03T18_31_19_0').on_event(Event(FACTS, [{'predicate': 'wine_type', 'grammar_entry': 'merlot', 'value': 'wine_merlot'}], sender=DmeModule, reason=None))
2019-11-03 18:31:28,016 - tdm - DEBUG - FrontendConnectionHandler(id=140581047495248, session='2019-11-03T18_31_19_0'): writing {"content": [{"predicate": "wine_type", "grammar_entry": "merlot", "value": "wine_merlot"}], "_sender": "DmeModule", "_reason": null, "event_type": "FACTS"}
2019-11-03 18:31:28,016 - tdm - DEBUG - FrontendConnectionHandler(id=140581047495248, session='2019-11-03T18_31_19_0'): OK
2019-11-03 18:31:28,016 - tdm - DEBUG - FrontendConnectionHandler(id=140581047495248, session='2019-11-03T18_31_19_0').on_event(Event(END_SYSTEM_TURN, {'passivity_duration': None, 'system_has_asked_question': True}, sender=DmeModule, reason=None))
2019-11-03 18:31:28,016 - tdm - DEBUG - FrontendConnectionHandler(id=140581047495248, session='2019-11-03T18_31_19_0'): writing {"content": {"passivity_duration": null, "system_has_asked_question": true}, "_sender": "DmeModule", "_reason": null, "event_type": "END_SYSTEM_TURN"}
2019-11-03 18:31:28,016 - tdm - DEBUG - FrontendConnectionHandler(id=140581047495248, session='2019-11-03T18_31_19_0'): OK
2019-11-03 18:31:28,016 - tdm - DEBUG - FrontendConnectionHandler(id=140581047495248, session='2019-11-03T18_31_19_0').on_event(Event(SYSTEM_UTTERANCE_TO_SPEAK, ['', 'Maximum price?'], sender=None, reason=None))
2019-11-03 18:31:28,016 - tdm - DEBUG - FrontendConnectionHandler(id=140581047495248, session='2019-11-03T18_31_19_0'): writing {"content": ["", "Maximum price?"], "_sender": null, "_reason": null, "event_type": "SYSTEM_UTTERANCE_TO_SPEAK"}
2019-11-03 18:31:28,016 - tdm - DEBUG - FrontendConnectionHandler(id=140581047495248, session='2019-11-03T18_31_19_0'): OK
2019-11-03 18:31:28,016 - tdm - DEBUG - FrontendConnectionHandler(id=140581047495248, session='2019-11-03T18_31_19_0').on_event(Event(MESSAGE_TO_GUI, [], sender=None, reason=None))
2019-11-03 18:31:28,017 - tdm - DEBUG - FrontendConnectionHandler(id=140581047495248, session='2019-11-03T18_31_19_0'): writing {"content": [], "_sender": null, "_reason": null, "event_type": "MESSAGE_TO_GUI"}
2019-11-03 18:31:28,017 - tdm - DEBUG - FrontendConnectionHandler(id=140581047495248, session='2019-11-03T18_31_19_0'): OK
2019-11-03 18:31:29,534 - tdm - DEBUG - FrontendConnectionHandler(id=140581047495248, session='2019-11-03T18_31_19_0').on_message({"content": [{"score": 1.0, "utterance": "40"}], "_sender": "TextInputComponent", "_reason": null, "event_type": "RECOGNITION"})
2019-11-03 18:31:29,538 - tdm - DEBUG - DeviceHandler.recognize(40, eng)
2019-11-03 18:31:29,555 - tdm - DEBUG - DeviceHandler.query_all(?X.max_price(X), {wine_type(wine_merlot), resolved(?X.wine_type(X))}, eng)
2019-11-03 18:31:29,574 - tdm - DEBUG - DeviceHandler.is_valid_parameter(max_price("40"), {wine_type(wine_merlot), resolved(?X.wine_type(X))}, eng)
2019-11-03 18:31:29,581 - tdm - DEBUG - DeviceHandler.query_all(?X.min_rating(X), {wine_type(wine_merlot), resolved(?X.wine_type(X)), max_price("40"), resolved(?X.max_price(X))}, eng)
2019-11-03 18:31:29,581 - tdm - DEBUG - DeviceHandler.query_all(?X.min_rating(X), {wine_type(wine_merlot), resolved(?X.wine_type(X)), max_price("40"), resolved(?X.max_price(X))}, eng)
2019-11-03 18:31:29,583 - tdm - DEBUG - DeviceHandler.query_all(?X.min_rating(X), {wine_type(wine_merlot), resolved(?X.wine_type(X)), max_price("40"), resolved(?X.max_price(X))}, eng)
2019-11-03 18:31:29,583 - tdm - DEBUG - DeviceHandler.query_all(?X.min_rating(X), {wine_type(wine_merlot), resolved(?X.wine_type(X)), max_price("40"), resolved(?X.max_price(X))}, eng)
2019-11-03 18:31:29,599 - tdm - DEBUG - DeviceHandler.query_all(?X.min_rating(X), {wine_type(wine_merlot), resolved(?X.wine_type(X)), max_price("40"), resolved(?X.max_price(X))}, eng)
2019-11-03 18:31:29,600 - tdm - DEBUG - DeviceHandler.query_all(?X.min_rating(X), {wine_type(wine_merlot), resolved(?X.wine_type(X)), max_price("40"), resolved(?X.max_price(X))}, eng)
2019-11-03 18:31:29,603 - tdm - DEBUG - FrontendConnectionHandler(id=140581047495248, session='2019-11-03T18_31_19_0').on_event(Event(SELECTED_RECOGNITION, '40', sender=DmeModule, reason=None))
2019-11-03 18:31:29,603 - tdm - DEBUG - FrontendConnectionHandler(id=140581047495248, session='2019-11-03T18_31_19_0'): writing {"content": "40", "_sender": "DmeModule", "_reason": null, "event_type": "SELECTED_RECOGNITION"}
2019-11-03 18:31:29,603 - tdm - DEBUG - FrontendConnectionHandler(id=140581047495248, session='2019-11-03T18_31_19_0'): OK
2019-11-03 18:31:29,603 - tdm - DEBUG - FrontendConnectionHandler(id=140581047495248, session='2019-11-03T18_31_19_0').on_event(Event(FACTS, [{'predicate': 'wine_type', 'grammar_entry': 'merlot', 'value': 'wine_merlot'}, {'predicate': 'max_price', 'grammar_entry': None, 'value': '40'}], sender=DmeModule, reason=None))
2019-11-03 18:31:29,603 - tdm - DEBUG - FrontendConnectionHandler(id=140581047495248, session='2019-11-03T18_31_19_0'): writing {"content": [{"predicate": "wine_type", "grammar_entry": "merlot", "value": "wine_merlot"}, {"predicate": "max_price", "grammar_entry": null, "value": "40"}], "_sender": "DmeModule", "_reason": null, "event_type": "FACTS"}
2019-11-03 18:31:29,603 - tdm - DEBUG - FrontendConnectionHandler(id=140581047495248, session='2019-11-03T18_31_19_0'): OK
2019-11-03 18:31:29,604 - tdm - DEBUG - FrontendConnectionHandler(id=140581047495248, session='2019-11-03T18_31_19_0').on_event(Event(FACTS, [{'predicate': 'wine_type', 'grammar_entry': 'merlot', 'value': 'wine_merlot'}, {'predicate': 'max_price', 'grammar_entry': None, 'value': '40'}], sender=DmeModule, reason=None))
2019-11-03 18:31:29,604 - tdm - DEBUG - FrontendConnectionHandler(id=140581047495248, session='2019-11-03T18_31_19_0'): writing {"content": [{"predicate": "wine_type", "grammar_entry": "merlot", "value": "wine_merlot"}, {"predicate": "max_price", "grammar_entry": null, "value": "40"}], "_sender": "DmeModule", "_reason": null, "event_type": "FACTS"}
2019-11-03 18:31:29,604 - tdm - DEBUG - FrontendConnectionHandler(id=140581047495248, session='2019-11-03T18_31_19_0'): OK
2019-11-03 18:31:29,604 - tdm - DEBUG - FrontendConnectionHandler(id=140581047495248, session='2019-11-03T18_31_19_0').on_event(Event(END_SYSTEM_TURN, {'passivity_duration': None, 'system_has_asked_question': True}, sender=DmeModule, reason=None))
2019-11-03 18:31:29,604 - tdm - DEBUG - FrontendConnectionHandler(id=140581047495248, session='2019-11-03T18_31_19_0'): writing {"content": {"passivity_duration": null, "system_has_asked_question": true}, "_sender": "DmeModule", "_reason": null, "event_type": "END_SYSTEM_TURN"}
2019-11-03 18:31:29,604 - tdm - DEBUG - FrontendConnectionHandler(id=140581047495248, session='2019-11-03T18_31_19_0'): OK
2019-11-03 18:31:29,604 - tdm - DEBUG - FrontendConnectionHandler(id=140581047495248, session='2019-11-03T18_31_19_0').on_event(Event(SYSTEM_UTTERANCE_TO_SPEAK, ['', 'Minimum rating?'], sender=None, reason=None))
2019-11-03 18:31:29,604 - tdm - DEBUG - FrontendConnectionHandler(id=140581047495248, session='2019-11-03T18_31_19_0'): writing {"content": ["", "Minimum rating?"], "_sender": null, "_reason": null, "event_type": "SYSTEM_UTTERANCE_TO_SPEAK"}
2019-11-03 18:31:29,604 - tdm - DEBUG - FrontendConnectionHandler(id=140581047495248, session='2019-11-03T18_31_19_0'): OK
2019-11-03 18:31:29,605 - tdm - DEBUG - FrontendConnectionHandler(id=140581047495248, session='2019-11-03T18_31_19_0').on_event(Event(MESSAGE_TO_GUI, [], sender=None, reason=None))
2019-11-03 18:31:29,605 - tdm - DEBUG - FrontendConnectionHandler(id=140581047495248, session='2019-11-03T18_31_19_0'): writing {"content": [], "_sender": null, "_reason": null, "event_type": "MESSAGE_TO_GUI"}
2019-11-03 18:31:29,605 - tdm - DEBUG - FrontendConnectionHandler(id=140581047495248, session='2019-11-03T18_31_19_0'): OK
2019-11-03 18:31:43,718 - tdm - DEBUG - FrontendConnectionHandler(id=140581047495248, session='2019-11-03T18_31_19_0').on_message({"content": [{"score": 1.0, "utterance": "what is the range of the rating"}], "_sender": "TextInputComponent", "_reason": null, "event_type": "RECOGNITION"})
2019-11-03 18:31:43,725 - tdm - DEBUG - DeviceHandler.query_all(?X.min_rating(X), {wine_type(wine_merlot), resolved(?X.wine_type(X)), max_price("40"), resolved(?X.max_price(X))}, eng)
2019-11-03 18:31:43,734 - tdm - DEBUG - DeviceHandler.query_all(?X.ask_min_rating(X), {wine_type(wine_merlot), resolved(?X.wine_type(X)), max_price("40"), resolved(?X.max_price(X))}, eng)
2019-11-03 18:31:43,734 - tdm - DEBUG - DeviceHandler invocation ID: 52a0aa43034373046f7552bb2f830f88
2019-11-03 18:31:43,752 - tdm - DEBUG - FrontendConnectionHandler(id=140581047495248, session='2019-11-03T18_31_19_0').on_event(Event(SELECTED_RECOGNITION, 'what is the range of the rating', sender=DmeModule, reason=None))
2019-11-03 18:31:43,752 - tdm - DEBUG - FrontendConnectionHandler(id=140581047495248, session='2019-11-03T18_31_19_0'): writing {"content": "what is the range of the rating", "_sender": "DmeModule", "_reason": null, "event_type": "SELECTED_RECOGNITION"}
2019-11-03 18:31:43,752 - tdm - DEBUG - FrontendConnectionHandler(id=140581047495248, session='2019-11-03T18_31_19_0'): OK
2019-11-03 18:31:43,753 - tdm - DEBUG - FrontendConnectionHandler(id=140581047495248, session='2019-11-03T18_31_19_0').on_event(Event(FACTS, [{'predicate': 'wine_type', 'grammar_entry': 'merlot', 'value': 'wine_merlot'}, {'predicate': 'max_price', 'grammar_entry': None, 'value': '40'}, {'predicate': 'ask_min_rating', 'grammar_entry': None, 'value': ''}], sender=DmeModule, reason=None))
2019-11-03 18:31:43,753 - tdm - DEBUG - FrontendConnectionHandler(id=140581047495248, session='2019-11-03T18_31_19_0'): writing {"content": [{"predicate": "wine_type", "grammar_entry": "merlot", "value": "wine_merlot"}, {"predicate": "max_price", "grammar_entry": null, "value": "40"}, {"predicate": "ask_min_rating", "grammar_entry": null, "value": ""}], "_sender": "DmeModule", "_reason": null, "event_type": "FACTS"}
2019-11-03 18:31:43,753 - tdm - DEBUG - FrontendConnectionHandler(id=140581047495248, session='2019-11-03T18_31_19_0'): OK
2019-11-03 18:31:43,753 - tdm - DEBUG - FrontendConnectionHandler(id=140581047495248, session='2019-11-03T18_31_19_0').on_event(Event(FACTS, [{'predicate': 'wine_type', 'grammar_entry': 'merlot', 'value': 'wine_merlot'}, {'predicate': 'max_price', 'grammar_entry': None, 'value': '40'}, {'predicate': 'ask_min_rating', 'grammar_entry': None, 'value': ''}], sender=DmeModule, reason=None))
2019-11-03 18:31:43,753 - tdm - DEBUG - FrontendConnectionHandler(id=140581047495248, session='2019-11-03T18_31_19_0'): writing {"content": [{"predicate": "wine_type", "grammar_entry": "merlot", "value": "wine_merlot"}, {"predicate": "max_price", "grammar_entry": null, "value": "40"}, {"predicate": "ask_min_rating", "grammar_entry": null, "value": ""}], "_sender": "DmeModule", "_reason": null, "event_type": "FACTS"}
2019-11-03 18:31:43,753 - tdm - DEBUG - FrontendConnectionHandler(id=140581047495248, session='2019-11-03T18_31_19_0'): OK
2019-11-03 18:31:43,754 - tdm - DEBUG - FrontendConnectionHandler(id=140581047495248, session='2019-11-03T18_31_19_0').on_event(Event(END_SYSTEM_TURN, {'passivity_duration': 1.0, 'system_has_asked_question': False}, sender=DmeModule, reason=None))
2019-11-03 18:31:43,754 - tdm - DEBUG - FrontendConnectionHandler(id=140581047495248, session='2019-11-03T18_31_19_0'): writing {"content": {"passivity_duration": 1.0, "system_has_asked_question": false}, "_sender": "DmeModule", "_reason": null, "event_type": "END_SYSTEM_TURN"}
2019-11-03 18:31:43,754 - tdm - DEBUG - FrontendConnectionHandler(id=140581047495248, session='2019-11-03T18_31_19_0'): OK
2019-11-03 18:31:43,754 - tdm - DEBUG - FrontendConnectionHandler(id=140581047495248, session='2019-11-03T18_31_19_0').on_event(Event(EXPECTED_PASSIVITY_DURATION, 1.0, sender=DmeModule, reason=None))
2019-11-03 18:31:43,754 - tdm - DEBUG - FrontendConnectionHandler(id=140581047495248, session='2019-11-03T18_31_19_0'): writing {"content": 1.0, "_sender": "DmeModule", "_reason": null, "event_type": "EXPECTED_PASSIVITY_DURATION"}
2019-11-03 18:31:43,754 - tdm - DEBUG - FrontendConnectionHandler(id=140581047495248, session='2019-11-03T18_31_19_0'): OK
2019-11-03 18:31:43,754 - tdm - DEBUG - FrontendConnectionHandler(id=140581047495248, session='2019-11-03T18_31_19_0').on_event(Event(SYSTEM_UTTERANCE_TO_SPEAK, ['The rating can be from 5 to 9.'], sender=None, reason=None))
2019-11-03 18:31:43,754 - tdm - DEBUG - FrontendConnectionHandler(id=140581047495248, session='2019-11-03T18_31_19_0'): writing {"content": ["The rating can be from 5 to 9."], "_sender": null, "_reason": null, "event_type": "SYSTEM_UTTERANCE_TO_SPEAK"}
2019-11-03 18:31:43,754 - tdm - DEBUG - FrontendConnectionHandler(id=140581047495248, session='2019-11-03T18_31_19_0'): OK
2019-11-03 18:31:43,754 - tdm - DEBUG - FrontendConnectionHandler(id=140581047495248, session='2019-11-03T18_31_19_0').on_event(Event(MESSAGE_TO_GUI, [Popup(The rating can be from 5 to 9., elements=[])], sender=None, reason=None))
2019-11-03 18:31:43,755 - tdm - DEBUG - FrontendConnectionHandler(id=140581047495248, session='2019-11-03T18_31_19_0'): writing {"content": [{"Popup": {"elements": [], "title": "The rating can be from 5 to 9."}}], "_sender": null, "_reason": null, "event_type": "MESSAGE_TO_GUI"}
2019-11-03 18:31:43,755 - tdm - DEBUG - FrontendConnectionHandler(id=140581047495248, session='2019-11-03T18_31_19_0'): OK
2019-11-03 18:31:43,755 - tdm - DEBUG - FrontendConnectionHandler(id=140581047495248, session='2019-11-03T18_31_19_0').on_event(Event(GUI.POPUP, {'options': [], 'title': 'The rating can be from 5 to 9.'}, sender=None, reason=None))
2019-11-03 18:31:43,755 - tdm - DEBUG - FrontendConnectionHandler(id=140581047495248, session='2019-11-03T18_31_19_0'): writing {"content": {"options": [], "title": "The rating can be from 5 to 9."}, "_sender": null, "_reason": null, "event_type": "GUI.POPUP"}
2019-11-03 18:31:43,755 - tdm - DEBUG - FrontendConnectionHandler(id=140581047495248, session='2019-11-03T18_31_19_0'): OK
2019-11-03 18:31:44,804 - tdm - DEBUG - FrontendConnectionHandler(id=140581047495248, session='2019-11-03T18_31_19_0').on_message({"content": null, "_sender": "Frontend", "_reason": null, "event_type": "PASSIVITY"})
2019-11-03 18:31:44,812 - tdm - DEBUG - DeviceHandler.query_all(?X.min_rating(X), {wine_type(wine_merlot), resolved(?X.wine_type(X)), max_price("40"), resolved(?X.max_price(X)), ask_min_rating(""), resolved(?X.ask_min_rating(X))}, eng)
2019-11-03 18:31:44,812 - tdm - DEBUG - DeviceHandler.query_all(?X.min_rating(X), {wine_type(wine_merlot), resolved(?X.wine_type(X)), max_price("40"), resolved(?X.max_price(X)), ask_min_rating(""), resolved(?X.ask_min_rating(X))}, eng)
2019-11-03 18:31:44,813 - tdm - DEBUG - DeviceHandler.query_all(?X.min_rating(X), {wine_type(wine_merlot), resolved(?X.wine_type(X)), max_price("40"), resolved(?X.max_price(X)), ask_min_rating(""), resolved(?X.ask_min_rating(X))}, eng)
2019-11-03 18:31:44,813 - tdm - DEBUG - DeviceHandler.query_all(?X.min_rating(X), {wine_type(wine_merlot), resolved(?X.wine_type(X)), max_price("40"), resolved(?X.max_price(X)), ask_min_rating(""), resolved(?X.ask_min_rating(X))}, eng)
2019-11-03 18:31:44,828 - tdm - DEBUG - DeviceHandler.query_all(?X.min_rating(X), {wine_type(wine_merlot), resolved(?X.wine_type(X)), max_price("40"), resolved(?X.max_price(X)), ask_min_rating(""), resolved(?X.ask_min_rating(X))}, eng)
2019-11-03 18:31:44,828 - tdm - DEBUG - DeviceHandler.query_all(?X.min_rating(X), {wine_type(wine_merlot), resolved(?X.wine_type(X)), max_price("40"), resolved(?X.max_price(X)), ask_min_rating(""), resolved(?X.ask_min_rating(X))}, eng)
2019-11-03 18:31:44,832 - tdm - DEBUG - FrontendConnectionHandler(id=140581047495248, session='2019-11-03T18_31_19_0').on_event(Event(FACTS, [{'predicate': 'wine_type', 'grammar_entry': 'merlot', 'value': 'wine_merlot'}, {'predicate': 'max_price', 'grammar_entry': None, 'value': '40'}, {'predicate': 'ask_min_rating', 'grammar_entry': None, 'value': ''}], sender=DmeModule, reason=None))
2019-11-03 18:31:44,832 - tdm - DEBUG - FrontendConnectionHandler(id=140581047495248, session='2019-11-03T18_31_19_0'): writing {"content": [{"predicate": "wine_type", "grammar_entry": "merlot", "value": "wine_merlot"}, {"predicate": "max_price", "grammar_entry": null, "value": "40"}, {"predicate": "ask_min_rating", "grammar_entry": null, "value": ""}], "_sender": "DmeModule", "_reason": null, "event_type": "FACTS"}
2019-11-03 18:31:44,832 - tdm - DEBUG - FrontendConnectionHandler(id=140581047495248, session='2019-11-03T18_31_19_0'): OK
2019-11-03 18:31:44,832 - tdm - DEBUG - FrontendConnectionHandler(id=140581047495248, session='2019-11-03T18_31_19_0').on_event(Event(FACTS, [{'predicate': 'wine_type', 'grammar_entry': 'merlot', 'value': 'wine_merlot'}, {'predicate': 'max_price', 'grammar_entry': None, 'value': '40'}, {'predicate': 'ask_min_rating', 'grammar_entry': None, 'value': ''}], sender=DmeModule, reason=None))
2019-11-03 18:31:44,832 - tdm - DEBUG - FrontendConnectionHandler(id=140581047495248, session='2019-11-03T18_31_19_0'): writing {"content": [{"predicate": "wine_type", "grammar_entry": "merlot", "value": "wine_merlot"}, {"predicate": "max_price", "grammar_entry": null, "value": "40"}, {"predicate": "ask_min_rating", "grammar_entry": null, "value": ""}], "_sender": "DmeModule", "_reason": null, "event_type": "FACTS"}
2019-11-03 18:31:44,833 - tdm - DEBUG - FrontendConnectionHandler(id=140581047495248, session='2019-11-03T18_31_19_0'): OK
2019-11-03 18:31:44,833 - tdm - DEBUG - FrontendConnectionHandler(id=140581047495248, session='2019-11-03T18_31_19_0').on_event(Event(END_SYSTEM_TURN, {'passivity_duration': None, 'system_has_asked_question': True}, sender=DmeModule, reason=None))
2019-11-03 18:31:44,833 - tdm - DEBUG - FrontendConnectionHandler(id=140581047495248, session='2019-11-03T18_31_19_0'): writing {"content": {"passivity_duration": null, "system_has_asked_question": true}, "_sender": "DmeModule", "_reason": null, "event_type": "END_SYSTEM_TURN"}
2019-11-03 18:31:44,833 - tdm - DEBUG - FrontendConnectionHandler(id=140581047495248, session='2019-11-03T18_31_19_0'): OK
2019-11-03 18:31:44,833 - tdm - DEBUG - FrontendConnectionHandler(id=140581047495248, session='2019-11-03T18_31_19_0').on_event(Event(SYSTEM_UTTERANCE_TO_SPEAK, ['Returning to get a wine recommendation.', 'Minimum rating?'], sender=None, reason=None))
2019-11-03 18:31:44,833 - tdm - DEBUG - FrontendConnectionHandler(id=140581047495248, session='2019-11-03T18_31_19_0'): writing {"content": ["Returning to get a wine recommendation.", "Minimum rating?"], "_sender": null, "_reason": null, "event_type": "SYSTEM_UTTERANCE_TO_SPEAK"}
2019-11-03 18:31:44,833 - tdm - DEBUG - FrontendConnectionHandler(id=140581047495248, session='2019-11-03T18_31_19_0'): OK
2019-11-03 18:31:44,833 - tdm - DEBUG - FrontendConnectionHandler(id=140581047495248, session='2019-11-03T18_31_19_0').on_event(Event(MESSAGE_TO_GUI, [ClosePopup()], sender=None, reason=None))
2019-11-03 18:31:44,833 - tdm - DEBUG - FrontendConnectionHandler(id=140581047495248, session='2019-11-03T18_31_19_0'): writing {"content": [{"ClosePopup": {}}], "_sender": null, "_reason": null, "event_type": "MESSAGE_TO_GUI"}
2019-11-03 18:31:44,833 - tdm - DEBUG - FrontendConnectionHandler(id=140581047495248, session='2019-11-03T18_31_19_0'): OK
2019-11-03 18:31:48,638 - tdm - DEBUG - FrontendConnectionHandler(id=140581047495248, session='2019-11-03T18_31_19_0').on_close()
2019-11-03 18:31:48,638 - tdm - DEBUG - SessionManager.stop('2019-11-03T18_31_19_0')
2019-11-03 18:31:48,640 - tdm - DEBUG - TdmApplication.stop(): Stopping HTTP server
2019-11-03 18:31:48,641 - tdm - DEBUG - TdmApplication.stop(): Stopping IO-loop
2019-11-03 18:31:48,641 - tdm - DEBUG - TdmApplication.stop(): Stopping sessions []
