2019-11-03 18:30:59,913 - tdm - DEBUG - EntityDb(wine): add_entity(sort=u'wine', grammar_entry='cava', name=u'wine_cava')
2019-11-03 18:30:59,913 - tdm - DEBUG - EntityDb(wine): add_entity returns u'wine_cava'
2019-11-03 18:30:59,913 - tdm - DEBUG - EntityDb(wine): add_entity(sort=u'food', grammar_entry='yellow curry', name=u'food_yellowcurry')
2019-11-03 18:30:59,913 - tdm - DEBUG - EntityDb(wine): add_entity returns u'food_yellowcurry'
2019-11-03 18:30:59,913 - tdm - DEBUG - EntityDb(wine): add_entity(sort=u'wine', grammar_entry='chardonnay', name=u'wine_chardonnay')
2019-11-03 18:30:59,913 - tdm - DEBUG - EntityDb(wine): add_entity returns u'wine_chardonnay'
2019-11-03 18:30:59,913 - tdm - DEBUG - EntityDb(wine): add_entity(sort=u'food', grammar_entry='pizza', name=u'food_pizza')
2019-11-03 18:30:59,913 - tdm - DEBUG - EntityDb(wine): add_entity returns u'food_pizza'
2019-11-03 18:30:59,913 - tdm - DEBUG - EntityDb(wine): add_entity(sort=u'food', grammar_entry='pasta', name=u'food_pasta')
2019-11-03 18:30:59,913 - tdm - DEBUG - EntityDb(wine): add_entity returns u'food_pasta'
2019-11-03 18:30:59,913 - tdm - DEBUG - EntityDb(wine): add_entity(sort=u'wine', grammar_entry='sparkling', name=u'wine_sparkling')
2019-11-03 18:30:59,914 - tdm - DEBUG - EntityDb(wine): add_entity returns u'wine_sparkling'
2019-11-03 18:30:59,914 - tdm - DEBUG - EntityDb(wine): add_entity(sort=u'food', grammar_entry='italian', name=u'food_italian')
2019-11-03 18:30:59,914 - tdm - DEBUG - EntityDb(wine): add_entity returns u'food_italian'
2019-11-03 18:30:59,914 - tdm - DEBUG - EntityDb(wine): add_entity(sort=u'per_rating', grammar_entry='6', name=u'pointsix')
2019-11-03 18:30:59,914 - tdm - DEBUG - EntityDb(wine): add_entity returns u'pointsix'
2019-11-03 18:30:59,914 - tdm - DEBUG - EntityDb(wine): add_entity(sort=u'wine', grammar_entry='sangiovese', name=u'wine_sangiovese')
2019-11-03 18:30:59,914 - tdm - DEBUG - EntityDb(wine): add_entity returns u'wine_sangiovese'
2019-11-03 18:30:59,914 - tdm - DEBUG - EntityDb(wine): add_entity(sort=u'wine', grammar_entry='prosecco', name=u'wine_prosecco')
2019-11-03 18:30:59,914 - tdm - DEBUG - EntityDb(wine): add_entity returns u'wine_prosecco'
2019-11-03 18:30:59,914 - tdm - DEBUG - EntityDb(wine): add_entity(sort=u'food', grammar_entry='japanese', name=u'food_japanese')
2019-11-03 18:30:59,914 - tdm - DEBUG - EntityDb(wine): add_entity returns u'food_japanese'
2019-11-03 18:30:59,914 - tdm - DEBUG - EntityDb(wine): add_entity(sort=u'food', grammar_entry='french', name=u'food_french')
2019-11-03 18:30:59,914 - tdm - DEBUG - EntityDb(wine): add_entity returns u'food_french'
2019-11-03 18:30:59,915 - tdm - DEBUG - EntityDb(wine): add_entity(sort=u'wine', grammar_entry='pinot noir', name=u'wine_pinotnoir')
2019-11-03 18:30:59,915 - tdm - DEBUG - EntityDb(wine): add_entity returns u'wine_pinotnoir'
2019-11-03 18:30:59,915 - tdm - DEBUG - EntityDb(wine): add_entity(sort=u'per_rating', grammar_entry='7', name=u'pointseven')
2019-11-03 18:30:59,915 - tdm - DEBUG - EntityDb(wine): add_entity returns u'pointseven'
2019-11-03 18:30:59,915 - tdm - DEBUG - EntityDb(wine): add_entity(sort=u'food', grammar_entry='tuna', name=u'food_tuna')
2019-11-03 18:30:59,915 - tdm - DEBUG - EntityDb(wine): add_entity returns u'food_tuna'
2019-11-03 18:30:59,915 - tdm - DEBUG - EntityDb(wine): add_entity(sort=u'wine', grammar_entry='riesling', name=u'wine_riesling')
2019-11-03 18:30:59,915 - tdm - DEBUG - EntityDb(wine): add_entity returns u'wine_riesling'
2019-11-03 18:30:59,915 - tdm - DEBUG - EntityDb(wine): add_entity(sort=u'food', grammar_entry='chinese', name=u'food_chinese')
2019-11-03 18:30:59,915 - tdm - DEBUG - EntityDb(wine): add_entity returns u'food_chinese'
2019-11-03 18:30:59,915 - tdm - DEBUG - EntityDb(wine): add_entity(sort=u'food', grammar_entry='salmon', name=u'food_salmon')
2019-11-03 18:30:59,915 - tdm - DEBUG - EntityDb(wine): add_entity returns u'food_salmon'
2019-11-03 18:30:59,915 - tdm - DEBUG - EntityDb(wine): add_entity(sort=u'food', grammar_entry='lasagna', name=u'food_lasagna')
2019-11-03 18:30:59,915 - tdm - DEBUG - EntityDb(wine): add_entity returns u'food_lasagna'
2019-11-03 18:30:59,915 - tdm - DEBUG - EntityDb(wine): add_entity(sort=u'per_rating', grammar_entry='9', name=u'pointnine')
2019-11-03 18:30:59,915 - tdm - DEBUG - EntityDb(wine): add_entity returns u'pointnine'
2019-11-03 18:30:59,915 - tdm - DEBUG - EntityDb(wine): add_entity(sort=u'wine', grammar_entry='sherry', name=u'wine_sherry')
2019-11-03 18:30:59,916 - tdm - DEBUG - EntityDb(wine): add_entity returns u'wine_sherry'
2019-11-03 18:30:59,916 - tdm - DEBUG - EntityDb(wine): add_entity(sort=u'food', grammar_entry='steak', name=u'food_steak')
2019-11-03 18:30:59,916 - tdm - DEBUG - EntityDb(wine): add_entity returns u'food_steak'
2019-11-03 18:30:59,916 - tdm - DEBUG - EntityDb(wine): add_entity(sort=u'wine', grammar_entry='merlot', name=u'wine_merlot')
2019-11-03 18:30:59,916 - tdm - DEBUG - EntityDb(wine): add_entity returns u'wine_merlot'
2019-11-03 18:30:59,916 - tdm - DEBUG - EntityDb(wine): add_entity(sort=u'food', grammar_entry='salad', name=u'food_salad')
2019-11-03 18:30:59,916 - tdm - DEBUG - EntityDb(wine): add_entity returns u'food_salad'
2019-11-03 18:30:59,916 - tdm - DEBUG - EntityDb(wine): add_entity(sort=u'food', grammar_entry='pate', name=u'food_pate')
2019-11-03 18:30:59,916 - tdm - DEBUG - EntityDb(wine): add_entity returns u'food_pate'
2019-11-03 18:30:59,916 - tdm - DEBUG - EntityDb(wine): add_entity(sort=u'wine', grammar_entry='rose', name=u'wine_rose')
2019-11-03 18:30:59,916 - tdm - DEBUG - EntityDb(wine): add_entity returns u'wine_rose'
2019-11-03 18:30:59,916 - tdm - DEBUG - EntityDb(wine): add_entity(sort=u'food', grammar_entry='risotto', name=u'food_risotto')
2019-11-03 18:30:59,916 - tdm - DEBUG - EntityDb(wine): add_entity returns u'food_risotto'
2019-11-03 18:30:59,916 - tdm - DEBUG - EntityDb(wine): add_entity(sort=u'food', grammar_entry='paella', name=u'food_paella')
2019-11-03 18:30:59,916 - tdm - DEBUG - EntityDb(wine): add_entity returns u'food_paella'
2019-11-03 18:30:59,916 - tdm - DEBUG - EntityDb(wine): add_entity(sort=u'food', grammar_entry='spanish', name=u'food_spanish')
2019-11-03 18:30:59,917 - tdm - DEBUG - EntityDb(wine): add_entity returns u'food_spanish'
2019-11-03 18:30:59,917 - tdm - DEBUG - EntityDb(wine): add_entity(sort=u'per_rating', grammar_entry='8', name=u'pointeight')
2019-11-03 18:30:59,917 - tdm - DEBUG - EntityDb(wine): add_entity returns u'pointeight'
2019-11-03 18:30:59,917 - tdm - DEBUG - EntityDb(wine): add_entity(sort=u'per_rating', grammar_entry='5', name=u'pointfive')
2019-11-03 18:30:59,917 - tdm - DEBUG - EntityDb(wine): add_entity returns u'pointfive'
2019-11-03 18:30:59,917 - tdm - DEBUG - DddDb().__init__(name='ddds', default_ddds=[u'wine'])
2019-11-03 18:30:59,917 - tdm - DEBUG - DddDb(): DB file name is '/home/leidoptera/Documents/dialogue-systems2-2019/wine/wine/ddds.json'
2019-11-03 18:30:59,922 - tdm - DEBUG - FrontendConnectionHandler(id=140230258813520, session=None).open()
2019-11-03 18:30:59,923 - tdm - DEBUG - FrontendConnectionHandler(id=140230258813520, session=None).on_message({"handshake_content": {"session_id": null, "keep_session_alive": false}, "name": "Frontend"})
2019-11-03 18:30:59,924 - tdm - DEBUG - thread_manager.create_thread() with threading.active_count()=3
2019-11-03 18:30:59,924 - tdm - DEBUG - FrontendConnectionHandler(id=140230258813520, session=None)._register({"handshake_content": {"session_id": null, "keep_session_alive": false}, "name": "Frontend"})
2019-11-03 18:30:59,924 - tdm - DEBUG - thread_manager.create_thread() with threading.active_count()=4
2019-11-03 18:30:59,924 - tdm - DEBUG - Creating backend and session with id 2019-11-03T18_30_59_0.
2019-11-03 18:30:59,926 - tdm - DEBUG - FrontendConnectionHandler(id=140230258813520, session='2019-11-03T18_30_59_0'): writing {"content": "2019-11-03T18_30_59_0", "_sender": null, "_reason": null, "event_type": "SESSION_ID"}
2019-11-03 18:30:59,926 - tdm - DEBUG - FrontendConnectionHandler(id=140230258813520, session='2019-11-03T18_30_59_0'): OK
2019-11-03 18:30:59,926 - tdm - DEBUG - FrontendConnectionHandler._register: Registered in session 2019-11-03T18_30_59_0 with backend <tdm.backend.Backend object at 0x7f89e63dd990>.
2019-11-03 18:30:59,927 - tdm - DEBUG - FrontendConnectionHandler(id=140230258813520, session='2019-11-03T18_30_59_0').on_message({"content": null, "_sender": "Frontend", "_reason": null, "event_type": "START"})
2019-11-03 18:30:59,946 - tdm - DEBUG - FrontendConnectionHandler(id=140230258813520, session='2019-11-03T18_30_59_0').on_event(Event(SET_DDD, {'ddd_name': 'wine', 'language_code': 'eng'}, sender=DmeModule, reason=None))
2019-11-03 18:30:59,946 - tdm - DEBUG - FrontendConnectionHandler(id=140230258813520, session='2019-11-03T18_30_59_0'): writing {"content": {"ddd_name": "wine", "language_code": "eng"}, "_sender": "DmeModule", "_reason": null, "event_type": "SET_DDD"}
2019-11-03 18:30:59,946 - tdm - DEBUG - FrontendConnectionHandler(id=140230258813520, session='2019-11-03T18_30_59_0'): OK
2019-11-03 18:30:59,946 - tdm - DEBUG - FrontendConnectionHandler(id=140230258813520, session='2019-11-03T18_30_59_0').on_event(Event(FACTS, [], sender=DmeModule, reason=None))
2019-11-03 18:30:59,947 - tdm - DEBUG - FrontendConnectionHandler(id=140230258813520, session='2019-11-03T18_30_59_0'): writing {"content": [], "_sender": "DmeModule", "_reason": null, "event_type": "FACTS"}
2019-11-03 18:30:59,947 - tdm - DEBUG - FrontendConnectionHandler(id=140230258813520, session='2019-11-03T18_30_59_0'): OK
2019-11-03 18:30:59,947 - tdm - DEBUG - FrontendConnectionHandler(id=140230258813520, session='2019-11-03T18_30_59_0').on_event(Event(FACTS, [], sender=DmeModule, reason=None))
2019-11-03 18:30:59,947 - tdm - DEBUG - FrontendConnectionHandler(id=140230258813520, session='2019-11-03T18_30_59_0'): writing {"content": [], "_sender": "DmeModule", "_reason": null, "event_type": "FACTS"}
2019-11-03 18:30:59,947 - tdm - DEBUG - FrontendConnectionHandler(id=140230258813520, session='2019-11-03T18_30_59_0'): OK
2019-11-03 18:30:59,947 - tdm - DEBUG - FrontendConnectionHandler(id=140230258813520, session='2019-11-03T18_30_59_0').on_event(Event(END_SYSTEM_TURN, {'passivity_duration': None, 'system_has_asked_question': True}, sender=DmeModule, reason=None))
2019-11-03 18:30:59,947 - tdm - DEBUG - FrontendConnectionHandler(id=140230258813520, session='2019-11-03T18_30_59_0'): writing {"content": {"passivity_duration": null, "system_has_asked_question": true}, "_sender": "DmeModule", "_reason": null, "event_type": "END_SYSTEM_TURN"}
2019-11-03 18:30:59,947 - tdm - DEBUG - FrontendConnectionHandler(id=140230258813520, session='2019-11-03T18_30_59_0'): OK
2019-11-03 18:30:59,948 - tdm - DEBUG - FrontendConnectionHandler(id=140230258813520, session='2019-11-03T18_30_59_0').on_event(Event(SYSTEM_UTTERANCE_TO_SPEAK, ['Do you want to get a wine pairing or get a wine recommendation?'], sender=None, reason=None))
2019-11-03 18:30:59,948 - tdm - DEBUG - FrontendConnectionHandler(id=140230258813520, session='2019-11-03T18_30_59_0'): writing {"content": ["Do you want to get a wine pairing or get a wine recommendation?"], "_sender": null, "_reason": null, "event_type": "SYSTEM_UTTERANCE_TO_SPEAK"}
2019-11-03 18:30:59,948 - tdm - DEBUG - FrontendConnectionHandler(id=140230258813520, session='2019-11-03T18_30_59_0'): OK
2019-11-03 18:30:59,948 - tdm - DEBUG - FrontendConnectionHandler(id=140230258813520, session='2019-11-03T18_30_59_0').on_event(Event(MESSAGE_TO_GUI, [Screen(top, Top, [<tdm.nlg.tdm_gui_protocol.Element instance at 0x7f89e6c68710>])], sender=None, reason=None))
2019-11-03 18:30:59,949 - tdm - DEBUG - FrontendConnectionHandler(id=140230258813520, session='2019-11-03T18_30_59_0'): writing {"content": [{"Screen": {"elements": [{"Element": {"name": "move", "title": "", "items": [{"Item": {"attributes": null, "selected": false, "predicted": false, "value": "request(get_wine_pairing)", "title": "Get a wine pairing"}}, {"Item": {"attributes": null, "selected": false, "predicted": false, "value": "request(get_wine_recommendation)", "title": "Get a wine recommendation"}}], "format": "", "voice_browsed": false, "value": "", "template": "menu", "type": "list"}}], "name": "top", "title": "Top"}}], "_sender": null, "_reason": null, "event_type": "MESSAGE_TO_GUI"}
2019-11-03 18:30:59,949 - tdm - DEBUG - FrontendConnectionHandler(id=140230258813520, session='2019-11-03T18_30_59_0'): OK
2019-11-03 18:31:05,246 - tdm - DEBUG - FrontendConnectionHandler(id=140230258813520, session='2019-11-03T18_30_59_0').on_message({"content": [{"score": 1.0, "utterance": "get a wine recommendation"}], "_sender": "TextInputComponent", "_reason": null, "event_type": "RECOGNITION"})
2019-11-03 18:31:05,268 - tdm - DEBUG - DeviceHandler.query_all(?X.wine_type(X), {}, eng)
2019-11-03 18:31:05,268 - tdm - DEBUG - DeviceHandler.query_all(?X.wine_type(X), {}, eng)
2019-11-03 18:31:05,270 - tdm - DEBUG - DeviceHandler.query_all(?X.wine_type(X), {}, eng)
2019-11-03 18:31:05,270 - tdm - DEBUG - DeviceHandler.query_all(?X.wine_type(X), {}, eng)
2019-11-03 18:31:05,285 - tdm - DEBUG - DeviceHandler.query_all(?X.wine_type(X), {}, eng)
2019-11-03 18:31:05,286 - tdm - DEBUG - DeviceHandler.query_all(?X.wine_type(X), {}, eng)
2019-11-03 18:31:05,288 - tdm - DEBUG - FrontendConnectionHandler(id=140230258813520, session='2019-11-03T18_30_59_0').on_event(Event(SELECTED_RECOGNITION, 'get a wine recommendation', sender=DmeModule, reason=None))
2019-11-03 18:31:05,288 - tdm - DEBUG - FrontendConnectionHandler(id=140230258813520, session='2019-11-03T18_30_59_0'): writing {"content": "get a wine recommendation", "_sender": "DmeModule", "_reason": null, "event_type": "SELECTED_RECOGNITION"}
2019-11-03 18:31:05,288 - tdm - DEBUG - FrontendConnectionHandler(id=140230258813520, session='2019-11-03T18_30_59_0'): OK
2019-11-03 18:31:05,289 - tdm - DEBUG - FrontendConnectionHandler(id=140230258813520, session='2019-11-03T18_30_59_0').on_event(Event(FACTS, [], sender=DmeModule, reason=None))
2019-11-03 18:31:05,289 - tdm - DEBUG - FrontendConnectionHandler(id=140230258813520, session='2019-11-03T18_30_59_0'): writing {"content": [], "_sender": "DmeModule", "_reason": null, "event_type": "FACTS"}
2019-11-03 18:31:05,289 - tdm - DEBUG - FrontendConnectionHandler(id=140230258813520, session='2019-11-03T18_30_59_0'): OK
2019-11-03 18:31:05,289 - tdm - DEBUG - FrontendConnectionHandler(id=140230258813520, session='2019-11-03T18_30_59_0').on_event(Event(FACTS, [], sender=DmeModule, reason=None))
2019-11-03 18:31:05,289 - tdm - DEBUG - FrontendConnectionHandler(id=140230258813520, session='2019-11-03T18_30_59_0'): writing {"content": [], "_sender": "DmeModule", "_reason": null, "event_type": "FACTS"}
2019-11-03 18:31:05,289 - tdm - DEBUG - FrontendConnectionHandler(id=140230258813520, session='2019-11-03T18_30_59_0'): OK
2019-11-03 18:31:05,289 - tdm - DEBUG - FrontendConnectionHandler(id=140230258813520, session='2019-11-03T18_30_59_0').on_event(Event(END_SYSTEM_TURN, {'passivity_duration': None, 'system_has_asked_question': True}, sender=DmeModule, reason=None))
2019-11-03 18:31:05,289 - tdm - DEBUG - FrontendConnectionHandler(id=140230258813520, session='2019-11-03T18_30_59_0'): writing {"content": {"passivity_duration": null, "system_has_asked_question": true}, "_sender": "DmeModule", "_reason": null, "event_type": "END_SYSTEM_TURN"}
2019-11-03 18:31:05,290 - tdm - DEBUG - FrontendConnectionHandler(id=140230258813520, session='2019-11-03T18_30_59_0'): OK
2019-11-03 18:31:05,290 - tdm - DEBUG - FrontendConnectionHandler(id=140230258813520, session='2019-11-03T18_30_59_0').on_event(Event(SYSTEM_UTTERANCE_TO_SPEAK, ['', '', 'What is the wine type?'], sender=None, reason=None))
2019-11-03 18:31:05,290 - tdm - DEBUG - FrontendConnectionHandler(id=140230258813520, session='2019-11-03T18_30_59_0'): writing {"content": ["", "", "What is the wine type?"], "_sender": null, "_reason": null, "event_type": "SYSTEM_UTTERANCE_TO_SPEAK"}
2019-11-03 18:31:05,290 - tdm - DEBUG - FrontendConnectionHandler(id=140230258813520, session='2019-11-03T18_30_59_0'): OK
2019-11-03 18:31:05,290 - tdm - DEBUG - FrontendConnectionHandler(id=140230258813520, session='2019-11-03T18_30_59_0').on_event(Event(MESSAGE_TO_GUI, [], sender=None, reason=None))
2019-11-03 18:31:05,290 - tdm - DEBUG - FrontendConnectionHandler(id=140230258813520, session='2019-11-03T18_30_59_0'): writing {"content": [], "_sender": null, "_reason": null, "event_type": "MESSAGE_TO_GUI"}
2019-11-03 18:31:05,290 - tdm - DEBUG - FrontendConnectionHandler(id=140230258813520, session='2019-11-03T18_30_59_0'): OK
2019-11-03 18:31:07,670 - tdm - DEBUG - FrontendConnectionHandler(id=140230258813520, session='2019-11-03T18_30_59_0').on_message({"content": [{"score": 1.0, "utterance": "merlto"}], "_sender": "TextInputComponent", "_reason": null, "event_type": "RECOGNITION"})
2019-11-03 18:31:07,674 - tdm - DEBUG - DeviceHandler.recognize(merlto, eng)
2019-11-03 18:31:07,693 - tdm - DEBUG - DeviceHandler.query_all(?X.wine_type(X), {}, eng)
2019-11-03 18:31:07,694 - tdm - DEBUG - DeviceHandler.query_all(?X.wine_type(X), {}, eng)
2019-11-03 18:31:07,700 - tdm - DEBUG - DeviceHandler.query_all(?X.wine_type(X), {}, eng)
2019-11-03 18:31:07,700 - tdm - DEBUG - DeviceHandler.query_all(?X.wine_type(X), {}, eng)
2019-11-03 18:31:07,728 - tdm - DEBUG - DeviceHandler.query_all(?X.wine_type(X), {}, eng)
2019-11-03 18:31:07,729 - tdm - DEBUG - DeviceHandler.query_all(?X.wine_type(X), {}, eng)
2019-11-03 18:31:07,732 - tdm - DEBUG - FrontendConnectionHandler(id=140230258813520, session='2019-11-03T18_30_59_0').on_event(Event(FACTS, [], sender=DmeModule, reason=None))
2019-11-03 18:31:07,732 - tdm - DEBUG - FrontendConnectionHandler(id=140230258813520, session='2019-11-03T18_30_59_0'): writing {"content": [], "_sender": "DmeModule", "_reason": null, "event_type": "FACTS"}
2019-11-03 18:31:07,732 - tdm - DEBUG - FrontendConnectionHandler(id=140230258813520, session='2019-11-03T18_30_59_0'): OK
2019-11-03 18:31:07,732 - tdm - DEBUG - FrontendConnectionHandler(id=140230258813520, session='2019-11-03T18_30_59_0').on_event(Event(FACTS, [], sender=DmeModule, reason=None))
2019-11-03 18:31:07,732 - tdm - DEBUG - FrontendConnectionHandler(id=140230258813520, session='2019-11-03T18_30_59_0'): writing {"content": [], "_sender": "DmeModule", "_reason": null, "event_type": "FACTS"}
2019-11-03 18:31:07,732 - tdm - DEBUG - FrontendConnectionHandler(id=140230258813520, session='2019-11-03T18_30_59_0'): OK
2019-11-03 18:31:07,733 - tdm - DEBUG - FrontendConnectionHandler(id=140230258813520, session='2019-11-03T18_30_59_0').on_event(Event(END_SYSTEM_TURN, {'passivity_duration': None, 'system_has_asked_question': True}, sender=DmeModule, reason=None))
2019-11-03 18:31:07,733 - tdm - DEBUG - FrontendConnectionHandler(id=140230258813520, session='2019-11-03T18_30_59_0'): writing {"content": {"passivity_duration": null, "system_has_asked_question": true}, "_sender": "DmeModule", "_reason": null, "event_type": "END_SYSTEM_TURN"}
2019-11-03 18:31:07,733 - tdm - DEBUG - FrontendConnectionHandler(id=140230258813520, session='2019-11-03T18_30_59_0'): OK
2019-11-03 18:31:07,733 - tdm - DEBUG - FrontendConnectionHandler(id=140230258813520, session='2019-11-03T18_30_59_0').on_event(Event(SYSTEM_UTTERANCE_TO_SPEAK, ['I heard you say merlto.', 'I don't understand.', 'So,', 'What is the wine type?'], sender=None, reason=None))
2019-11-03 18:31:07,733 - tdm - DEBUG - FrontendConnectionHandler(id=140230258813520, session='2019-11-03T18_30_59_0'): writing {"content": ["I heard you say merlto.", "I don't understand.", "So,", "What is the wine type?"], "_sender": null, "_reason": null, "event_type": "SYSTEM_UTTERANCE_TO_SPEAK"}
2019-11-03 18:31:07,733 - tdm - DEBUG - FrontendConnectionHandler(id=140230258813520, session='2019-11-03T18_30_59_0'): OK
2019-11-03 18:31:07,733 - tdm - DEBUG - FrontendConnectionHandler(id=140230258813520, session='2019-11-03T18_30_59_0').on_event(Event(MESSAGE_TO_GUI, [], sender=None, reason=None))
2019-11-03 18:31:07,733 - tdm - DEBUG - FrontendConnectionHandler(id=140230258813520, session='2019-11-03T18_30_59_0'): writing {"content": [], "_sender": null, "_reason": null, "event_type": "MESSAGE_TO_GUI"}
2019-11-03 18:31:07,733 - tdm - DEBUG - FrontendConnectionHandler(id=140230258813520, session='2019-11-03T18_30_59_0'): OK
2019-11-03 18:31:10,046 - tdm - DEBUG - FrontendConnectionHandler(id=140230258813520, session='2019-11-03T18_30_59_0').on_message({"content": [{"score": 1.0, "utterance": "merlot"}], "_sender": "TextInputComponent", "_reason": null, "event_type": "RECOGNITION"})
2019-11-03 18:31:10,057 - tdm - DEBUG - DeviceHandler.query_all(?X.wine_type(X), {}, eng)
2019-11-03 18:31:10,062 - tdm - DEBUG - DeviceHandler.is_valid_parameter(wine_type(wine_merlot), {}, eng)
2019-11-03 18:31:10,065 - tdm - DEBUG - DeviceHandler.query_all(?X.max_price(X), {wine_type(wine_merlot), resolved(?X.wine_type(X))}, eng)
2019-11-03 18:31:10,065 - tdm - DEBUG - DeviceHandler.query_all(?X.max_price(X), {wine_type(wine_merlot), resolved(?X.wine_type(X))}, eng)
2019-11-03 18:31:10,066 - tdm - DEBUG - DeviceHandler.query_all(?X.max_price(X), {wine_type(wine_merlot), resolved(?X.wine_type(X))}, eng)
2019-11-03 18:31:10,066 - tdm - DEBUG - DeviceHandler.query_all(?X.max_price(X), {wine_type(wine_merlot), resolved(?X.wine_type(X))}, eng)
2019-11-03 18:31:10,079 - tdm - DEBUG - DeviceHandler.query_all(?X.max_price(X), {wine_type(wine_merlot), resolved(?X.wine_type(X))}, eng)
2019-11-03 18:31:10,079 - tdm - DEBUG - DeviceHandler.query_all(?X.max_price(X), {wine_type(wine_merlot), resolved(?X.wine_type(X))}, eng)
2019-11-03 18:31:10,082 - tdm - DEBUG - FrontendConnectionHandler(id=140230258813520, session='2019-11-03T18_30_59_0').on_event(Event(SELECTED_RECOGNITION, 'merlot', sender=DmeModule, reason=None))
2019-11-03 18:31:10,082 - tdm - DEBUG - FrontendConnectionHandler(id=140230258813520, session='2019-11-03T18_30_59_0'): writing {"content": "merlot", "_sender": "DmeModule", "_reason": null, "event_type": "SELECTED_RECOGNITION"}
2019-11-03 18:31:10,082 - tdm - DEBUG - FrontendConnectionHandler(id=140230258813520, session='2019-11-03T18_30_59_0'): OK
2019-11-03 18:31:10,082 - tdm - DEBUG - FrontendConnectionHandler(id=140230258813520, session='2019-11-03T18_30_59_0').on_event(Event(FACTS, [{'predicate': 'wine_type', 'grammar_entry': 'merlot', 'value': 'wine_merlot'}], sender=DmeModule, reason=None))
2019-11-03 18:31:10,082 - tdm - DEBUG - FrontendConnectionHandler(id=140230258813520, session='2019-11-03T18_30_59_0'): writing {"content": [{"predicate": "wine_type", "grammar_entry": "merlot", "value": "wine_merlot"}], "_sender": "DmeModule", "_reason": null, "event_type": "FACTS"}
2019-11-03 18:31:10,082 - tdm - DEBUG - FrontendConnectionHandler(id=140230258813520, session='2019-11-03T18_30_59_0'): OK
2019-11-03 18:31:10,082 - tdm - DEBUG - FrontendConnectionHandler(id=140230258813520, session='2019-11-03T18_30_59_0').on_event(Event(FACTS, [{'predicate': 'wine_type', 'grammar_entry': 'merlot', 'value': 'wine_merlot'}], sender=DmeModule, reason=None))
2019-11-03 18:31:10,083 - tdm - DEBUG - FrontendConnectionHandler(id=140230258813520, session='2019-11-03T18_30_59_0'): writing {"content": [{"predicate": "wine_type", "grammar_entry": "merlot", "value": "wine_merlot"}], "_sender": "DmeModule", "_reason": null, "event_type": "FACTS"}
2019-11-03 18:31:10,083 - tdm - DEBUG - FrontendConnectionHandler(id=140230258813520, session='2019-11-03T18_30_59_0'): OK
2019-11-03 18:31:10,083 - tdm - DEBUG - FrontendConnectionHandler(id=140230258813520, session='2019-11-03T18_30_59_0').on_event(Event(END_SYSTEM_TURN, {'passivity_duration': None, 'system_has_asked_question': True}, sender=DmeModule, reason=None))
2019-11-03 18:31:10,083 - tdm - DEBUG - FrontendConnectionHandler(id=140230258813520, session='2019-11-03T18_30_59_0'): writing {"content": {"passivity_duration": null, "system_has_asked_question": true}, "_sender": "DmeModule", "_reason": null, "event_type": "END_SYSTEM_TURN"}
2019-11-03 18:31:10,083 - tdm - DEBUG - FrontendConnectionHandler(id=140230258813520, session='2019-11-03T18_30_59_0'): OK
2019-11-03 18:31:10,083 - tdm - DEBUG - FrontendConnectionHandler(id=140230258813520, session='2019-11-03T18_30_59_0').on_event(Event(SYSTEM_UTTERANCE_TO_SPEAK, ['', 'Maximum price?'], sender=None, reason=None))
2019-11-03 18:31:10,083 - tdm - DEBUG - FrontendConnectionHandler(id=140230258813520, session='2019-11-03T18_30_59_0'): writing {"content": ["", "Maximum price?"], "_sender": null, "_reason": null, "event_type": "SYSTEM_UTTERANCE_TO_SPEAK"}
2019-11-03 18:31:10,083 - tdm - DEBUG - FrontendConnectionHandler(id=140230258813520, session='2019-11-03T18_30_59_0'): OK
2019-11-03 18:31:10,083 - tdm - DEBUG - FrontendConnectionHandler(id=140230258813520, session='2019-11-03T18_30_59_0').on_event(Event(MESSAGE_TO_GUI, [], sender=None, reason=None))
2019-11-03 18:31:10,084 - tdm - DEBUG - FrontendConnectionHandler(id=140230258813520, session='2019-11-03T18_30_59_0'): writing {"content": [], "_sender": null, "_reason": null, "event_type": "MESSAGE_TO_GUI"}
2019-11-03 18:31:10,084 - tdm - DEBUG - FrontendConnectionHandler(id=140230258813520, session='2019-11-03T18_30_59_0'): OK
2019-11-03 18:31:11,190 - tdm - DEBUG - FrontendConnectionHandler(id=140230258813520, session='2019-11-03T18_30_59_0').on_message({"content": [{"score": 1.0, "utterance": "40"}], "_sender": "TextInputComponent", "_reason": null, "event_type": "RECOGNITION"})
2019-11-03 18:31:11,194 - tdm - DEBUG - DeviceHandler.recognize(40, eng)
2019-11-03 18:31:11,209 - tdm - DEBUG - DeviceHandler.query_all(?X.max_price(X), {wine_type(wine_merlot), resolved(?X.wine_type(X))}, eng)
2019-11-03 18:31:11,227 - tdm - DEBUG - DeviceHandler.is_valid_parameter(max_price("40"), {wine_type(wine_merlot), resolved(?X.wine_type(X))}, eng)
2019-11-03 18:31:11,234 - tdm - DEBUG - DeviceHandler.query_all(?X.min_rating(X), {wine_type(wine_merlot), resolved(?X.wine_type(X)), max_price("40"), resolved(?X.max_price(X))}, eng)
2019-11-03 18:31:11,235 - tdm - DEBUG - DeviceHandler.query_all(?X.min_rating(X), {wine_type(wine_merlot), resolved(?X.wine_type(X)), max_price("40"), resolved(?X.max_price(X))}, eng)
2019-11-03 18:31:11,237 - tdm - DEBUG - DeviceHandler.query_all(?X.min_rating(X), {wine_type(wine_merlot), resolved(?X.wine_type(X)), max_price("40"), resolved(?X.max_price(X))}, eng)
2019-11-03 18:31:11,237 - tdm - DEBUG - DeviceHandler.query_all(?X.min_rating(X), {wine_type(wine_merlot), resolved(?X.wine_type(X)), max_price("40"), resolved(?X.max_price(X))}, eng)
2019-11-03 18:31:11,255 - tdm - DEBUG - DeviceHandler.query_all(?X.min_rating(X), {wine_type(wine_merlot), resolved(?X.wine_type(X)), max_price("40"), resolved(?X.max_price(X))}, eng)
2019-11-03 18:31:11,256 - tdm - DEBUG - DeviceHandler.query_all(?X.min_rating(X), {wine_type(wine_merlot), resolved(?X.wine_type(X)), max_price("40"), resolved(?X.max_price(X))}, eng)
2019-11-03 18:31:11,260 - tdm - DEBUG - FrontendConnectionHandler(id=140230258813520, session='2019-11-03T18_30_59_0').on_event(Event(SELECTED_RECOGNITION, '40', sender=DmeModule, reason=None))
2019-11-03 18:31:11,260 - tdm - DEBUG - FrontendConnectionHandler(id=140230258813520, session='2019-11-03T18_30_59_0'): writing {"content": "40", "_sender": "DmeModule", "_reason": null, "event_type": "SELECTED_RECOGNITION"}
2019-11-03 18:31:11,260 - tdm - DEBUG - FrontendConnectionHandler(id=140230258813520, session='2019-11-03T18_30_59_0'): OK
2019-11-03 18:31:11,260 - tdm - DEBUG - FrontendConnectionHandler(id=140230258813520, session='2019-11-03T18_30_59_0').on_event(Event(FACTS, [{'predicate': 'wine_type', 'grammar_entry': 'merlot', 'value': 'wine_merlot'}, {'predicate': 'max_price', 'grammar_entry': None, 'value': '40'}], sender=DmeModule, reason=None))
2019-11-03 18:31:11,260 - tdm - DEBUG - FrontendConnectionHandler(id=140230258813520, session='2019-11-03T18_30_59_0'): writing {"content": [{"predicate": "wine_type", "grammar_entry": "merlot", "value": "wine_merlot"}, {"predicate": "max_price", "grammar_entry": null, "value": "40"}], "_sender": "DmeModule", "_reason": null, "event_type": "FACTS"}
2019-11-03 18:31:11,260 - tdm - DEBUG - FrontendConnectionHandler(id=140230258813520, session='2019-11-03T18_30_59_0'): OK
2019-11-03 18:31:11,260 - tdm - DEBUG - FrontendConnectionHandler(id=140230258813520, session='2019-11-03T18_30_59_0').on_event(Event(FACTS, [{'predicate': 'wine_type', 'grammar_entry': 'merlot', 'value': 'wine_merlot'}, {'predicate': 'max_price', 'grammar_entry': None, 'value': '40'}], sender=DmeModule, reason=None))
2019-11-03 18:31:11,260 - tdm - DEBUG - FrontendConnectionHandler(id=140230258813520, session='2019-11-03T18_30_59_0'): writing {"content": [{"predicate": "wine_type", "grammar_entry": "merlot", "value": "wine_merlot"}, {"predicate": "max_price", "grammar_entry": null, "value": "40"}], "_sender": "DmeModule", "_reason": null, "event_type": "FACTS"}
2019-11-03 18:31:11,261 - tdm - DEBUG - FrontendConnectionHandler(id=140230258813520, session='2019-11-03T18_30_59_0'): OK
2019-11-03 18:31:11,261 - tdm - DEBUG - FrontendConnectionHandler(id=140230258813520, session='2019-11-03T18_30_59_0').on_event(Event(END_SYSTEM_TURN, {'passivity_duration': None, 'system_has_asked_question': True}, sender=DmeModule, reason=None))
2019-11-03 18:31:11,261 - tdm - DEBUG - FrontendConnectionHandler(id=140230258813520, session='2019-11-03T18_30_59_0'): writing {"content": {"passivity_duration": null, "system_has_asked_question": true}, "_sender": "DmeModule", "_reason": null, "event_type": "END_SYSTEM_TURN"}
2019-11-03 18:31:11,261 - tdm - DEBUG - FrontendConnectionHandler(id=140230258813520, session='2019-11-03T18_30_59_0'): OK
2019-11-03 18:31:11,261 - tdm - DEBUG - FrontendConnectionHandler(id=140230258813520, session='2019-11-03T18_30_59_0').on_event(Event(SYSTEM_UTTERANCE_TO_SPEAK, ['', 'Minimum rating?'], sender=None, reason=None))
2019-11-03 18:31:11,261 - tdm - DEBUG - FrontendConnectionHandler(id=140230258813520, session='2019-11-03T18_30_59_0'): writing {"content": ["", "Minimum rating?"], "_sender": null, "_reason": null, "event_type": "SYSTEM_UTTERANCE_TO_SPEAK"}
2019-11-03 18:31:11,261 - tdm - DEBUG - FrontendConnectionHandler(id=140230258813520, session='2019-11-03T18_30_59_0'): OK
2019-11-03 18:31:11,261 - tdm - DEBUG - FrontendConnectionHandler(id=140230258813520, session='2019-11-03T18_30_59_0').on_event(Event(MESSAGE_TO_GUI, [], sender=None, reason=None))
2019-11-03 18:31:11,261 - tdm - DEBUG - FrontendConnectionHandler(id=140230258813520, session='2019-11-03T18_30_59_0'): writing {"content": [], "_sender": null, "_reason": null, "event_type": "MESSAGE_TO_GUI"}
2019-11-03 18:31:11,261 - tdm - DEBUG - FrontendConnectionHandler(id=140230258813520, session='2019-11-03T18_30_59_0'): OK
2019-11-03 18:31:13,198 - tdm - DEBUG - FrontendConnectionHandler(id=140230258813520, session='2019-11-03T18_30_59_0').on_message({"content": [{"score": 1.0, "utterance": "5"}], "_sender": "TextInputComponent", "_reason": null, "event_type": "RECOGNITION"})
2019-11-03 18:31:13,223 - tdm - DEBUG - DeviceHandler.query_all(?X.min_rating(X), {wine_type(wine_merlot), resolved(?X.wine_type(X)), max_price("40"), resolved(?X.max_price(X))}, eng)
2019-11-03 18:31:13,239 - tdm - DEBUG - DeviceHandler.is_valid_parameter(min_rating(pointfive), {wine_type(wine_merlot), resolved(?X.wine_type(X)), max_price("40"), resolved(?X.max_price(X))}, eng)
2019-11-03 18:31:13,246 - tdm - DEBUG - DeviceHandler.query_all(?X.get_wine_recommendation_from_api(X), {wine_type(wine_merlot), resolved(?X.wine_type(X)), max_price("40"), resolved(?X.max_price(X)), min_rating(pointfive), resolved(?X.min_rating(X))}, eng)
2019-11-03 18:31:13,246 - tdm - DEBUG - DeviceHandler invocation ID: 68e87d43aa47840f66453e9a109f8cdc
2019-11-03 18:31:13,840 - tdm - DEBUG - DeviceHandler.perform(GetWineRecommendation, {wine_type(wine_merlot), resolved(?X.wine_type(X)), max_price("40"), resolved(?X.max_price(X)), min_rating(pointfive), resolved(?X.min_rating(X)), get_wine_recommendation_from_api("Rombauer Merlot")}, eng)
2019-11-03 18:31:13,840 - tdm - DEBUG - DeviceHandler invocation ID: ba48fe63a5bb242d83ad2160c3b19e51
2019-11-03 18:31:13,864 - tdm - DEBUG - FrontendConnectionHandler(id=140230258813520, session='2019-11-03T18_30_59_0').on_event(Event(SELECTED_RECOGNITION, '5', sender=DmeModule, reason=None))
2019-11-03 18:31:13,864 - tdm - DEBUG - FrontendConnectionHandler(id=140230258813520, session='2019-11-03T18_30_59_0'): writing {"content": "5", "_sender": "DmeModule", "_reason": null, "event_type": "SELECTED_RECOGNITION"}
2019-11-03 18:31:13,864 - tdm - DEBUG - FrontendConnectionHandler(id=140230258813520, session='2019-11-03T18_30_59_0'): OK
2019-11-03 18:31:13,864 - tdm - DEBUG - FrontendConnectionHandler(id=140230258813520, session='2019-11-03T18_30_59_0').on_event(Event(FACTS, [{'predicate': 'wine_type', 'grammar_entry': 'merlot', 'value': 'wine_merlot'}, {'predicate': 'max_price', 'grammar_entry': None, 'value': '40'}, {'predicate': 'min_rating', 'grammar_entry': '5', 'value': 'pointfive'}, {'predicate': 'get_wine_recommendation_from_api', 'grammar_entry': None, 'value': 'Rombauer Merlot'}], sender=DmeModule, reason=None))
2019-11-03 18:31:13,864 - tdm - DEBUG - FrontendConnectionHandler(id=140230258813520, session='2019-11-03T18_30_59_0'): writing {"content": [{"predicate": "wine_type", "grammar_entry": "merlot", "value": "wine_merlot"}, {"predicate": "max_price", "grammar_entry": null, "value": "40"}, {"predicate": "min_rating", "grammar_entry": "5", "value": "pointfive"}, {"predicate": "get_wine_recommendation_from_api", "grammar_entry": null, "value": "Rombauer Merlot"}], "_sender": "DmeModule", "_reason": null, "event_type": "FACTS"}
2019-11-03 18:31:13,865 - tdm - DEBUG - FrontendConnectionHandler(id=140230258813520, session='2019-11-03T18_30_59_0'): OK
2019-11-03 18:31:13,865 - tdm - DEBUG - FrontendConnectionHandler(id=140230258813520, session='2019-11-03T18_30_59_0').on_event(Event(FACTS, [{'predicate': 'wine_type', 'grammar_entry': 'merlot', 'value': 'wine_merlot'}, {'predicate': 'max_price', 'grammar_entry': None, 'value': '40'}, {'predicate': 'min_rating', 'grammar_entry': '5', 'value': 'pointfive'}, {'predicate': 'get_wine_recommendation_from_api', 'grammar_entry': None, 'value': 'Rombauer Merlot'}], sender=DmeModule, reason=None))
2019-11-03 18:31:13,865 - tdm - DEBUG - FrontendConnectionHandler(id=140230258813520, session='2019-11-03T18_30_59_0'): writing {"content": [{"predicate": "wine_type", "grammar_entry": "merlot", "value": "wine_merlot"}, {"predicate": "max_price", "grammar_entry": null, "value": "40"}, {"predicate": "min_rating", "grammar_entry": "5", "value": "pointfive"}, {"predicate": "get_wine_recommendation_from_api", "grammar_entry": null, "value": "Rombauer Merlot"}], "_sender": "DmeModule", "_reason": null, "event_type": "FACTS"}
2019-11-03 18:31:13,865 - tdm - DEBUG - FrontendConnectionHandler(id=140230258813520, session='2019-11-03T18_30_59_0'): OK
2019-11-03 18:31:13,865 - tdm - DEBUG - FrontendConnectionHandler(id=140230258813520, session='2019-11-03T18_30_59_0').on_event(Event(END_SYSTEM_TURN, {'passivity_duration': 1.0, 'system_has_asked_question': False}, sender=DmeModule, reason=None))
2019-11-03 18:31:13,865 - tdm - DEBUG - FrontendConnectionHandler(id=140230258813520, session='2019-11-03T18_30_59_0'): writing {"content": {"passivity_duration": 1.0, "system_has_asked_question": false}, "_sender": "DmeModule", "_reason": null, "event_type": "END_SYSTEM_TURN"}
2019-11-03 18:31:13,865 - tdm - DEBUG - FrontendConnectionHandler(id=140230258813520, session='2019-11-03T18_30_59_0'): OK
2019-11-03 18:31:13,866 - tdm - DEBUG - FrontendConnectionHandler(id=140230258813520, session='2019-11-03T18_30_59_0').on_event(Event(EXPECTED_PASSIVITY_DURATION, 1.0, sender=DmeModule, reason=None))
2019-11-03 18:31:13,866 - tdm - DEBUG - FrontendConnectionHandler(id=140230258813520, session='2019-11-03T18_30_59_0'): writing {"content": 1.0, "_sender": "DmeModule", "_reason": null, "event_type": "EXPECTED_PASSIVITY_DURATION"}
2019-11-03 18:31:13,866 - tdm - DEBUG - FrontendConnectionHandler(id=140230258813520, session='2019-11-03T18_30_59_0'): OK
2019-11-03 18:31:13,866 - tdm - DEBUG - FrontendConnectionHandler(id=140230258813520, session='2019-11-03T18_30_59_0').on_event(Event(SYSTEM_UTTERANCE_TO_SPEAK, ['', 'The wine recommendation is Rombauer Merlot.'], sender=None, reason=None))
2019-11-03 18:31:13,866 - tdm - DEBUG - FrontendConnectionHandler(id=140230258813520, session='2019-11-03T18_30_59_0'): writing {"content": ["", "The wine recommendation is Rombauer Merlot."], "_sender": null, "_reason": null, "event_type": "SYSTEM_UTTERANCE_TO_SPEAK"}
2019-11-03 18:31:13,866 - tdm - DEBUG - FrontendConnectionHandler(id=140230258813520, session='2019-11-03T18_30_59_0'): OK
2019-11-03 18:31:13,866 - tdm - DEBUG - FrontendConnectionHandler(id=140230258813520, session='2019-11-03T18_30_59_0').on_event(Event(MESSAGE_TO_GUI, [Popup(The wine recommendation is Rombauer Merlot., elements=[])], sender=None, reason=None))
2019-11-03 18:31:13,867 - tdm - DEBUG - FrontendConnectionHandler(id=140230258813520, session='2019-11-03T18_30_59_0'): writing {"content": [{"Popup": {"elements": [], "title": "The wine recommendation is Rombauer Merlot."}}], "_sender": null, "_reason": null, "event_type": "MESSAGE_TO_GUI"}
2019-11-03 18:31:13,867 - tdm - DEBUG - FrontendConnectionHandler(id=140230258813520, session='2019-11-03T18_30_59_0'): OK
2019-11-03 18:31:13,867 - tdm - DEBUG - FrontendConnectionHandler(id=140230258813520, session='2019-11-03T18_30_59_0').on_event(Event(GUI.POPUP, {'options': [], 'title': 'The wine recommendation is Rombauer Merlot.'}, sender=None, reason=None))
2019-11-03 18:31:13,867 - tdm - DEBUG - FrontendConnectionHandler(id=140230258813520, session='2019-11-03T18_30_59_0'): writing {"content": {"options": [], "title": "The wine recommendation is Rombauer Merlot."}, "_sender": null, "_reason": null, "event_type": "GUI.POPUP"}
2019-11-03 18:31:13,867 - tdm - DEBUG - FrontendConnectionHandler(id=140230258813520, session='2019-11-03T18_30_59_0'): OK
2019-11-03 18:31:14,885 - tdm - DEBUG - FrontendConnectionHandler(id=140230258813520, session='2019-11-03T18_30_59_0').on_message({"content": null, "_sender": "Frontend", "_reason": null, "event_type": "PASSIVITY"})
2019-11-03 18:31:14,951 - tdm - DEBUG - FrontendConnectionHandler(id=140230258813520, session='2019-11-03T18_30_59_0').on_event(Event(FACTS, [], sender=DmeModule, reason=None))
2019-11-03 18:31:14,952 - tdm - DEBUG - FrontendConnectionHandler(id=140230258813520, session='2019-11-03T18_30_59_0'): writing {"content": [], "_sender": "DmeModule", "_reason": null, "event_type": "FACTS"}
2019-11-03 18:31:14,952 - tdm - DEBUG - FrontendConnectionHandler(id=140230258813520, session='2019-11-03T18_30_59_0'): OK
2019-11-03 18:31:14,952 - tdm - DEBUG - FrontendConnectionHandler(id=140230258813520, session='2019-11-03T18_30_59_0').on_event(Event(FACTS, [], sender=DmeModule, reason=None))
2019-11-03 18:31:14,952 - tdm - DEBUG - FrontendConnectionHandler(id=140230258813520, session='2019-11-03T18_30_59_0'): writing {"content": [], "_sender": "DmeModule", "_reason": null, "event_type": "FACTS"}
2019-11-03 18:31:14,952 - tdm - DEBUG - FrontendConnectionHandler(id=140230258813520, session='2019-11-03T18_30_59_0'): OK
2019-11-03 18:31:14,952 - tdm - DEBUG - FrontendConnectionHandler(id=140230258813520, session='2019-11-03T18_30_59_0').on_event(Event(END_SYSTEM_TURN, {'passivity_duration': None, 'system_has_asked_question': True}, sender=DmeModule, reason=None))
2019-11-03 18:31:14,952 - tdm - DEBUG - FrontendConnectionHandler(id=140230258813520, session='2019-11-03T18_30_59_0'): writing {"content": {"passivity_duration": null, "system_has_asked_question": true}, "_sender": "DmeModule", "_reason": null, "event_type": "END_SYSTEM_TURN"}
2019-11-03 18:31:14,952 - tdm - DEBUG - FrontendConnectionHandler(id=140230258813520, session='2019-11-03T18_30_59_0'): OK
2019-11-03 18:31:14,953 - tdm - DEBUG - FrontendConnectionHandler(id=140230258813520, session='2019-11-03T18_30_59_0').on_event(Event(SYSTEM_UTTERANCE_TO_SPEAK, ['Returning to top.', 'Do you want to get a wine pairing or get a wine recommendation?'], sender=None, reason=None))
2019-11-03 18:31:14,953 - tdm - DEBUG - FrontendConnectionHandler(id=140230258813520, session='2019-11-03T18_30_59_0'): writing {"content": ["Returning to top.", "Do you want to get a wine pairing or get a wine recommendation?"], "_sender": null, "_reason": null, "event_type": "SYSTEM_UTTERANCE_TO_SPEAK"}
2019-11-03 18:31:14,953 - tdm - DEBUG - FrontendConnectionHandler(id=140230258813520, session='2019-11-03T18_30_59_0'): OK
2019-11-03 18:31:14,953 - tdm - DEBUG - FrontendConnectionHandler(id=140230258813520, session='2019-11-03T18_30_59_0').on_event(Event(MESSAGE_TO_GUI, [ClosePopup(), Screen(top, Top, [<tdm.nlg.tdm_gui_protocol.Element instance at 0x7f89e6d70368>])], sender=None, reason=None))
2019-11-03 18:31:14,953 - tdm - DEBUG - FrontendConnectionHandler(id=140230258813520, session='2019-11-03T18_30_59_0'): writing {"content": [{"ClosePopup": {}}, {"Screen": {"elements": [{"Element": {"name": "move", "title": "", "items": [{"Item": {"attributes": null, "selected": false, "predicted": false, "value": "request(get_wine_pairing)", "title": "Get a wine pairing"}}, {"Item": {"attributes": null, "selected": true, "predicted": false, "value": "request(get_wine_recommendation)", "title": "Get a wine recommendation"}}], "format": "", "voice_browsed": false, "value": "", "template": "menu", "type": "list"}}], "name": "top", "title": "Top"}}], "_sender": null, "_reason": null, "event_type": "MESSAGE_TO_GUI"}
2019-11-03 18:31:14,953 - tdm - DEBUG - FrontendConnectionHandler(id=140230258813520, session='2019-11-03T18_30_59_0'): OK
2019-11-03 18:31:17,062 - tdm - DEBUG - FrontendConnectionHandler(id=140230258813520, session='2019-11-03T18_30_59_0').on_close()
2019-11-03 18:31:17,063 - tdm - DEBUG - SessionManager.stop('2019-11-03T18_30_59_0')
2019-11-03 18:31:17,065 - tdm - DEBUG - TdmApplication.stop(): Stopping HTTP server
2019-11-03 18:31:17,066 - tdm - DEBUG - TdmApplication.stop(): Stopping IO-loop
2019-11-03 18:31:17,066 - tdm - DEBUG - TdmApplication.stop(): Stopping sessions []
