2019-09-20 13:44:59,054 - build - DEBUG - EntityDb(call_john): add_entity(sort=u'contact', grammar_entry='Andy', name=u'contact_andy')
2019-09-20 13:44:59,055 - build - DEBUG - EntityDb(call_john): add_entity returns u'contact_andy'
2019-09-20 13:44:59,055 - build - DEBUG - EntityDb(call_john): add_entity(sort=u'contact', grammar_entry="Andy's", name=u'contact_andy')
2019-09-20 13:44:59,055 - build - DEBUG - EntityDb(call_john): add_entity returns u'contact_andy'
2019-09-20 13:44:59,055 - build - DEBUG - EntityDb(call_john): add_entity(sort=u'phone_type', grammar_entry='mobile', name=u'mobile')
2019-09-20 13:44:59,055 - build - DEBUG - EntityDb(call_john): add_entity returns u'mobile'
2019-09-20 13:44:59,055 - build - DEBUG - EntityDb(call_john): add_entity(sort=u'contact', grammar_entry='Mary', name=u'contact_mary')
2019-09-20 13:44:59,055 - build - DEBUG - EntityDb(call_john): add_entity returns u'contact_mary'
2019-09-20 13:44:59,055 - build - DEBUG - EntityDb(call_john): add_entity(sort=u'contact', grammar_entry="Mary's", name=u'contact_mary')
2019-09-20 13:44:59,055 - build - DEBUG - EntityDb(call_john): add_entity returns u'contact_mary'
2019-09-20 13:44:59,055 - build - DEBUG - EntityDb(call_john): add_entity(sort=u'phone_type', grammar_entry='work', name=u'work')
2019-09-20 13:44:59,055 - build - DEBUG - EntityDb(call_john): add_entity returns u'work'
2019-09-20 13:44:59,055 - build - DEBUG - EntityDb(call_john): add_entity(sort=u'contact', grammar_entry='John', name=u'contact_john')
2019-09-20 13:44:59,055 - build - DEBUG - EntityDb(call_john): add_entity returns u'contact_john'
2019-09-20 13:44:59,055 - build - DEBUG - EntityDb(call_john): add_entity(sort=u'contact', grammar_entry="John's", name=u'contact_john')
2019-09-20 13:44:59,055 - build - DEBUG - EntityDb(call_john): add_entity returns u'contact_john'
2019-09-20 13:44:59,056 - build - DEBUG - EntityDb(call_john): add_entity(sort=u'contact', grammar_entry='Lisa', name=u'contact_lisa')
2019-09-20 13:44:59,056 - build - DEBUG - EntityDb(call_john): add_entity returns u'contact_lisa'
2019-09-20 13:44:59,056 - build - DEBUG - EntityDb(call_john): add_entity(sort=u'contact', grammar_entry="Lisa's", name=u'contact_lisa')
2019-09-20 13:44:59,056 - build - DEBUG - EntityDb(call_john): add_entity returns u'contact_lisa'
2019-09-20 13:44:59,056 - build - DEBUG - EntityDb(call_john): add_entity(sort=u'phone_type', grammar_entry='home', name=u'home')
2019-09-20 13:44:59,056 - build - DEBUG - EntityDb(call_john): add_entity returns u'home'
